2 1000
0.000000 0.000001 0.000000
1000.000000 9900.000000 0.000000

0.000000 0.000003 0.000000
1989.849609 9699.511719 0.000000

0.000000 0.000006 0.000000
2959.201172 9399.105469 0.000000

0.000001 0.000010 0.000000
3897.625000 9000.465820 0.000000

0.000002 0.000015 0.000000
4794.740723 8506.435547 0.000000

0.000004 0.000021 0.000000
5640.358398 7921.041992 0.000000

0.000006 0.000028 0.000000
6424.632324 7249.500488 0.000000

0.000009 0.000035 0.000000
7138.221191 6498.198730 0.000000

0.000012 0.000043 0.000000
7772.450195 5674.652832 0.000000

0.000017 0.000052 0.000000
8319.471680 4787.437012 0.000000

0.000022 0.000062 0.000000
8772.418945 3846.085938 0.000000

0.000029 0.000071 0.000000
9125.543945 2860.969971 0.000000

0.000036 0.000082 0.000000
9374.339844 1843.145508 0.000000

0.000045 0.000092 0.000000
9515.635742 804.184692 0.000000

0.000055 0.000102 0.000000
9547.664062 -244.010498 0.000000

0.000065 0.000113 0.000000
9470.100586 -1289.404785 0.000000

0.000077 0.000123 0.000000
9284.063477 -2320.029785 0.000000

0.000090 0.000133 0.000000
8992.084961 -3324.180908 0.000000

0.000104 0.000143 0.000000
8598.052734 -4290.604492 0.000000

0.000119 0.000152 0.000000
8107.115234 -5208.670898 0.000000

0.000135 0.000161 0.000000
7525.572266 -6068.524902 0.000000

0.000151 0.000169 0.000000
6860.739746 -6861.214844 0.000000

0.000169 0.000176 0.000000
6120.802246 -7578.794922 0.000000

0.000187 0.000182 0.000000
5314.659180 -8214.399414 0.000000

0.000205 0.000188 0.000000
4451.767578 -8762.291992 0.000000

0.000225 0.000192 0.000000
3541.984375 -9217.889648 0.000000

0.000244 0.000196 0.000000
2595.418945 -9577.762695 0.000000

0.000264 0.000198 0.000000
1622.291870 -9839.616211 0.000000

0.000284 0.000200 0.000000
632.807068 -10002.255859 0.000000

0.000304 0.000201 0.000000
-362.963745 -10065.538086 0.000000

0.000324 0.000200 0.000000
-1355.182373 -10030.310547 0.000000

0.000343 0.000199 0.000000
-2334.331055 -9898.347656 0.000000

0.000363 0.000197 0.000000
-3291.286865 -9672.279297 0.000000

0.000382 0.000194 0.000000
-4217.381836 -9355.518555 0.000000

0.000401 0.000190 0.000000
-5104.453613 -8952.191406 0.000000

0.000419 0.000185 0.000000
-5944.882812 -8467.062500 0.000000

0.000437 0.000179 0.000000
-6731.625000 -7905.469727 0.000000

0.000455 0.000173 0.000000
-7458.232910 -7273.256348 0.000000

0.000471 0.000166 0.000000
-8118.872070 -6576.710449 0.000000

0.000487 0.000158 0.000000
-8708.333008 -5822.506836 0.000000

0.000502 0.000150 0.000000
-9222.040039 -5017.652832 0.000000

0.000517 0.000142 0.000000
-9656.053711 -4169.438477 0.000000

0.000530 0.000133 0.000000
-10007.077148 -3285.389160 0.000000

0.000543 0.000124 0.000000
-10272.456055 -2373.222168 0.000000

0.000555 0.000114 0.000000
-10450.179688 -1440.804199 0.000000

0.000565 0.000105 0.000000
-10538.883789 -496.112854 0.000000

0.000575 0.000095 0.000000
-10537.851562 452.802795 0.000000

0.000584 0.000086 0.000000
-10447.015625 1397.859619 0.000000

0.000593 0.000077 0.000000
-10266.960938 2330.978516 0.000000

0.000600 0.000068 0.000000
-9998.928711 3244.123291 0.000000

0.000606 0.000059 0.000000
-9644.818359 4129.340332 0.000000

0.000612 0.000050 0.000000
-9207.192383 4978.800781 0.000000

0.000617 0.000042 0.000000
-8689.279297 5784.846191 0.000000

0.000621 0.000035 0.000000
-8094.976562 6540.035645 0.000000

0.000624 0.000028 0.000000
-7428.849609 7237.197754 0.000000

0.000627 0.000021 0.000000
-6696.131836 7869.486328 0.000000

0.000629 0.000016 0.000000
-5902.716797 8430.442383 0.000000

0.000631 0.000011 0.000000
-5055.149414 8914.055664 0.000000

0.000632 0.000007 0.000000
-4160.607910 9314.836914 0.000000

0.000632 0.000004 0.000000
-3226.880859 9627.888672 0.000000

0.000633 0.000002 0.000000
-2262.333496 9848.983398 0.000000

0.000633 0.000000 0.000000
-1275.863770 9974.640625 0.000000

0.000633 -0.000000 0.000000
-276.847046 10002.205078 0.000000

0.000633 0.000001 0.000000
724.933167 9929.928711 0.000000

0.000633 0.000002 0.000000
1719.368286 9757.041992 0.000000

0.000633 0.000005 0.000000
2696.123047 9483.822266 0.000000

0.000634 0.000009 0.000000
3644.748291 9111.655273 0.000000

0.000634 0.000014 0.000000
4554.809570 8643.080078 0.000000

0.000636 0.000019 0.000000
5416.026367 8081.819336 0.000000

0.000638 0.000026 0.000000
6218.425781 7432.791016 0.000000

0.000640 0.000033 0.000000
6952.500977 6702.095703 0.000000

0.000644 0.000041 0.000000
7609.373535 5896.978516 0.000000

0.000648 0.000050 0.000000
8180.957520 5025.765625 0.000000

0.000653 0.000059 0.000000
8660.113281 4097.771973 0.000000

0.000660 0.000069 0.000000
9040.791992 3123.181152 0.000000

0.000667 0.000079 0.000000
9318.160156 2112.901367 0.000000

0.000675 0.000089 0.000000
9488.702148 1078.398560 0.000000

0.000684 0.000100 0.000000
9550.293945 31.513550 0.000000

0.000695 0.000110 0.000000
9502.249023 -1015.733276 0.000000

0.000707 0.000121 0.000000
9345.324219 -2051.341553 0.000000

0.000719 0.000131 0.000000
9081.701172 -3063.529053 0.000000

0.000733 0.000140 0.000000
8714.930664 -4040.921875 0.000000

0.000748 0.000150 0.000000
8249.847656 -4972.729004 0.000000

0.000763 0.000158 0.000000
7692.463379 -5848.900391 0.000000

0.000780 0.000167 0.000000
7049.835938 -6660.257812 0.000000

0.000797 0.000174 0.000000
6329.926758 -7398.604004 0.000000

0.000815 0.000181 0.000000
5541.447266 -8056.803223 0.000000

0.000833 0.000186 0.000000
4693.702148 -8628.834961 0.000000

0.000852 0.000191 0.000000
3796.434082 -9109.824219 0.000000

0.000871 0.000195 0.000000
2859.672363 -9496.045898 0.000000

0.000891 0.000198 0.000000
1893.592529 -9784.911133 0.000000

0.000911 0.000200 0.000000
908.384949 -9974.936523 0.000000

0.000931 0.000201 0.000000
-85.862427 -10065.696289 0.000000

0.000951 0.000201 0.000000
-1079.267944 -10057.767578 0.000000

0.000971 0.000200 0.000000
-2062.246338 -9952.666992 0.000000

0.000990 0.000198 0.000000
-3025.584961 -9752.783203 0.000000

0.001010 0.000195 0.000000
-3960.507324 -9461.301758 0.000000

0.001029 0.000191 0.000000
-4858.725586 -9082.136719 0.000000

0.001047 0.000186 0.000000
-5712.480957 -8619.860352 0.000000

0.001065 0.000181 0.000000
-6514.577148 -8079.632812 0.000000

0.001083 0.000175 0.000000
-7258.403809 -7467.137207 0.000000

0.001099 0.000168 0.000000
-7937.955566 -6788.518066 0.000000

0.001115 0.000161 0.000000
-8547.844727 -6050.323730 0.000000

0.001131 0.000153 0.000000
-9083.309570 -5259.450684 0.000000

0.001145 0.000144 0.000000
-9540.222656 -4423.093750 0.000000

0.001159 0.000135 0.000000
-9915.091797 -3548.699463 0.000000

0.001172 0.000126 0.000000
-10205.065430 -2643.920166 0.000000

0.001184 0.000117 0.000000
-10407.932617 -1716.573486 0.000000

0.001195 0.000108 0.000000
-10522.127930 -774.602234 0.000000

0.001205 0.000098 0.000000
-10546.730469 173.964539 0.000000

0.001215 0.000089 0.000000
-10481.468750 1121.049072 0.000000

0.001223 0.000079 0.000000
-10326.723633 2058.562744 0.000000

0.001231 0.000070 0.000000
-10083.530273 2978.444824 0.000000

0.001238 0.000061 0.000000
-9753.583984 3872.702148 0.000000

0.001243 0.000053 0.000000
-9339.245117 4733.451172 0.000000

0.001248 0.000044 0.000000
-8843.541992 5552.961914 0.000000

0.001253 0.000037 0.000000
-8270.173828 6323.706055 0.000000

0.001256 0.000030 0.000000
-7623.512695 7038.407227 0.000000

0.001259 0.000023 0.000000
-6908.603516 7690.098633 0.000000

0.001261 0.000017 0.000000
-6131.158691 8272.179688 0.000000

0.001263 0.000012 0.000000
-5297.549316 8778.484375 0.000000

0.001264 0.000008 0.000000
-4414.791504 9203.345703 0.000000

0.001265 0.000005 0.000000
-3490.522949 9541.671875 0.000000

0.001265 0.000002 0.000000
-2532.973145 9789.020508 0.000000

0.001266 0.000001 0.000000
-1550.921875 9941.679688 0.000000

0.001266 0.000000 0.000000
-553.645996 9996.746094 0.000000

0.001266 0.000000 0.000000
449.146362 9952.206055 0.000000

0.001266 0.000002 0.000000
1447.396118 9807.010742 0.000000

0.001266 0.000004 0.000000
2430.788574 9561.148438 0.000000

0.001266 0.000008 0.000000
3388.863770 9215.704102 0.000000

0.001267 0.000012 0.000000
4311.142090 8772.913086 0.000000

0.001268 0.000018 0.000000
5187.262695 8236.193359 0.000000

0.001270 0.000024 0.000000
6007.133301 7610.162109 0.000000

0.001272 0.000031 0.000000
6761.090332 6900.627930 0.000000

0.001276 0.000039 0.000000
7440.062012 6114.560547 0.000000

0.001280 0.000047 0.000000
8035.730957 5260.031250 0.000000

0.001285 0.000057 0.000000
8540.693359 4346.127441 0.000000

0.001291 0.000066 0.000000
8948.604492 3382.836914 0.000000

0.001297 0.000076 0.000000
9254.310547 2380.909668 0.000000

0.001305 0.000086 0.000000
9453.954102 1351.695190 0.000000

0.001315 0.000097 0.000000
9545.057617 306.962036 0.000000

0.001325 0.000107 0.000000
9526.571289 -741.295410 0.000000

0.001336 0.000118 0.000000
9398.892578 -1781.056152 0.000000

0.001348 0.000128 0.000000
9163.847656 -2800.471680 0.000000

0.001362 0.000138 0.000000
8824.648438 -3788.057129 0.000000

0.001376 0.000147 0.000000
8385.808594 -4732.871582 0.000000

0.001391 0.000156 0.000000
7853.046387 -5624.676758 0.000000

0.001408 0.000165 0.000000
7233.154785 -6454.076172 0.000000

0.001425 0.000172 0.000000
6533.863281 -7212.627930 0.000000

0.001442 0.000179 0.000000
5763.687012 -7892.931152 0.000000

0.001461 0.000185 0.000000
4931.770508 -8488.685547 0.000000

0.001480 0.000190 0.000000
4047.731934 -8994.726562 0.000000

0.001499 0.000194 0.000000
3121.512451 -9407.034180 0.000000

0.001518 0.000197 0.000000
2163.233398 -9722.726562 0.000000

0.001538 0.000199 0.000000
1183.063477 -9940.030273 0.000000

0.001558 0.000201 0.000000
191.098999 -10058.236328 0.000000

0.001578 0.000201 0.000000
-802.742432 -10077.650391 0.000000

0.001598 0.000200 0.000000
-1788.814697 -9999.529297 0.000000

0.001618 0.000198 0.000000
-2757.821777 -9826.014648 0.000000

0.001637 0.000196 0.000000
-3700.884766 -9560.062500 0.000000

0.001656 0.000192 0.000000
-4609.595703 -9205.372070 0.000000

0.001675 0.000188 0.000000
-5476.060547 -8766.316406 0.000000

0.001693 0.000182 0.000000
-6292.935547 -8247.875000 0.000000

0.001711 0.000177 0.000000
-7053.451660 -7655.566406 0.000000

0.001728 0.000170 0.000000
-7751.435547 -6995.387695 0.000000

0.001744 0.000163 0.000000
-8381.323242 -6273.754883 0.000000

0.001759 0.000155 0.000000
-8938.171875 -5497.449219 0.000000

0.001774 0.000147 0.000000
-9417.665039 -4673.565430 0.000000

0.001788 0.000138 0.000000
-9816.118164 -3809.465576 0.000000

0.001801 0.000129 0.000000
-10130.484375 -2912.732910 0.000000

0.001814 0.000120 0.000000
-10358.354492 -1991.130859 0.000000

0.001825 0.000111 0.000000
-10497.961914 -1052.562500 0.000000

0.001835 0.000101 0.000000
-10548.181641 -105.031860 0.000000

0.001845 0.000092 0.000000
-10508.539062 843.393555 0.000000

0.001854 0.000082 0.000000
-10379.208984 1784.620850 0.000000

0.001862 0.000073 0.000000
-10161.021484 2710.569824 0.000000

0.001869 0.000064 0.000000
-9855.467773 3613.212891 0.000000

0.001875 0.000055 0.000000
-9464.705078 4484.616211 0.000000

0.001880 0.000047 0.000000
-8991.558594 5316.984375 0.000000

0.001884 0.000039 0.000000
-8439.527344 6102.706055 0.000000

0.001888 0.000032 0.000000
-7812.789551 6834.406250 0.000000

0.001891 0.000025 0.000000
-7116.198242 7505.000488 0.000000

0.001894 0.000019 0.000000
-6355.281250 8107.754883 0.000000

0.001895 0.000014 0.000000
-5536.233398 8636.348633 0.000000

0.001897 0.000009 0.000000
-4665.903809 9084.944336 0.000000

0.001898 0.000006 0.000000
-3751.774902 9448.258789 0.000000

0.001898 0.000003 0.000000
-2801.935059 9721.641602 0.000000

0.001898 0.000001 0.000000
-1825.039795 9901.152344 0.000000

0.001898 0.000000 0.000000
-830.261230 9983.642578 0.000000

0.001898 0.000000 0.000000
172.775024 9966.835938 0.000000

0.001898 0.000002 0.000000
1174.067017 9849.408203 0.000000

0.001898 0.000004 0.000000
2163.328857 9631.058594 0.000000

0.001899 0.000007 0.000000
3130.098389 9312.573242 0.000000

0.001899 0.000011 0.000000
4063.859863 8895.882812 0.000000

0.001900 0.000016 0.000000
4954.180176 8384.099609 0.000000

0.001902 0.000022 0.000000
5790.858398 7781.536133 0.000000

0.001904 0.000029 0.000000
6564.083496 7093.707031 0.000000

0.001907 0.000037 0.000000
7264.598145 6327.300293 0.000000

0.001911 0.000045 0.000000
7883.862305 5490.125977 0.000000

0.001916 0.000054 0.000000
8414.214844 4591.036133 0.000000

0.001922 0.000064 0.000000
8849.022461 3639.814209 0.000000

0.001928 0.000074 0.000000
9182.815430 2647.042480 0.000000

0.001936 0.000084 0.000000
9411.400391 1623.943481 0.000000

0.001945 0.000094 0.000000
9531.947266 582.202393 0.000000

0.001955 0.000105 0.000000
9543.044922 -466.223755 0.000000

0.001966 0.000115 0.000000
9444.728516 -1509.304443 0.000000

0.001978 0.000125 0.000000
9238.468750 -2535.135254 0.000000

0.001991 0.000135 0.000000
8927.132812 -3532.132080 0.000000

0.002005 0.000145 0.000000
8514.911133 -4489.211914 0.000000

0.002020 0.000154 0.000000
8007.220215 -5395.958984 0.000000

0.002036 0.000162 0.000000
7410.581543 -6242.765137 0.000000

0.002053 0.000170 0.000000
6732.485352 -7020.950195 0.000000

0.002070 0.000177 0.000000
5981.241211 -7722.853516 0.000000

0.002088 0.000183 0.000000
5165.825195 -8341.899414 0.000000

0.002107 0.000189 0.000000
4295.722168 -8872.634766 0.000000

0.002126 0.000193 0.000000
3380.776367 -9310.750000 0.000000

0.002146 0.000197 0.000000
2431.046387 -9653.068359 0.000000

0.002165 0.000199 0.000000
1456.670898 -9897.525391 0.000000

0.002185 0.000200 0.000000
467.746887 -10043.130859 0.000000

0.002205 0.000201 0.000000
-525.779602 -10089.915039 0.000000

0.002225 0.000200 0.000000
-1514.208374 -10038.872070 0.000000

0.002245 0.000199 0.000000
-2488.166992 -9891.894531 0.000000

0.002264 0.000197 0.000000
-3438.679199 -9651.704102 0.000000

0.002284 0.000193 0.000000
-4357.222168 -9321.782227 0.000000

0.002302 0.000189 0.000000
-5235.771973 -8906.299805 0.000000

0.002321 0.000184 0.000000
-6066.841309 -8410.050781 0.000000

0.002338 0.000178 0.000000
-6843.505859 -7838.384766 0.000000

0.002356 0.000172 0.000000
-7559.428223 -7197.145508 0.000000

0.002372 0.000165 0.000000
-8208.871094 -6492.613281 0.000000

0.002388 0.000157 0.000000
-8786.711914 -5731.448730 0.000000

0.002403 0.000149 0.000000
-9288.449219 -4920.642578 0.000000

0.002417 0.000141 0.000000
-9710.208008 -4067.467529 0.000000

0.002430 0.000132 0.000000
-10048.747070 -3179.432861 0.000000

0.002443 0.000123 0.000000
-10301.458984 -2264.242676 0.000000

0.002455 0.000113 0.000000
-10466.376953 -1329.755371 0.000000

0.002465 0.000104 0.000000
-10542.174805 -383.945312 0.000000

0.002475 0.000094 0.000000
-10528.172852 565.135254 0.000000

0.002484 0.000085 0.000000
-10424.340820 1509.393921 0.000000

0.002492 0.000076 0.000000
-10231.304688 2440.736328 0.000000

0.002500 0.000066 0.000000
-9950.349609 3351.105225 0.000000

0.002506 0.000058 0.000000
-9583.427734 4232.521973 0.000000

0.002511 0.000049 0.000000
-9133.161133 5077.129395 0.000000

0.002516 0.000041 0.000000
-8602.849609 5877.239746 0.000000

0.002520 0.000034 0.000000
-7996.471680 6625.383789 0.000000

0.002523 0.000027 0.000000
-7318.688477 7314.365234 0.000000

0.002526 0.000021 0.000000
-6574.839844 7937.320801 0.000000

0.002528 0.000015 0.000000
-5770.940430 8487.781250 0.000000

0.002529 0.000010 0.000000
-4913.668457 8959.743164 0.000000

0.002530 0.000007 0.000000
-4010.347168 9347.737305 0.000000

0.002531 0.000004 0.000000
-3068.918945 9646.907227 0.000000

0.002531 0.000001 0.000000
-2097.909180 9853.089844 0.000000

0.002531 0.000000 0.000000
-1106.379150 9962.896484 0.000000

0.002531 0.000000 0.000000
-103.864990 9973.791992 0.000000

0.002531 0.000001 0.000000
899.695862 9884.177734 0.000000

0.002531 0.000003 0.000000
1894.054443 9693.464844 0.000000

0.002531 0.000006 0.000000
2868.754639 9402.143555 0.000000

0.002532 0.000010 0.000000
3813.253662 9011.839844 0.000000

0.002533 0.000015 0.000000
4717.055664 8525.358398 0.000000

0.002534 0.000021 0.000000
5569.860352 7946.706055 0.000000

0.002536 0.000027 0.000000
6361.718262 7281.099121 0.000000

0.002539 0.000035 0.000000
7083.195312 6534.939453 0.000000

0.002543 0.000043 0.000000
7725.537598 5715.770508 0.000000

0.002547 0.000052 0.000000
8280.833984 4832.200684 0.000000

0.002553 0.000061 0.000000
8742.170898 3893.801514 0.000000

0.002559 0.000071 0.000000
9103.768555 2910.978027 0.000000

0.002566 0.000081 0.000000
9361.100586 1894.814941 0.000000

0.002575 0.000091 0.000000
9510.987305 856.903320 0.000000

0.002584 0.000102 0.000000
9551.658203 -190.848145 0.000000

0.002595 0.000112 0.000000
9482.787109 -1236.410889 0.000000

0.002607 0.000123 0.000000
9305.486328 -2267.835938 0.000000

0.002620 0.000133 0.000000
9022.276367 -3273.449951 0.000000

0.002634 0.000142 0.000000
8637.017578 -4242.038574 0.000000

0.002648 0.000152 0.000000
8154.820312 -5163.016113 0.000000

0.002664 0.000160 0.000000
7581.927246 -6026.572266 0.000000

0.002681 0.000168 0.000000
6925.582031 -6823.795410 0.000000

0.002698 0.000175 0.000000
6193.880859 -7546.770020 0.000000

0.002716 0.000182 0.000000
5395.621582 -8188.648926 0.000000

0.002735 0.000187 0.000000
4540.147949 -8743.696289 0.000000

0.002754 0.000192 0.000000
3637.198242 -9207.311523 0.000000

0.002773 0.000196 0.000000
2696.759766 -9576.026367 0.000000

0.002793 0.000198 0.000000
1728.932617 -9847.486328 0.000000

0.002813 0.000200 0.000000
743.806396 -10020.415039 0.000000

0.002832 0.000201 0.000000
-248.651794 -10094.568359 0.000000

0.002852 0.000201 0.000000
-1238.694824 -10070.675781 0.000000

0.002872 0.000200 0.000000
-2216.879883 -9950.377930 0.000000

0.002892 0.000197 0.000000
-3174.140137 -9736.159180 0.000000

0.002911 0.000194 0.000000
-4101.843262 -9431.279297 0.000000

0.002930 0.000190 0.000000
-4991.840332 -9039.703125 0.000000

0.002948 0.000186 0.000000
-5836.504883 -8566.033203 0.000000

0.002966 0.000180 0.000000
-6628.761719 -8015.447266 0.000000

0.002984 0.000174 0.000000
-7362.111816 -7393.631836 0.000000

0.003000 0.000167 0.000000
-8030.648926 -6706.726074 0.000000

0.003016 0.000160 0.000000
-8629.073242 -5961.265625 0.000000

0.003032 0.000152 0.000000
-9152.699219 -5164.132324 0.000000

0.003046 0.000143 0.000000
-9597.464844 -4322.504883 0.000000

0.003060 0.000134 0.000000
-9959.935547 -3443.813232 0.000000

0.003072 0.000125 0.000000
-10237.308594 -2535.697510 0.000000

0.003084 0.000116 0.000000
-10427.416992 -1605.967041 0.000000

0.003095 0.000107 0.000000
-10528.733398 -662.561279 0.000000

0.003105 0.000097 0.000000
-10540.374023 286.487671 0.000000

0.003115 0.000088 0.000000
-10462.105469 1233.092896 0.000000

0.003123 0.000078 0.000000
-10294.346680 2169.150635 0.000000

0.003130 0.000069 0.000000
-10038.177734 3086.579102 0.000000

0.003137 0.000060 0.000000
-9695.344727 3977.359863 0.000000

0.003143 0.000052 0.000000
-9268.266602 4833.580078 0.000000

0.003148 0.000044 0.000000
-8760.040039 5647.479980 0.000000

0.003152 0.000036 0.000000
-8174.444336 6411.500977 0.000000

0.003155 0.000029 0.000000
-7515.944336 7118.340820 0.000000

0.003158 0.000022 0.000000
-6789.690430 7761.011230 0.000000

0.003160 0.000017 0.000000
-6001.514648 8332.901367 0.000000

0.003162 0.000012 0.000000
-5157.919922 8827.843750 0.000000

0.003163 0.000008 0.000000
-4266.065430 9240.189453 0.000000

0.003163 0.000004 0.000000
-3333.743164 9564.882812 0.000000

0.003164 0.000002 0.000000
-2369.343018 9797.541016 0.000000

0.003164 0.000001 0.000000
-1381.808838 9934.537109 0.000000

0.003164 0.000000 0.000000
-380.580811 9973.082031 0.000000

0.003164 0.000001 0.000000
624.475586 9911.305664 0.000000

0.003164 0.000003 0.000000
1623.156128 9748.334961 0.000000

0.003164 0.000005 0.000000
2605.019531 9484.363281 0.000000

0.003164 0.000009 0.000000
3559.504639 9120.712891 0.000000

0.003165 0.000013 0.000000
4476.062500 8659.878906 0.000000

0.003167 0.000019 0.000000
5344.301758 8105.562500 0.000000

0.003168 0.000025 0.000000
6154.144531 7462.677734 0.000000

0.003171 0.000033 0.000000
6895.988770 6737.336426 0.000000

0.003174 0.000041 0.000000
7560.875977 5936.808594 0.000000

0.003179 0.000049 0.000000
8140.654297 5069.453125 0.000000

0.003184 0.000059 0.000000
8628.134766 4144.620605 0.000000

0.003190 0.000068 0.000000
9017.233398 3172.529297 0.000000

0.003197 0.000078 0.000000
9303.096680 2164.116699 0.000000

0.003205 0.000089 0.000000
9482.198242 1130.868896 0.000000

0.003214 0.000099 0.000000
9552.412109 84.634766 0.000000

0.003225 0.000110 0.000000
9513.047852 -962.570190 0.000000

0.003236 0.000120 0.000000
9364.859375 -1998.763916 0.000000

0.003249 0.000130 0.000000
9110.016602 -3012.194092 0.000000

0.003262 0.000140 0.000000
8752.046875 -3991.525879 0.000000

0.003277 0.000149 0.000000
8295.748047 -4926.012695 0.000000

0.003293 0.000158 0.000000
7747.078125 -5805.649902 0.000000

0.003309 0.000166 0.000000
7113.025391 -6621.301270 0.000000

0.003326 0.000174 0.000000
6401.465332 -7364.803223 0.000000

0.003344 0.000180 0.000000
5621.009277 -8029.041016 0.000000

0.003362 0.000186 0.000000
4780.850586 -8608.000000 0.000000

0.003381 0.000191 0.000000
3890.613281 -9096.791016 0.000000

0.003400 0.000195 0.000000
2960.204102 -9491.655273 0.000000

0.003420 0.000198 0.000000
1999.676880 -9789.948242 0.000000

0.003440 0.000200 0.000000
1019.105347 -9990.108398 0.000000

0.003460 0.000201 0.000000
28.469971 -10091.614258 0.000000

0.003480 0.000201 0.000000
-962.442383 -10094.928711 0.000000

0.003499 0.000200 0.000000
-1944.125366 -10001.438477 0.000000

0.003519 0.000198 0.000000
-2907.427002 -9813.386719 0.000000

0.003538 0.000195 0.000000
-3843.611572 -9533.807617 0.000000

0.003557 0.000192 0.000000
-4744.410156 -9166.456055 0.000000

0.003576 0.000187 0.000000
-5602.061523 -8715.741211 0.000000

0.003594 0.000182 0.000000
-6409.343750 -8186.662109 0.000000

0.003612 0.000176 0.000000
-7159.600586 -7584.744629 0.000000

0.003628 0.000169 0.000000
-7846.759766 -6915.981934 0.000000

0.003645 0.000162 0.000000
-8465.346680 -6186.781250 0.000000

0.003660 0.000154 0.000000
-9010.495117 -5403.909180 0.000000

0.003675 0.000146 0.000000
-9477.957031 -4574.445801 0.000000

0.003689 0.000137 0.000000
-9864.106445 -3705.737793 0.000000

0.003702 0.000128 0.000000
-10165.946289 -2805.356445 0.000000

0.003714 0.000119 0.000000
-10381.111328 -1881.056396 0.000000

0.003725 0.000109 0.000000
-10507.873047 -940.737793 0.000000

0.003735 0.000100 0.000000
-10545.145508 7.592468 0.000000

0.003745 0.000090 0.000000
-10492.490234 955.857971 0.000000

0.003754 0.000081 0.000000
-10350.121094 1895.950684 0.000000

0.003761 0.000072 0.000000
-10118.912109 2819.769531 0.000000

0.003768 0.000063 0.000000
-9800.403320 3719.261230 0.000000

0.003774 0.000054 0.000000
-9396.808594 4586.462402 0.000000

0.003779 0.000046 0.000000
-8911.020508 5413.545898 0.000000

0.003783 0.000038 0.000000
-8346.617188 6192.870117 0.000000

0.003787 0.000031 0.000000
-7707.865723 6917.030762 0.000000

0.003790 0.000024 0.000000
-6999.724121 7578.920898 0.000000

0.003792 0.000018 0.000000
-6227.837402 8171.791504 0.000000

0.003794 0.000013 0.000000
-5398.530762 8689.319336 0.000000

0.003795 0.000009 0.000000
-4518.795410 9125.678711 0.000000

0.003796 0.000005 0.000000
-3596.267334 9475.618164 0.000000

0.003796 0.000003 0.000000
-2639.195801 9734.541016 0.000000

0.003797 0.000001 0.000000
-1656.401367 9898.585938 0.000000

0.003797 0.000000 0.000000
-657.221497 9964.712891 0.000000

0.003797 0.000001 0.000000
348.557617 9930.784180 0.000000

0.003796 0.000002 0.000000
1350.784424 9795.643555 0.000000

0.003797 0.000004 0.000000
2339.040527 9559.190430 0.000000

0.003797 0.000008 0.000000
3302.755615 9222.443359 0.000000

0.003798 0.000012 0.000000
4231.336426 8787.588867 0.000000

0.003799 0.000017 0.000000
5114.310547 8258.018555 0.000000

0.003801 0.000024 0.000000
5941.480469 7638.342285 0.000000

0.003803 0.000031 0.000000
6703.086914 6934.376953 0.000000

0.003806 0.000038 0.000000
7389.974121 6153.114258 0.000000

0.003810 0.000047 0.000000
7993.756836 5302.656250 0.000000

0.003815 0.000056 0.000000
8506.978516 4392.125000 0.000000

0.003821 0.000066 0.000000
8923.258789 3431.543213 0.000000

0.003828 0.000076 0.000000
9237.420898 2431.690430 0.000000

0.003836 0.000086 0.000000
9445.596680 1403.937500 0.000000

0.003845 0.000096 0.000000
9545.302734 360.062378 0.000000

0.003855 0.000107 0.000000
9535.488281 -687.943970 0.000000

0.003866 0.000117 0.000000
9416.546875 -1728.077271 0.000000

0.003878 0.000127 0.000000
9190.295898 -2748.517578 0.000000

0.003891 0.000137 0.000000
8859.924805 -3737.818848 0.000000

0.003906 0.000147 0.000000
8429.914062 -4685.084473 0.000000

0.003921 0.000156 0.000000
7905.929688 -5580.122559 0.000000

0.003937 0.000164 0.000000
7294.698242 -6413.580078 0.000000

0.003954 0.000172 0.000000
6603.866211 -7177.051758 0.000000

0.003972 0.000179 0.000000
5841.850098 -7863.160645 0.000000

0.003990 0.000185 0.000000
5017.684082 -8465.616211 0.000000

0.004009 0.000190 0.000000
4140.868652 -8979.243164 0.000000

0.004028 0.000194 0.000000
3221.221924 -9399.993164 0.000000

0.004047 0.000197 0.000000
2268.742676 -9724.932617 0.000000

0.004067 0.000200 0.000000
1293.480957 -9952.214844 0.000000

0.004087 0.000201 0.000000
305.422791 -10081.040039 0.000000

0.004107 0.000201 0.000000
-685.612427 -10111.601562 0.000000

0.004127 0.000200 0.000000
-1670.061523 -10045.029297 0.000000

0.004146 0.000199 0.000000
-2638.693848 -9883.323242 0.000000

0.004166 0.000196 0.000000
-3582.675537 -9629.288086 0.000000

0.004185 0.000193 0.000000
-4493.623047 -9286.464844 0.000000

0.004204 0.000189 0.000000
-5363.645020 -8859.065430 0.000000

0.004222 0.000184 0.000000
-6185.376953 -8351.907227 0.000000

0.004240 0.000178 0.000000
-6952.009277 -7770.349609 0.000000

0.004257 0.000171 0.000000
-7657.305664 -7120.236328 0.000000

0.004273 0.000164 0.000000
-8295.621094 -6407.839355 0.000000

0.004289 0.000156 0.000000
-8861.911133 -5639.807617 0.000000

0.004304 0.000148 0.000000
-9351.743164 -4823.117188 0.000000

0.004318 0.000140 0.000000
-9761.302734 -3965.026611 0.000000

0.004331 0.000131 0.000000
-10087.398438 -3073.033203 0.000000

0.004343 0.000122 0.000000
-10327.468750 -2154.833008 0.000000

0.004355 0.000112 0.000000
-10479.585938 -1218.281372 0.000000

0.004365 0.000103 0.000000
-10542.461914 -271.355164 0.000000

0.004375 0.000093 0.000000
-10515.453125 677.884583 0.000000

0.004384 0.000084 0.000000
-10398.569336 1621.330444 0.000000

0.004392 0.000074 0.000000
-10192.477539 2550.867188 0.000000

0.004399 0.000065 0.000000
-9898.510742 3458.411377 0.000000

0.004405 0.000057 0.000000
-9518.675781 4335.954590 0.000000

0.004411 0.000048 0.000000
-9055.662109 5175.607910 0.000000

0.004415 0.000040 0.000000
-8512.843750 5969.650391 0.000000

0.004419 0.000033 0.000000
-7894.289062 6710.583008 0.000000

0.004422 0.000026 0.000000
-7204.760742 7391.183594 0.000000

0.004424 0.000020 0.000000
-6449.714355 8004.570801 0.000000

0.004426 0.000015 0.000000
-5635.292969 8544.269531 0.000000

0.004428 0.000010 0.000000
-4768.316406 9004.284180 0.000000

0.004429 0.000006 0.000000
-3856.260254 9379.171875 0.000000

0.004429 0.000003 0.000000
-2907.227539 9664.125977 0.000000

0.004429 0.000001 0.000000
-1929.909912 9855.055664 0.000000

0.004429 0.000001 0.000000
-933.535706 9948.673828 0.000000

0.004429 0.000001 0.000000
72.195251 9942.577148 0.000000

0.004429 0.000002 0.000000
1077.191772 9835.330078 0.000000

0.004429 0.000004 0.000000
2071.066895 9626.539062 0.000000

0.004430 0.000007 0.000000
3043.249756 9316.918945 0.000000

0.004430 0.000011 0.000000
3983.111816 8908.349609 0.000000

0.004431 0.000016 0.000000
4880.108887 8403.911133 0.000000

0.004433 0.000022 0.000000
5723.933594 7807.905273 0.000000

0.004435 0.000029 0.000000
6504.677246 7125.851562 0.000000

0.004438 0.000036 0.000000
7212.997070 6364.458008 0.000000

0.004442 0.000045 0.000000
7840.283203 5531.563477 0.000000

0.004446 0.000054 0.000000
8378.819336 4636.053223 0.000000

0.004452 0.000063 0.000000
8821.933594 3687.745361 0.000000

0.004458 0.000073 0.000000
9164.132812 2697.252686 0.000000

0.004466 0.000083 0.000000
9401.208984 1675.819580 0.000000

0.004475 0.000094 0.000000
9530.327148 635.142334 0.000000

0.004484 0.000104 0.000000
9550.075195 -412.823853 0.000000

0.004495 0.000115 0.000000
9460.485352 -1456.063599 0.000000

0.004507 0.000125 0.000000
9263.020508 -2482.700195 0.000000

0.004520 0.000135 0.000000
8960.528320 -3481.187012 0.000000

0.004534 0.000144 0.000000
8557.166992 -4440.485840 0.000000

0.004549 0.000154 0.000000
8058.305176 -5350.227539 0.000000

0.004565 0.000162 0.000000
7470.400391 -6200.850098 0.000000

0.004582 0.000170 0.000000
6800.861328 -6983.711914 0.000000

0.004599 0.000177 0.000000
6057.902344 -7691.179688 0.000000

0.004617 0.000183 0.000000
5250.390625 -8316.690430 0.000000

0.004636 0.000189 0.000000
4387.693359 -8854.786133 0.000000

0.004655 0.000193 0.000000
3479.532227 -9301.131836 0.000000

0.004675 0.000197 0.000000
2535.841797 -9652.503906 0.000000

0.004694 0.000199 0.000000
1566.640625 -9906.771484 0.000000

0.004714 0.000201 0.000000
581.912659 -10062.853516 0.000000

0.004734 0.000201 0.000000
-408.497498 -10120.673828 0.000000

0.004754 0.000201 0.000000
-1394.976562 -10081.103516 0.000000

0.004774 0.000199 0.000000
-2368.221680 -9945.895508 0.000000

0.004793 0.000197 0.000000
-3319.307129 -9717.622070 0.000000

0.004812 0.000194 0.000000
-4239.739258 -9399.608398 0.000000

0.004831 0.000190 0.000000
-5121.501953 -8995.863281 0.000000

0.004850 0.000185 0.000000
-5957.092773 -8511.018555 0.000000

0.004867 0.000180 0.000000
-6739.551758 -7950.262695 0.000000

0.004885 0.000173 0.000000
-7462.483398 -7319.286133 0.000000

0.004901 0.000166 0.000000
-8120.073730 -6624.222168 0.000000

0.004917 0.000159 0.000000
-8707.103516 -5871.596191 0.000000

0.004932 0.000151 0.000000
-9218.958008 -5068.276367 0.000000

0.004947 0.000142 0.000000
-9651.635742 -4221.427734 0.000000

0.004960 0.000133 0.000000
-10001.754883 -3338.469238 0.000000

0.004973 0.000124 0.000000
-10266.556641 -2427.033203 0.000000

0.004984 0.000115 0.000000
-10443.916016 -1494.925415 0.000000

0.004995 0.000106 0.000000
-10532.342773 -550.087952 0.000000

0.005005 0.000096 0.000000
-10530.990234 399.438538 0.000000

0.005014 0.000087 0.000000
-10439.662109 1345.552246 0.000000

0.005023 0.000077 0.000000
-10258.819336 2280.128418 0.000000

0.005030 0.000068 0.000000
-9989.588867 3195.059570 0.000000

0.005036 0.000059 0.000000
-9633.770508 4082.296631 0.000000

0.005042 0.000051 0.000000
-9193.846680 4933.894043 0.000000

0.005047 0.000043 0.000000
-8672.988281 5742.057617 0.000000

0.005051 0.000035 0.000000
-8075.061523 6499.197266 0.000000

0.005054 0.000028 0.000000
-7404.631348 7197.982422 0.000000

0.005057 0.000022 0.000000
-6666.961426 7831.404785 0.000000

0.005059 0.000016 0.000000
-5868.010254 8392.842773 0.000000

0.005060 0.000011 0.000000
-5014.421387 8876.133789 0.000000

0.005061 0.000007 0.000000
-4113.505371 9275.650391 0.000000

0.005062 0.000004 0.000000
-3173.214600 9586.379883 0.000000

0.005062 0.000002 0.000000
-2202.105957 9804.007812 0.000000

0.005062 0.000001 0.000000
-1209.291992 9925.001953 0.000000

0.005062 0.000001 0.000000
-204.379272 9946.698242 0.000000

0.005062 0.000001 0.000000
802.609009 9867.383789 0.000000

0.005062 0.000003 0.000000
1801.325439 9686.374023 0.000000

0.005062 0.000006 0.000000
2781.207275 9404.083008 0.000000

0.005063 0.000010 0.000000
3731.600098 9022.081055 0.000000

0.005064 0.000015 0.000000
4641.896973 8543.136719 0.000000

0.005065 0.000020 0.000000
5501.689941 7971.243164 0.000000

0.005067 0.000027 0.000000
6300.931152 7311.617676 0.000000

0.005070 0.000034 0.000000
7030.099609 6570.679688 0.000000

0.005073 0.000042 0.000000
7680.368652 5755.998535 0.000000

0.005078 0.000051 0.000000
8243.770508 4876.215332 0.000000

0.005083 0.000061 0.000000
8713.349609 3940.935547 0.000000

0.005089 0.000070 0.000000
9083.299805 2960.594971 0.000000

0.005097 0.000081 0.000000
9349.081055 1946.301514 0.000000

0.005105 0.000091 0.000000
9507.506836 909.658569 0.000000

0.005114 0.000101 0.000000
9556.805664 -137.425415 0.000000

0.005125 0.000112 0.000000
9496.648438 -1182.935425 0.000000

0.005137 0.000122 0.000000
9328.140625 -2214.948975 0.000000

0.005149 0.000132 0.000000
9053.786133 -3221.829346 0.000000

0.005163 0.000142 0.000000
8677.416016 -4192.407227 0.000000

0.005178 0.000151 0.000000
8204.094727 -5116.144043 0.000000

0.005194 0.000160 0.000000
7640.004395 -5983.276367 0.000000

0.005210 0.000168 0.000000
6992.309570 -6784.933594 0.000000

0.005227 0.000175 0.000000
6269.013184 -7513.231445 0.000000

0.005245 0.000182 0.000000
5478.805664 -8161.338379 0.000000

0.005264 0.000187 0.000000
4630.914551 -8723.518555 0.000000

0.005283 0.000192 0.000000
3734.955322 -9195.149414 0.000000

0.005302 0.000196 0.000000
2800.790527 -9572.721680 0.000000

0.005322 0.000199 0.000000
1838.398560 -9853.817383 0.000000

0.005341 0.000200 0.000000
857.753540 -10037.076172 0.000000

0.005361 0.000201 0.000000
-131.282166 -10122.149414 0.000000

0.005381 0.000201 0.000000
-1119.052246 -10109.646484 0.000000

0.005401 0.000200 0.000000
-2096.187988 -10001.072266 0.000000

0.005421 0.000198 0.000000
-3053.677246 -9798.763672 0.000000

0.005440 0.000195 0.000000
-3982.922363 -9505.824219 0.000000

0.005459 0.000191 0.000000
-4875.787109 -9126.057617 0.000000

0.005477 0.000187 0.000000
-5724.635742 -8663.905273 0.000000

0.005495 0.000181 0.000000
-6522.361816 -8124.382324 0.000000

0.005513 0.000175 0.000000
-7262.414062 -7513.020020 0.000000

0.005529 0.000168 0.000000
-7938.813477 -6835.808594 0.000000

0.005545 0.000161 0.000000
-8546.167969 -6099.145020 0.000000

0.005561 0.000153 0.000000
-9079.684570 -5309.785156 0.000000

0.005575 0.000145 0.000000
-9535.175781 -4474.796387 0.000000

0.005589 0.000136 0.000000
-9909.069336 -3601.514648 0.000000

0.005602 0.000127 0.000000
-10198.414062 -2697.503174 0.000000

0.005614 0.000118 0.000000
-10400.886719 -1770.513794 0.000000

0.005625 0.000108 0.000000
-10514.796875 -828.448669 0.000000

0.005635 0.000099 0.000000
-10539.094727 120.676880 0.000000

0.005645 0.000089 0.000000
-10473.379883 1068.771729 0.000000

0.005653 0.000080 0.000000
-10317.906250 2007.707031 0.000000

0.005661 0.000071 0.000000
-10073.592773 2929.355469 0.000000

0.005667 0.000062 0.000000
-9742.032227 3825.633057 0.000000

0.005673 0.000053 0.000000
-9325.500000 4688.542969 0.000000

0.005678 0.000045 0.000000
-8826.961914 5510.222656 0.000000

0.005683 0.000037 0.000000
-8250.080078 6282.997070 0.000000

0.005686 0.000030 0.000000
-7599.220703 6999.431641 0.000000

0.005689 0.000023 0.000000
-6879.452148 7652.395996 0.000000

0.005691 0.000018 0.000000
-6096.544922 8235.127930 0.000000

0.005693 0.000013 0.000000
-5256.962402 8741.303711 0.000000

0.005694 0.000008 0.000000
-4367.846680 9165.116211 0.000000

0.005694 0.000005 0.000000
-3436.993896 9501.350586 0.000000

0.005695 0.000003 0.000000
-2472.820312 9745.472656 0.000000

0.005695 0.000001 0.000000
-1484.317139 9893.710938 0.000000

0.005695 0.000001 0.000000
-480.990479 9943.143555 0.000000

0.005695 0.000001 0.000000
527.211975 9891.783203 0.000000

0.005695 0.000003 0.000000
1529.990479 9738.656250 0.000000

0.005695 0.000005 0.000000
2516.799072 9483.876953 0.000000

0.005695 0.000009 0.000000
3476.966309 9128.707031 0.000000

0.005696 0.000013 0.000000
4399.832031 8675.603516 0.000000

0.005697 0.000019 0.000000
5274.897949 8128.247070 0.000000

0.005699 0.000025 0.000000
6091.985352 7491.550293 0.000000

0.005702 0.000032 0.000000
6841.404297 6771.638672 0.000000

0.005705 0.000040 0.000000
7514.121094 5975.807129 0.000000

0.005709 0.000049 0.000000
8101.924316 5112.445801 0.000000

0.005714 0.000058 0.000000
8597.581055 4190.938477 0.000000

0.005720 0.000068 0.000000
8994.979492 3221.534424 0.000000

0.005727 0.000078 0.000000
9289.249023 2215.194824 0.000000

0.005735 0.000088 0.000000
9476.856445 1183.419800 0.000000

0.005744 0.000099 0.000000
9555.672852 138.059570 0.000000

0.005755 0.000109 0.000000
9525.007812 -908.882446 0.000000

0.005766 0.000119 0.000000
9385.609375 -1945.448975 0.000000

0.005779 0.000130 0.000000
9139.631836 -2959.923828 0.000000

0.005792 0.000139 0.000000
8790.575195 -3941.016113 0.000000

0.005807 0.000149 0.000000
8343.196289 -4878.027832 0.000000

0.005822 0.000158 0.000000
7803.393066 -5761.001953 0.000000

0.005838 0.000166 0.000000
7178.078613 -6580.845703 0.000000

0.005855 0.000173 0.000000
6475.037109 -7329.429199 0.000000

0.005873 0.000180 0.000000
5702.774414 -7999.657715 0.000000

0.005891 0.000186 0.000000
4870.368652 -8585.519531 0.000000

0.005910 0.000191 0.000000
3987.320801 -9082.109375 0.000000

0.005929 0.000195 0.000000
3063.412842 -9485.629883 0.000000

0.005949 0.000198 0.000000
2108.575195 -9793.378906 0.000000

0.005969 0.000200 0.000000
1132.764038 -10003.714844 0.000000

0.005989 0.000201 0.000000
145.852112 -10116.016602 0.000000

0.006008 0.000201 0.000000
-842.468201 -10130.629883 0.000000

0.006028 0.000200 0.000000
-1822.768799 -10048.807617 0.000000

0.006048 0.000199 0.000000
-2785.957520 -9872.648438 0.000000

0.006067 0.000196 0.000000
-3723.337646 -9605.031250 0.000000

0.006086 0.000192 0.000000
-4626.658203 -9249.551758 0.000000

0.006105 0.000188 0.000000
-5488.154297 -8810.457031 0.000000

0.006123 0.000183 0.000000
-6300.578125 -8292.583008 0.000000

0.006141 0.000177 0.000000
-7057.225098 -7701.298340 0.000000

0.006158 0.000170 0.000000
-7751.955078 -7042.445801 0.000000

0.006174 0.000163 0.000000
-8379.206055 -6322.291016 0.000000

0.006189 0.000155 0.000000
-8934.007812 -5547.471680 0.000000

0.006204 0.000147 0.000000
-9411.991211 -4724.952637 0.000000

0.006218 0.000139 0.000000
-9809.395508 -3861.981934 0.000000

0.006231 0.000130 0.000000
-10123.078125 -2966.049316 0.000000

0.006244 0.000120 0.000000
-10350.517578 -2044.847900 0.000000

0.006255 0.000111 0.000000
-10489.825195 -1106.235107 0.000000

0.006265 0.000102 0.000000
-10539.749023 -158.196167 0.000000

0.006275 0.000092 0.000000
-10499.683594 791.193481 0.000000

0.006284 0.000083 0.000000
-10369.676758 1733.805664 0.000000

0.006292 0.000073 0.000000
-10150.441406 2661.498779 0.000000

0.006298 0.000064 0.000000
-9843.361328 3566.158691 0.000000

0.006305 0.000056 0.000000
-9450.503906 4439.742188 0.000000

0.006310 0.000047 0.000000
-8974.627930 5274.324707 0.000000

0.006314 0.000039 0.000000
-8419.191406 6062.149902 0.000000

0.006318 0.000032 0.000000
-7788.357422 6795.686035 0.000000

0.006321 0.000025 0.000000
-7086.998047 7467.686035 0.000000

0.006323 0.000019 0.000000
-6320.692871 8071.250977 0.000000

0.006325 0.000014 0.000000
-5495.721680 8599.902344 0.000000

0.006326 0.000010 0.000000
-4619.053711 9047.657227 0.000000

0.006327 0.000006 0.000000
-3698.323975 9409.105469 0.000000

0.006327 0.000003 0.000000
-2741.803467 9679.496094 0.000000

0.006328 0.000001 0.000000
-1758.355103 9854.822266 0.000000

0.006328 0.000001 0.000000
-757.378174 9931.909180 0.000000

0.006327 0.000001 0.000000
251.262512 9908.498047 0.000000

0.006327 0.000002 0.000000
1257.322876 9783.330078 0.000000

0.006327 0.000004 0.000000
2250.281982 9556.219727 0.000000

0.006328 0.000008 0.000000
3219.460449 9228.121094 0.000000

0.006328 0.000012 0.000000
4154.154785 8801.177734 0.000000

0.006330 0.000017 0.000000
5043.784668 8278.758789 0.000000

0.006331 0.000023 0.000000
5878.051270 7665.467773 0.000000

0.006334 0.000030 0.000000
6647.104980 6967.133301 0.000000

0.006337 0.000038 0.000000
7341.713379 6190.769531 0.000000

0.006340 0.000047 0.000000
7953.429199 5344.507812 0.000000

0.006345 0.000056 0.000000
8474.750000 4437.502930 0.000000

0.006351 0.000065 0.000000
8899.264648 3479.808838 0.000000

0.006358 0.000075 0.000000
9221.778320 2482.229980 0.000000

0.006366 0.000085 0.000000
9438.414062 1456.151978 0.000000

0.006375 0.000096 0.000000
9546.687500 413.355835 0.000000

0.006385 0.000106 0.000000
9545.545898 -634.177734 0.000000

0.006396 0.000117 0.000000
9435.378906 -1674.467896 0.000000

0.006408 0.000127 0.000000
9217.990234 -2695.729736 0.000000

0.006421 0.000137 0.000000
8896.544922 -3686.561035 0.000000

0.006435 0.000146 0.000000
8475.484375 -4636.113281 0.000000

0.006450 0.000155 0.000000
7960.418457 -5534.244629 0.000000

0.006466 0.000164 0.000000
7358.000977 -6371.647461 0.000000

0.006483 0.000171 0.000000
6675.789062 -7139.952148 0.000000

0.006501 0.000178 0.000000
5922.096191 -7831.805664 0.000000

0.006519 0.000184 0.000000
5105.842285 -8440.923828 0.000000

0.006538 0.000190 0.000000
4236.405273 -8962.121094 0.000000

0.006557 0.000194 0.000000
3323.478516 -9391.315430 0.000000

0.006576 0.000197 0.000000
2376.935791 -9725.518555 0.000000

0.006596 0.000200 0.000000
1406.707520 -9962.809570 0.000000

0.006616 0.000201 0.000000
422.669128 -10102.291992 0.000000

0.006636 0.000201 0.000000
-565.458069 -10144.045898 0.000000

0.006655 0.000201 0.000000
-1548.193237 -10089.070312 0.000000

0.006675 0.000199 0.000000
-2516.370117 -9939.223633 0.000000

0.006695 0.000197 0.000000
-3461.199219 -9697.157227 0.000000

0.006714 0.000194 0.000000
-4374.319824 -9366.253906 0.000000

0.006732 0.000190 0.000000
-5247.841797 -8950.562500 0.000000

0.006751 0.000185 0.000000
-6074.380371 -8454.737305 0.000000

0.006768 0.000179 0.000000
-6847.082520 -7883.979492 0.000000

0.006786 0.000172 0.000000
-7559.649414 -7243.979980 0.000000

0.006802 0.000165 0.000000
-8206.352539 -6540.867188 0.000000

0.006818 0.000158 0.000000
-8782.047852 -5781.157715 0.000000

0.006833 0.000150 0.000000
-9282.185547 -4971.708984 0.000000

0.006847 0.000141 0.000000
-9702.819336 -4119.676758 0.000000

0.006860 0.000132 0.000000
-10040.614258 -3232.472412 0.000000

0.006873 0.000123 0.000000
-10292.856445 -2317.725342 0.000000

0.006885 0.000114 0.000000
-10457.458008 -1383.243408 0.000000

0.006895 0.000104 0.000000
-10532.965820 -436.976746 0.000000

0.006905 0.000095 0.000000
-10518.569336 513.019714 0.000000

0.006914 0.000085 0.000000
-10414.112305 1458.623657 0.000000

0.006922 0.000076 0.000000
-10220.097656 2391.684082 0.000000

0.006929 0.000067 0.000000
-9937.703125 3304.062012 0.000000

0.006936 0.000058 0.000000
-9568.787109 4187.673340 0.000000

0.006941 0.000050 0.000000
-9115.899414 5034.535645 0.000000

0.006946 0.000042 0.000000
-8582.292969 5836.818359 0.000000

0.006950 0.000034 0.000000
-7971.926270 6586.896973 0.000000

0.006953 0.000027 0.000000
-7289.472168 7277.412109 0.000000

0.006955 0.000021 0.000000
-6540.315918 7901.335938 0.000000

0.006957 0.000015 0.000000
-5730.551270 8452.039062 0.000000

0.006959 0.000011 0.000000
-4866.969727 8923.367188 0.000000

0.006960 0.000007 0.000000
-3957.041260 9309.720703 0.000000

0.006960 0.000004 0.000000
-3008.885742 9606.136719 0.000000

0.006960 0.000002 0.000000
-2031.232178 9808.378906 0.000000

0.006960 0.000001 0.000000
-1033.366455 9913.020508 0.000000

0.006960 0.000001 0.000000
-25.063171 9917.536133 0.000000

0.006960 0.000002 0.000000
983.497131 9820.382812 0.000000

0.006960 0.000004 0.000000
1981.827271 9621.079102 0.000000

0.006960 0.000007 0.000000
2959.249023 9320.271484 0.000000

0.006961 0.000011 0.000000
3905.024170 8919.791992 0.000000

0.006962 0.000016 0.000000
4808.500488 8422.693359 0.000000

0.006963 0.000022 0.000000
5659.268555 7833.269531 0.000000

0.006966 0.000028 0.000000
6447.328125 7157.047852 0.000000

0.006968 0.000036 0.000000
7163.256836 6400.755371 0.000000

0.006972 0.000044 0.000000
7798.381348 5572.259766 0.000000

0.006977 0.000053 0.000000
8344.936523 4680.478027 0.000000

0.006982 0.000063 0.000000
8796.218750 3735.259277 0.000000

0.006989 0.000073 0.000000
9146.712891 2747.241699 0.000000

0.006996 0.000083 0.000000
9392.203125 1727.686035 0.000000

0.007005 0.000093 0.000000
9529.851562 688.292847 0.000000

0.007014 0.000104 0.000000
9558.246094 -358.991211 0.000000

0.007025 0.000114 0.000000
9477.414062 -1402.172974 0.000000

0.007037 0.000124 0.000000
9288.808594 -2429.409668 0.000000

0.007050 0.000134 0.000000
8995.253906 -3429.197754 0.000000

0.007064 0.000144 0.000000
8600.872070 -4390.548340 0.000000

0.007079 0.000153 0.000000
8110.978516 -5303.142578 0.000000

0.007095 0.000162 0.000000
7531.960938 -6157.464844 0.000000

0.007111 0.000169 0.000000
6871.141113 -6944.913086 0.000000

0.007129 0.000177 0.000000
6136.632324 -7657.880859 0.000000

0.007147 0.000183 0.000000
5337.187988 -8289.816406 0.000000

0.007165 0.000188 0.000000
4482.054688 -8835.254883 0.000000

0.007184 0.000193 0.000000
3580.828125 -9289.831055 0.000000

0.007204 0.000197 0.000000
2643.317383 -9650.274414 0.000000

0.007223 0.000199 0.000000
1679.418945 -9914.380859 0.000000

0.007243 0.000201 0.000000
699.003479 -10080.979492 0.000000

0.007263 0.000202 0.000000
-288.185913 -10149.883789 0.000000

0.007283 0.000201 0.000000
-1272.622559 -10121.836914 0.000000

0.007302 0.000200 0.000000
-2245.072266 -9998.452148 0.000000

0.007322 0.000198 0.000000
-3196.658447 -9782.151367 0.000000

0.007341 0.000195 0.000000
-4118.915527 -9476.100586 0.000000

0.007360 0.000191 0.000000
-5003.833984 -9084.147461 0.000000

0.007378 0.000186 0.000000
-5843.895996 -8610.760742 0.000000

0.007396 0.000181 0.000000
-6632.104004 -8060.968750 0.000000

0.007414 0.000174 0.000000
-7362.003906 -7440.307129 0.000000

0.007430 0.000168 0.000000
-8027.704102 -6754.762695 0.000000

0.007446 0.000160 0.000000
-8623.888672 -6010.725586 0.000000

0.007461 0.000152 0.000000
-9145.830078 -5214.942383 0.000000

0.007476 0.000144 0.000000
-9589.398438 -4374.470703 0.000000

0.007490 0.000135 0.000000
-9951.070312 -3496.639893 0.000000

0.007502 0.000126 0.000000
-10227.938477 -2589.010254 0.000000

0.007514 0.000117 0.000000
-10417.716797 -1659.335693 0.000000

0.007525 0.000107 0.000000
-10518.752930 -715.526123 0.000000

0.007535 0.000098 0.000000
-10530.033203 234.388977 0.000000

0.007545 0.000088 0.000000
-10451.194336 1182.298096 0.000000

0.007553 0.000079 0.000000
-10282.533203 2120.045898 0.000000

0.007560 0.000070 0.000000
-10025.017578 3039.473877 0.000000

0.007567 0.000061 0.000000
-9680.296875 3932.462402 0.000000

0.007573 0.000052 0.000000
-9250.712891 4790.976562 0.000000

0.007577 0.000044 0.000000
-8739.309570 5607.116211 0.000000

0.007581 0.000036 0.000000
-8149.841797 6373.169922 0.000000

0.007585 0.000029 0.000000
-7486.779297 7081.672852 0.000000

0.007588 0.000023 0.000000
-6755.310547 7725.470703 0.000000

0.007590 0.000017 0.000000
-5961.339355 8297.790039 0.000000

0.007591 0.000012 0.000000
-5111.476074 8792.311523 0.000000

0.007592 0.000008 0.000000
-4213.020996 9203.250000 0.000000

0.007593 0.000005 0.000000
-3273.937256 9525.436523 0.000000

0.007593 0.000002 0.000000
-2302.814697 9754.407227 0.000000

0.007593 0.000001 0.000000
-1308.819092 9886.490234 0.000000

0.007593 0.000001 0.000000
-301.627563 9918.895508 0.000000

0.007593 0.000002 0.000000
708.650635 9849.799805 0.000000

0.007593 0.000003 0.000000
1711.570435 9678.425781 0.000000

0.007593 0.000006 0.000000
2696.463379 9405.115234 0.000000

0.007593 0.000010 0.000000
3652.566406 9031.386719 0.000000

0.007594 0.000014 0.000000
4569.164551 8559.978516 0.000000

0.007596 0.000020 0.000000
5435.747559 7994.870117 0.000000

0.007598 0.000027 0.000000
6242.173828 7341.283691 0.000000

0.007600 0.000034 0.000000
6978.841309 6605.655273 0.000000

0.007604 0.000042 0.000000
7636.857422 5795.581055 0.000000

0.007608 0.000051 0.000000
8208.204102 4919.733398 0.000000

0.007613 0.000060 0.000000
8685.889648 3987.748535 0.000000

0.007619 0.000070 0.000000
9064.085938 3010.087402 0.000000

0.007627 0.000080 0.000000
9338.242188 1997.875732 0.000000

0.007635 0.000090 0.000000
9505.168945 962.722656 0.000000

0.007644 0.000101 0.000000
9563.093750 -83.470581 0.000000

0.007655 0.000111 0.000000
9511.684570 -1128.709473 0.000000

0.007666 0.000122 0.000000
9352.039062 -2161.104492 0.000000

0.007679 0.000132 0.000000
9086.638672 -3169.061279 0.000000

0.007693 0.000141 0.000000
8719.281250 -4141.459473 0.000000

0.007707 0.000151 0.000000
8254.981445 -5067.812012 0.000000

0.007723 0.000159 0.000000
7699.853027 -5938.404297 0.000000

0.007739 0.000167 0.000000
7060.976562 -6744.406738 0.000000

0.007757 0.000175 0.000000
6346.256348 -7477.965332 0.000000

0.007774 0.000181 0.000000
5564.270996 -8132.263672 0.000000

0.007793 0.000187 0.000000
4724.126953 -8701.562500 0.000000

0.007812 0.000192 0.000000
3835.313965 -9181.215820 0.000000

0.007831 0.000196 0.000000
2907.567871 -9567.667969 0.000000

0.007850 0.000199 0.000000
1950.743652 -9858.435547 0.000000

0.007870 0.000201 0.000000
974.699341 -10052.070312 0.000000

0.007890 0.000201 0.000000
-10.807434 -10148.118164 0.000000

0.007910 0.000201 0.000000
-996.210693 -10147.064453 0.000000

0.007930 0.000201 0.000000
-1972.214844 -10050.275391 0.000000

0.007949 0.000199 0.000000
-2929.861816 -9859.939453 0.000000

0.007969 0.000196 0.000000
-3860.586914 -9579.002930 0.000000

0.007988 0.000192 0.000000
-4756.265625 -9211.109375 0.000000

0.008006 0.000188 0.000000
-5609.251465 -8760.535156 0.000000

0.008024 0.000182 0.000000
-6412.406250 -8232.134766 0.000000

0.008042 0.000176 0.000000
-7159.125000 -7631.283203 0.000000

0.008058 0.000170 0.000000
-7843.355469 -6963.821777 0.000000

0.008075 0.000162 0.000000
-8459.613281 -6236.009766 0.000000

0.008090 0.000155 0.000000
-9002.994141 -5454.477051 0.000000

0.008105 0.000146 0.000000
-9469.188477 -4626.180664 0.000000

0.008119 0.000138 0.000000
-9854.485352 -3758.361572 0.000000

0.008132 0.000129 0.000000
-10155.785156 -2858.507324 0.000000

0.008144 0.000119 0.000000
-10370.606445 -1934.312378 0.000000

0.008155 0.000110 0.000000
-10497.096680 -993.642029 0.000000

0.008165 0.000100 0.000000
-10534.040039 -44.495300 0.000000

0.008175 0.000091 0.000000
-10480.869141 905.032043 0.000000

0.008183 0.000082 0.000000
-10337.671875 1846.785645 0.000000

0.008191 0.000072 0.000000
-10105.208984 2772.592285 0.000000

0.008198 0.000063 0.000000
-9784.918945 3674.301514 0.000000

0.008204 0.000055 0.000000
-9378.934570 4543.832031 0.000000

0.008209 0.000046 0.000000
-8890.089844 5373.219238 0.000000

0.008213 0.000038 0.000000
-8321.932617 6154.669434 0.000000

0.008217 0.000031 0.000000
-7678.729492 6880.617676 0.000000

0.008220 0.000025 0.000000
-6965.468750 7543.790039 0.000000

0.008222 0.000019 0.000000
-6187.861328 8137.273438 0.000000

0.008224 0.000013 0.000000
-5352.333008 8654.588867 0.000000

0.008225 0.000009 0.000000
-4466.009766 9089.769531 0.000000

0.008225 0.000006 0.000000
-3536.693848 9437.446289 0.000000

0.008226 0.000003 0.000000
-2572.829590 9692.933594 0.000000

0.008226 0.000001 0.000000
-1583.456299 9852.318359 0.000000

0.008226 0.000001 0.000000
-578.147034 9912.548828 0.000000

0.008226 0.000001 0.000000
433.067993 9871.524414 0.000000

0.008226 0.000003 0.000000
1439.794067 9728.175781 0.000000

0.008226 0.000005 0.000000
2431.381348 9482.540039 0.000000

0.008226 0.000009 0.000000
3397.050781 9135.822266 0.000000

0.008227 0.000013 0.000000
4326.034668 8690.444336 0.000000

0.008228 0.000019 0.000000
5207.730957 8150.071777 0.000000

0.008230 0.000025 0.000000
6031.867188 7519.617188 0.000000

0.008232 0.000032 0.000000
6788.669922 6805.221680 0.000000

0.008235 0.000040 0.000000
7469.036621 6014.203613 0.000000

0.008239 0.000048 0.000000
8064.702637 5154.982910 0.000000

0.008244 0.000058 0.000000
8568.397461 4236.974121 0.000000

0.008250 0.000067 0.000000
8973.985352 3270.452393 0.000000

0.008257 0.000077 0.000000
9276.583984 2266.397461 0.000000

0.008265 0.000088 0.000000
9472.656250 1236.316772 0.000000

0.008274 0.000098 0.000000
9560.073242 192.054932 0.000000

0.008285 0.000109 0.000000
9538.140625 -854.403687 0.000000

0.008296 0.000119 0.000000
9407.598633 -1891.133301 0.000000

0.008308 0.000129 0.000000
9170.584961 -2906.459717 0.000000

0.008322 0.000139 0.000000
8830.567383 -3889.140625 0.000000

0.008336 0.000148 0.000000
8392.253906 -4828.530273 0.000000

0.008351 0.000157 0.000000
7861.479004 -5714.722168 0.000000

0.008368 0.000165 0.000000
7245.074219 -6538.666992 0.000000

0.008384 0.000173 0.000000
6550.726074 -7292.268066 0.000000

0.008402 0.000180 0.000000
5786.831055 -7968.449219 0.000000

0.008420 0.000186 0.000000
4962.347168 -8561.199219 0.000000

0.008439 0.000191 0.000000
4086.649414 -9065.593750 0.000000

0.008458 0.000195 0.000000
3169.392578 -9477.795898 0.000000

0.008478 0.000198 0.000000
2220.381836 -9795.040039 0.000000

0.008498 0.000200 0.000000
1249.454834 -10015.602539 0.000000

0.008517 0.000201 0.000000
266.376404 -10138.758789 0.000000

0.008537 0.000202 0.000000
-719.255188 -10164.734375 0.000000

0.008557 0.000201 0.000000
-1698.089355 -10094.647461 0.000000

0.008577 0.000199 0.000000
-2661.092285 -9930.449219 0.000000

0.008596 0.000197 0.000000
-3599.605957 -9674.864258 0.000000

0.008615 0.000193 0.000000
-4505.395996 -9331.326172 0.000000

0.008634 0.000189 0.000000
-5370.691406 -8903.917969 0.000000

0.008652 0.000184 0.000000
-6188.217773 -8397.314453 0.000000

0.008670 0.000178 0.000000
-6951.222656 -7816.726562 0.000000

0.008687 0.000172 0.000000
-7653.496094 -7167.845703 0.000000

0.008703 0.000165 0.000000
-8289.388672 -6456.796387 0.000000

0.008719 0.000157 0.000000
-8853.824219 -5690.087891 0.000000

0.008733 0.000149 0.000000
-9342.312500 -4874.570312 0.000000

0.008748 0.000140 0.000000
-9750.958984 -4017.393066 0.000000

0.008761 0.000131 0.000000
-10076.472656 -3125.965332 0.000000

0.008773 0.000122 0.000000
-10316.179688 -2207.918213 0.000000

0.008785 0.000113 0.000000
-10468.027344 -1271.067139 0.000000

0.008795 0.000103 0.000000
-10530.599609 -323.375916 0.000000

0.008805 0.000094 0.000000
-10503.123047 627.080566 0.000000

0.008814 0.000084 0.000000
-10385.479492 1572.153809 0.000000

0.008822 0.000075 0.000000
-10178.219727 2503.660889 0.000000

0.008829 0.000066 0.000000
-9882.574219 3413.426514 0.000000

0.008835 0.000057 0.000000
-9500.463867 4293.327148 0.000000

0.008840 0.000049 0.000000
-9034.513672 5135.340332 0.000000

0.008845 0.000041 0.000000
-8488.061523 5931.595215 0.000000

0.008849 0.000033 0.000000
-7865.168457 6674.431641 0.000000

0.008852 0.000026 0.000000
-7170.621094 7356.462402 0.000000

0.008854 0.000020 0.000000
-6409.934570 7970.639648 0.000000

0.008856 0.000015 0.000000
-5589.345703 8510.330078 0.000000

0.008857 0.000010 0.000000
-4715.802734 8969.391602 0.000000

0.008858 0.000007 0.000000
-3796.941406 9342.258789 0.000000

0.008858 0.000004 0.000000
-2841.055664 9624.029297 0.000000

0.008859 0.000002 0.000000
-1857.052490 9810.551758 0.000000

0.008859 0.000001 0.000000
-854.393555 9898.519531 0.000000

0.008858 0.000001 0.000000
156.977356 9885.556641 0.000000

0.008858 0.000002 0.000000
1166.724121 9770.303711 0.000000

0.008858 0.000004 0.000000
2164.224121 9552.494141 0.000000

0.008859 0.000008 0.000000
3138.691650 9233.023438 0.000000

0.008859 0.000012 0.000000
4079.315674 8813.995117 0.000000

0.008860 0.000017 0.000000
4975.412109 8298.757812 0.000000

0.008862 0.000023 0.000000
5816.586426 7691.912598 0.000000

0.008864 0.000030 0.000000
6592.903809 6999.299805 0.000000

0.008867 0.000038 0.000000
7295.061035 6227.955566 0.000000

0.008871 0.000046 0.000000
7914.555664 5386.040039 0.000000

0.008876 0.000055 0.000000
8443.844727 4482.737793 0.000000

0.008881 0.000065 0.000000
8876.491211 3528.129395 0.000000

0.008888 0.000075 0.000000
9207.287109 2533.038330 0.000000

0.008896 0.000085 0.000000
9432.350586 1508.858887 0.000000

0.008905 0.000095 0.000000
9549.195312 467.368164 0.000000

0.008914 0.000106 0.000000
9556.768555 -579.470703 0.000000

0.008925 0.000116 0.000000
9455.451172 -1619.707031 0.000000

0.008938 0.000126 0.000000
9247.032227 -2641.596924 0.000000

0.008951 0.000136 0.000000
8934.647461 -3633.786865 0.000000

0.008965 0.000146 0.000000
8522.693359 -4585.480957 0.000000

0.008980 0.000155 0.000000
8016.717773 -5486.588867 0.000000

0.008996 0.000163 0.000000
7423.295410 -6327.848633 0.000000

0.009012 0.000171 0.000000
6749.889160 -7100.927246 0.000000

0.009030 0.000178 0.000000
6004.703613 -7798.493652 0.000000

0.009048 0.000184 0.000000
5196.540527 -8414.268555 0.000000

0.009067 0.000189 0.000000
4334.651855 -8943.050781 0.000000

0.009086 0.000194 0.000000
3428.602783 -9380.723633 0.000000

0.009105 0.000197 0.000000
2488.140381 -9724.240234 0.000000

0.009125 0.000200 0.000000
1523.074585 -9971.600586 0.000000

0.009145 0.000201 0.000000
543.169922 -10121.810547 0.000000

0.009164 0.000202 0.000000
-441.950073 -10174.833008 0.000000

0.009184 0.000201 0.000000
-1422.886230 -10131.535156 0.000000

0.009204 0.000200 0.000000
-2390.535645 -9993.629883 0.000000

0.009223 0.000198 0.000000
-3336.151611 -9763.615234 0.000000

0.009243 0.000194 0.000000
-4251.395508 -9444.711914 0.000000

0.009261 0.000190 0.000000
-5128.376953 -9040.806641 0.000000

0.009280 0.000186 0.000000
-5959.688965 -8556.391602 0.000000

0.009297 0.000180 0.000000
-6738.435059 -7996.507812 0.000000

0.009315 0.000174 0.000000
-7458.252441 -7366.693359 0.000000

0.009331 0.000167 0.000000
-8113.329102 -6672.933105 0.000000

0.009347 0.000159 0.000000
-8698.418945 -5921.611328 0.000000

0.009362 0.000151 0.000000
-9208.854492 -5119.467285 0.000000

0.009376 0.000143 0.000000
-9640.558594 -4273.553711 0.000000

0.009390 0.000134 0.000000
-9990.052734 -3391.197754 0.000000

0.009403 0.000125 0.000000
-10254.469727 -2479.961426 0.000000

0.009414 0.000115 0.000000
-10431.560547 -1547.605957 0.000000

0.009425 0.000106 0.000000
-10519.707031 -602.054993 0.000000

0.009435 0.000097 0.000000
-10517.932617 348.642273 0.000000

0.009444 0.000087 0.000000
-10425.913086 1296.348145 0.000000

0.009452 0.000078 0.000000
-10243.990234 2232.875488 0.000000

0.009460 0.000069 0.000000
-9973.182617 3150.028809 0.000000

0.009466 0.000060 0.000000
-9615.202148 4039.648438 0.000000

0.009472 0.000051 0.000000
-9172.461914 4893.658203 0.000000

0.009476 0.000043 0.000000
-8648.090820 5704.116211 0.000000

0.009480 0.000035 0.000000
-8045.940918 6463.272949 0.000000

0.009484 0.000028 0.000000
-7370.595703 7163.632324 0.000000

0.009486 0.000022 0.000000
-6627.370605 7798.018066 0.000000

0.009488 0.000016 0.000000
-5822.311523 8359.647461 0.000000

0.009490 0.000012 0.000000
-4962.183594 8842.209961 0.000000

0.009491 0.000008 0.000000
-4054.452881 9239.948242 0.000000

0.009491 0.000005 0.000000
-3107.257080 9547.747070 0.000000

0.009491 0.000002 0.000000
-2129.364258 9761.222656 0.000000

0.009491 0.000001 0.000000
-1130.118896 9876.815430 0.000000

0.009491 0.000001 0.000000
-119.370667 9891.879883 0.000000

0.009491 0.000002 0.000000
892.610657 9804.768555 0.000000

0.009491 0.000004 0.000000
1895.238525 9614.915039 0.000000

0.009491 0.000007 0.000000
2877.729492 9322.902344 0.000000

0.009492 0.000011 0.000000
3829.238525 8930.517578 0.000000

0.009493 0.000016 0.000000
4739.009277 8440.791016 0.000000

0.009494 0.000021 0.000000
5596.535156 7858.009766 0.000000

0.009496 0.000028 0.000000
6391.729492 7187.709473 0.000000

0.009499 0.000036 0.000000
7115.097656 6436.638184 0.000000

0.009502 0.000044 0.000000
7757.907227 5612.689941 0.000000

0.009507 0.000053 0.000000
8312.351562 4724.811035 0.000000

0.009512 0.000062 0.000000
8771.698242 3782.877930 0.000000

0.009519 0.000072 0.000000
9130.417969 2797.548340 0.000000

0.009526 0.000082 0.000000
9384.289062 1780.093140 0.000000

0.009535 0.000093 0.000000
9530.471680 742.210571 0.000000

0.009544 0.000103 0.000000
9567.551758 -304.168579 0.000000

0.009555 0.000113 0.000000
9495.552734 -1347.079956 0.000000

0.009567 0.000124 0.000000
9315.912109 -2374.720703 0.000000

0.009580 0.000134 0.000000
9031.428711 -3375.635986 0.000000

0.009594 0.000143 0.000000
8646.182617 -4338.889648 0.000000

0.009608 0.000153 0.000000
8165.429688 -5254.215332 0.000000

0.009624 0.000161 0.000000
7595.481445 -6112.146484 0.000000

0.009641 0.000169 0.000000
6943.567871 -6904.119141 0.000000

0.009658 0.000176 0.000000
6217.695312 -7622.552734 0.000000

0.009676 0.000183 0.000000
5426.500000 -8260.904297 0.000000

0.009694 0.000188 0.000000
4579.103027 -8813.698242 0.000000

0.009713 0.000193 0.000000
3684.971436 -9276.539062 0.000000

0.009732 0.000196 0.000000
2753.786621 -9646.101562 0.000000

0.009752 0.000199 0.000000
1795.322388 -9920.108398 0.000000

0.009772 0.000201 0.000000
819.335632 -10097.293945 0.000000

0.009792 0.000202 0.000000
-164.531860 -10177.357422 0.000000

0.009811 0.000202 0.000000
-1146.839111 -10160.914062 0.000000

0.009831 0.000200 0.000000
-2118.419678 -10049.434570 0.000000

0.009851 0.000198 0.000000
-3070.444824 -9845.188477 0.000000

0.009870 0.000196 0.000000
-3994.476074 -9551.181641 0.000000

0.009889 0.000192 0.000000
-4882.508789 -9171.099609 0.000000

0.009907 0.000187 0.000000
-5727.008301 -8709.246094 0.000000

0.009925 0.000182 0.000000
-6520.938477 -8170.491211 0.000000

0.009943 0.000176 0.000000
-7257.786621 -7560.214355 0.000000

0.009959 0.000169 0.000000
-7931.581055 -6884.256348 0.000000

0.009975 0.000161 0.000000
-8536.909180 -6148.872559 0.000000

0.009991 0.000154 0.000000
-9068.928711 -5360.687500 0.000000

0.010005 0.000145 0.000000
-9523.381836 -4526.652344 0.000000

0.010019 0.000137 0.000000
-9896.604492 -3654.006836 0.000000

0.010032 0.000128 0.000000
-10185.538086 -2750.239990 0.000000

0.010044 0.000118 0.000000
-10387.737305 -1823.053955 0.000000

0.010055 0.000109 0.000000
-10501.385742 -880.327026 0.000000

0.010065 0.000099 0.000000
-10525.302734 69.922058 0.000000

0.010075 0.000090 0.000000
-10458.958008 1019.571533 0.000000

0.010083 0.000080 0.000000
-10302.485352 1960.435059 0.000000

0.010091 0.000071 0.000000
-10056.693359 2884.302246 0.000000

0.010097 0.000062 0.000000
-9723.082031 3782.982422 0.000000

