2 1000
0.000000 0.000000 0.000000
1000.000000 49996.000000 0.000000

0.000000 0.000000 0.000000
1999.920044 49988.000000 0.000000

0.000000 0.000000 0.000000
2999.680420 49976.007812 0.000000

0.000000 0.000000 0.000000
3999.201660 49960.035156 0.000000

0.000000 0.000001 0.000000
4998.405273 49940.093750 0.000000

0.000000 0.000001 0.000000
5997.213379 49916.203125 0.000000

0.000000 0.000001 0.000000
6995.549805 49888.382812 0.000000

0.000000 0.000001 0.000000
7993.338867 49856.660156 0.000000

0.000000 0.000002 0.000000
8990.506836 49821.066406 0.000000

0.000000 0.000002 0.000000
9986.982422 49781.632812 0.000000

0.000000 0.000003 0.000000
10982.695312 49738.394531 0.000000

0.000000 0.000003 0.000000
11977.576172 49691.394531 0.000000

0.000000 0.000004 0.000000
12971.560547 49640.671875 0.000000

0.000000 0.000004 0.000000
13964.584961 49586.273438 0.000000

0.000000 0.000005 0.000000
14956.587891 49528.250000 0.000000

0.000001 0.000005 0.000000
15947.510742 49466.648438 0.000000

0.000001 0.000006 0.000000
16937.296875 49401.523438 0.000000

0.000001 0.000007 0.000000
17925.894531 49332.929688 0.000000

0.000001 0.000007 0.000000
18913.251953 49260.925781 0.000000

0.000001 0.000008 0.000000
19899.322266 49185.570312 0.000000

0.000001 0.000009 0.000000
20884.060547 49106.921875 0.000000

0.000001 0.000010 0.000000
21867.423828 49025.039062 0.000000

0.000002 0.000011 0.000000
22849.375000 48939.988281 0.000000

0.000002 0.000011 0.000000
23829.875000 48851.832031 0.000000

0.000002 0.000012 0.000000
24808.890625 48760.632812 0.000000

0.000002 0.000013 0.000000
25786.392578 48666.457031 0.000000

0.000002 0.000014 0.000000
26762.349609 48569.367188 0.000000

0.000003 0.000015 0.000000
27736.738281 48469.429688 0.000000

0.000003 0.000016 0.000000
28709.533203 48366.710938 0.000000

0.000003 0.000017 0.000000
29680.714844 48261.273438 0.000000

0.000003 0.000018 0.000000
30650.265625 48153.179688 0.000000

0.000004 0.000020 0.000000
31618.167969 48042.500000 0.000000

0.000004 0.000021 0.000000
32584.408203 47929.292969 0.000000

0.000005 0.000022 0.000000
33548.976562 47813.625000 0.000000

0.000005 0.000023 0.000000
34511.859375 47695.558594 0.000000

0.000005 0.000024 0.000000
35473.050781 47575.152344 0.000000

0.000006 0.000025 0.000000
36432.546875 47452.468750 0.000000

0.000006 0.000027 0.000000
37390.339844 47327.570312 0.000000

0.000007 0.000028 0.000000
38346.429688 47200.515625 0.000000

0.000007 0.000029 0.000000
39300.812500 47071.363281 0.000000

0.000007 0.000031 0.000000
40253.492188 46940.167969 0.000000

0.000008 0.000032 0.000000
41204.468750 46806.988281 0.000000

0.000008 0.000033 0.000000
42153.746094 46671.878906 0.000000

0.000009 0.000035 0.000000
43101.328125 46534.890625 0.000000

0.000010 0.000036 0.000000
44047.222656 46396.082031 0.000000

0.000010 0.000037 0.000000
44991.433594 46255.500000 0.000000

0.000011 0.000039 0.000000
45933.972656 46113.195312 0.000000

0.000011 0.000040 0.000000
46874.843750 45969.218750 0.000000

0.000012 0.000042 0.000000
47814.058594 45823.617188 0.000000

0.000012 0.000043 0.000000
48751.628906 45676.437500 0.000000

0.000013 0.000045 0.000000
49687.562500 45527.726562 0.000000

0.000014 0.000046 0.000000
50621.871094 45377.527344 0.000000

0.000014 0.000048 0.000000
51554.570312 45225.886719 0.000000

0.000015 0.000049 0.000000
52485.671875 45072.843750 0.000000

0.000016 0.000051 0.000000
53415.187500 44918.437500 0.000000

0.000017 0.000052 0.000000
54343.132812 44762.710938 0.000000

0.000017 0.000054 0.000000
55269.519531 44605.703125 0.000000

0.000018 0.000056 0.000000
56194.363281 44447.449219 0.000000

0.000019 0.000057 0.000000
57117.679688 44287.988281 0.000000

0.000020 0.000059 0.000000
58039.484375 44127.351562 0.000000

0.000020 0.000060 0.000000
58959.789062 43965.578125 0.000000

0.000021 0.000062 0.000000
59878.613281 43802.699219 0.000000

0.000022 0.000064 0.000000
60795.972656 43638.746094 0.000000

0.000023 0.000065 0.000000
61711.878906 43473.753906 0.000000

0.000024 0.000067 0.000000
62626.351562 43307.750000 0.000000

0.000025 0.000069 0.000000
63539.406250 43140.765625 0.000000

0.000025 0.000070 0.000000
64451.058594 42972.828125 0.000000

0.000026 0.000072 0.000000
65361.324219 42803.964844 0.000000

0.000027 0.000074 0.000000
66270.218750 42634.207031 0.000000

0.000028 0.000075 0.000000
67177.757812 42463.578125 0.000000

0.000029 0.000077 0.000000
68083.960938 42292.101562 0.000000

0.000030 0.000079 0.000000
68988.843750 42119.804688 0.000000

0.000031 0.000081 0.000000
69892.414062 41946.710938 0.000000

0.000032 0.000082 0.000000
70794.695312 41772.839844 0.000000

0.000033 0.000084 0.000000
71695.703125 41598.218750 0.000000

0.000034 0.000086 0.000000
72595.453125 41422.867188 0.000000

0.000035 0.000088 0.000000
73493.960938 41246.804688 0.000000

0.000036 0.000089 0.000000
74391.242188 41070.054688 0.000000

0.000037 0.000091 0.000000
75287.304688 40892.632812 0.000000

0.000038 0.000093 0.000000
76182.171875 40714.562500 0.000000

0.000039 0.000095 0.000000
77075.859375 40535.859375 0.000000

0.000040 0.000096 0.000000
77968.382812 40356.542969 0.000000

0.000041 0.000098 0.000000
78859.750000 40176.628906 0.000000

0.000043 0.000100 0.000000
79749.976562 39996.136719 0.000000

0.000044 0.000102 0.000000
80639.085938 39815.082031 0.000000

0.000045 0.000104 0.000000
81527.085938 39633.480469 0.000000

0.000046 0.000105 0.000000
82413.992188 39451.347656 0.000000

0.000047 0.000107 0.000000
83299.812500 39268.695312 0.000000

0.000048 0.000109 0.000000
84184.570312 39085.539062 0.000000

0.000049 0.000111 0.000000
85068.273438 38901.894531 0.000000

0.000050 0.000113 0.000000
85950.937500 38717.777344 0.000000

0.000052 0.000115 0.000000
86832.578125 38533.195312 0.000000

0.000053 0.000117 0.000000
87713.203125 38348.164062 0.000000

0.000054 0.000118 0.000000
88592.828125 38162.695312 0.000000

0.000055 0.000120 0.000000
89471.468750 37976.800781 0.000000

0.000057 0.000122 0.000000
90349.132812 37790.496094 0.000000

0.000058 0.000124 0.000000
91225.835938 37603.789062 0.000000

0.000059 0.000126 0.000000
92101.585938 37416.687500 0.000000

0.000060 0.000128 0.000000
92976.398438 37229.207031 0.000000

0.000061 0.000130 0.000000
93850.289062 37041.355469 0.000000

0.000063 0.000131 0.000000
94723.265625 36853.144531 0.000000

0.000064 0.000133 0.000000
95595.343750 36664.582031 0.000000

0.000065 0.000135 0.000000
96466.531250 36475.675781 0.000000

0.000067 0.000137 0.000000
97336.835938 36286.437500 0.000000

0.000068 0.000139 0.000000
98206.273438 36096.875000 0.000000

0.000069 0.000141 0.000000
99074.851562 35907.000000 0.000000

0.000071 0.000143 0.000000
99942.585938 35716.816406 0.000000

0.000072 0.000145 0.000000
100809.484375 35526.335938 0.000000

0.000073 0.000147 0.000000
101675.554688 35335.562500 0.000000

0.000075 0.000149 0.000000
102540.812500 35144.507812 0.000000

0.000076 0.000150 0.000000
103405.265625 34953.175781 0.000000

0.000077 0.000152 0.000000
104268.921875 34761.574219 0.000000

0.000079 0.000154 0.000000
105131.789062 34569.710938 0.000000

0.000080 0.000156 0.000000
105993.882812 34377.593750 0.000000

0.000081 0.000158 0.000000
106855.210938 34185.226562 0.000000

0.000083 0.000160 0.000000
107715.781250 33992.617188 0.000000

0.000084 0.000162 0.000000
108575.601562 33799.773438 0.000000

0.000086 0.000164 0.000000
109434.687500 33606.699219 0.000000

0.000087 0.000166 0.000000
110293.046875 33413.402344 0.000000

0.000088 0.000168 0.000000
111150.679688 33219.886719 0.000000

0.000090 0.000170 0.000000
112007.601562 33026.156250 0.000000

0.000091 0.000172 0.000000
112863.820312 32832.218750 0.000000

0.000093 0.000174 0.000000
113719.343750 32638.080078 0.000000

0.000094 0.000176 0.000000
114574.179688 32443.744141 0.000000

0.000096 0.000178 0.000000
115428.335938 32249.216797 0.000000

0.000097 0.000179 0.000000
116281.828125 32054.501953 0.000000

0.000099 0.000181 0.000000
117134.656250 31859.603516 0.000000

0.000100 0.000183 0.000000
117986.828125 31664.527344 0.000000

0.000102 0.000185 0.000000
118838.351562 31469.277344 0.000000

0.000103 0.000187 0.000000
119689.234375 31273.859375 0.000000

0.000105 0.000189 0.000000
120539.484375 31078.275391 0.000000

0.000106 0.000191 0.000000
121389.109375 30882.531250 0.000000

0.000108 0.000193 0.000000
122238.117188 30686.628906 0.000000

0.000109 0.000195 0.000000
123086.515625 30490.574219 0.000000

0.000111 0.000197 0.000000
123934.312500 30294.369141 0.000000

0.000112 0.000199 0.000000
124781.507812 30098.017578 0.000000

0.000114 0.000201 0.000000
125628.117188 29901.523438 0.000000

0.000115 0.000203 0.000000
126474.140625 29704.890625 0.000000

0.000117 0.000205 0.000000
127319.585938 29508.123047 0.000000

0.000118 0.000207 0.000000
128164.460938 29311.222656 0.000000

0.000120 0.000209 0.000000
129008.773438 29114.193359 0.000000

0.000121 0.000211 0.000000
129852.531250 28917.039062 0.000000

0.000123 0.000213 0.000000
130695.734375 28719.761719 0.000000

0.000125 0.000215 0.000000
131538.390625 28522.365234 0.000000

0.000126 0.000217 0.000000
132380.515625 28324.851562 0.000000

0.000128 0.000219 0.000000
133222.109375 28127.222656 0.000000

0.000129 0.000221 0.000000
134063.171875 27929.482422 0.000000

0.000131 0.000223 0.000000
134903.703125 27731.634766 0.000000

0.000133 0.000225 0.000000
135743.718750 27533.679688 0.000000

0.000134 0.000227 0.000000
136583.234375 27335.621094 0.000000

0.000136 0.000229 0.000000
137422.234375 27137.460938 0.000000

0.000137 0.000231 0.000000
138260.734375 26939.203125 0.000000

0.000139 0.000233 0.000000
139098.750000 26740.847656 0.000000

0.000141 0.000235 0.000000
139936.265625 26542.398438 0.000000

0.000142 0.000237 0.000000
140773.296875 26343.857422 0.000000

0.000144 0.000239 0.000000
141609.859375 26145.226562 0.000000

0.000146 0.000241 0.000000
142445.937500 25946.507812 0.000000

0.000147 0.000243 0.000000
143281.546875 25747.705078 0.000000

0.000149 0.000245 0.000000
144116.703125 25548.818359 0.000000

0.000150 0.000247 0.000000
144951.390625 25349.849609 0.000000

0.000152 0.000248 0.000000
145785.625000 25150.802734 0.000000

0.000154 0.000250 0.000000
146619.406250 24951.677734 0.000000

0.000155 0.000252 0.000000
147452.750000 24752.476562 0.000000

0.000157 0.000254 0.000000
148285.640625 24553.201172 0.000000

0.000159 0.000256 0.000000
149118.093750 24353.853516 0.000000

0.000160 0.000258 0.000000
149950.125000 24154.435547 0.000000

0.000162 0.000260 0.000000
150781.718750 23954.949219 0.000000

0.000164 0.000262 0.000000
151612.890625 23755.394531 0.000000

0.000166 0.000264 0.000000
152443.640625 23555.773438 0.000000

0.000167 0.000266 0.000000
153273.984375 23356.089844 0.000000

0.000169 0.000268 0.000000
154103.921875 23156.341797 0.000000

0.000171 0.000270 0.000000
154933.437500 22956.533203 0.000000

0.000172 0.000272 0.000000
155762.562500 22756.666016 0.000000

0.000174 0.000274 0.000000
156591.281250 22556.740234 0.000000

0.000176 0.000276 0.000000
157419.609375 22356.757812 0.000000

0.000178 0.000278 0.000000
158247.546875 22156.718750 0.000000

0.000179 0.000280 0.000000
159075.093750 21956.625000 0.000000

0.000181 0.000282 0.000000
159902.250000 21756.478516 0.000000

0.000183 0.000284 0.000000
160729.031250 21556.281250 0.000000

0.000184 0.000286 0.000000
161555.437500 21356.033203 0.000000

0.000186 0.000288 0.000000
162381.468750 21155.734375 0.000000

0.000188 0.000290 0.000000
163207.125000 20955.388672 0.000000

0.000190 0.000292 0.000000
164032.421875 20754.996094 0.000000

0.000191 0.000294 0.000000
164857.359375 20554.556641 0.000000

0.000193 0.000296 0.000000
165681.937500 20354.072266 0.000000

0.000195 0.000298 0.000000
166506.156250 20153.544922 0.000000

0.000197 0.000300 0.000000
167330.015625 19952.974609 0.000000

0.000198 0.000302 0.000000
168153.531250 19752.363281 0.000000

0.000200 0.000304 0.000000
168976.703125 19551.710938 0.000000

0.000202 0.000306 0.000000
169799.531250 19351.017578 0.000000

0.000204 0.000308 0.000000
170622.015625 19150.287109 0.000000

0.000206 0.000311 0.000000
171444.156250 18949.517578 0.000000

0.000207 0.000313 0.000000
172265.968750 18748.710938 0.000000

0.000209 0.000315 0.000000
173087.453125 18547.869141 0.000000

0.000211 0.000317 0.000000
173908.609375 18346.992188 0.000000

0.000213 0.000319 0.000000
174729.437500 18146.080078 0.000000

0.000215 0.000321 0.000000
175549.937500 17945.134766 0.000000

0.000216 0.000323 0.000000
176370.125000 17744.156250 0.000000

0.000218 0.000325 0.000000
177190.000000 17543.146484 0.000000

0.000220 0.000327 0.000000
178009.562500 17342.105469 0.000000

0.000222 0.000329 0.000000
178828.812500 17141.035156 0.000000

0.000224 0.000331 0.000000
179647.750000 16939.935547 0.000000

0.000225 0.000333 0.000000
180466.375000 16738.806641 0.000000

0.000227 0.000335 0.000000
181284.703125 16537.648438 0.000000

0.000229 0.000337 0.000000
182102.734375 16336.463867 0.000000

0.000231 0.000339 0.000000
182920.468750 16135.251953 0.000000

0.000233 0.000341 0.000000
183737.906250 15934.014648 0.000000

0.000234 0.000343 0.000000
184555.046875 15732.751953 0.000000

0.000236 0.000345 0.000000
185371.890625 15531.463867 0.000000

0.000238 0.000347 0.000000
186188.453125 15330.152344 0.000000

0.000240 0.000349 0.000000
187004.734375 15128.816406 0.000000

0.000242 0.000351 0.000000
187820.734375 14927.458008 0.000000

0.000244 0.000353 0.000000
188636.453125 14726.077148 0.000000

0.000245 0.000355 0.000000
189451.890625 14524.674805 0.000000

0.000247 0.000357 0.000000
190267.046875 14323.250977 0.000000

0.000249 0.000359 0.000000
191081.937500 14121.806641 0.000000

0.000251 0.000361 0.000000
191896.546875 13920.342773 0.000000

0.000253 0.000363 0.000000
192710.890625 13718.859375 0.000000

0.000255 0.000365 0.000000
193524.968750 13517.356445 0.000000

0.000257 0.000367 0.000000
194338.781250 13315.834961 0.000000

0.000258 0.000369 0.000000
195152.328125 13114.295898 0.000000

0.000260 0.000371 0.000000
195965.609375 12912.739258 0.000000

0.000262 0.000373 0.000000
196778.640625 12711.165039 0.000000

0.000264 0.000375 0.000000
197591.406250 12509.574219 0.000000

0.000266 0.000377 0.000000
198403.921875 12307.967773 0.000000

0.000268 0.000379 0.000000
199216.187500 12106.345703 0.000000

0.000270 0.000381 0.000000
200028.203125 11904.708008 0.000000

0.000272 0.000383 0.000000
200839.968750 11703.055664 0.000000

0.000273 0.000385 0.000000
201651.484375 11501.388672 0.000000

0.000275 0.000387 0.000000
202462.765625 11299.708008 0.000000

0.000277 0.000389 0.000000
203273.796875 11098.013672 0.000000

0.000279 0.000391 0.000000
204084.593750 10896.306641 0.000000

0.000281 0.000393 0.000000
204895.140625 10694.586914 0.000000

0.000283 0.000395 0.000000
205705.453125 10492.854492 0.000000

0.000285 0.000397 0.000000
206515.531250 10291.110352 0.000000

0.000287 0.000399 0.000000
207325.375000 10089.354492 0.000000

0.000289 0.000401 0.000000
208134.984375 9887.586914 0.000000

0.000291 0.000403 0.000000
208944.359375 9685.808594 0.000000

0.000292 0.000405 0.000000
209753.515625 9484.019531 0.000000

0.000294 0.000407 0.000000
210562.437500 9282.220703 0.000000

0.000296 0.000409 0.000000
211371.140625 9080.411133 0.000000

0.000298 0.000411 0.000000
212179.625000 8878.592773 0.000000

0.000300 0.000413 0.000000
212987.890625 8676.764648 0.000000

0.000302 0.000415 0.000000
213795.921875 8474.927734 0.000000

0.000304 0.000417 0.000000
214603.734375 8273.082031 0.000000

0.000306 0.000419 0.000000
215411.343750 8071.228027 0.000000

0.000308 0.000421 0.000000
216218.734375 7869.366211 0.000000

0.000310 0.000423 0.000000
217025.906250 7667.496582 0.000000

0.000312 0.000425 0.000000
217832.875000 7465.619141 0.000000

0.000314 0.000427 0.000000
218639.625000 7263.734863 0.000000

0.000316 0.000429 0.000000
219446.171875 7061.843262 0.000000

0.000317 0.000431 0.000000
220252.515625 6859.945312 0.000000

0.000319 0.000433 0.000000
221058.640625 6658.041016 0.000000

0.000321 0.000435 0.000000
221864.562500 6456.130371 0.000000

0.000323 0.000437 0.000000
222670.281250 6254.213867 0.000000

0.000325 0.000439 0.000000
223475.796875 6052.291504 0.000000

0.000327 0.000441 0.000000
224281.125000 5850.363770 0.000000

0.000329 0.000444 0.000000
225086.250000 5648.431152 0.000000

0.000331 0.000446 0.000000
225891.171875 5446.493164 0.000000

0.000333 0.000448 0.000000
226695.906250 5244.550781 0.000000

0.000335 0.000450 0.000000
227500.437500 5042.604004 0.000000

0.000337 0.000452 0.000000
228304.781250 4840.652832 0.000000

0.000339 0.000454 0.000000
229108.937500 4638.697266 0.000000

0.000341 0.000456 0.000000
229912.890625 4436.738281 0.000000

0.000343 0.000458 0.000000
230716.656250 4234.775391 0.000000

0.000345 0.000460 0.000000
231520.234375 4032.809082 0.000000

0.000347 0.000462 0.000000
232323.625000 3830.839600 0.000000

0.000349 0.000464 0.000000
233126.843750 3628.866943 0.000000

0.000351 0.000466 0.000000
233929.875000 3426.891602 0.000000

0.000353 0.000468 0.000000
234732.718750 3224.913574 0.000000

0.000355 0.000470 0.000000
235535.375000 3022.932861 0.000000

0.000357 0.000472 0.000000
236337.859375 2820.949951 0.000000

0.000359 0.000474 0.000000
237140.156250 2618.964844 0.000000

0.000361 0.000476 0.000000
237942.281250 2416.977783 0.000000

0.000363 0.000478 0.000000
238744.234375 2214.989014 0.000000

0.000365 0.000480 0.000000
239546.015625 2012.998535 0.000000

0.000367 0.000482 0.000000
240347.609375 1811.006592 0.000000

0.000369 0.000484 0.000000
241149.031250 1609.013306 0.000000

0.000370 0.000486 0.000000
241950.281250 1407.018921 0.000000

0.000372 0.000488 0.000000
242751.359375 1205.023560 0.000000

0.000374 0.000490 0.000000
243552.281250 1003.027344 0.000000

0.000376 0.000492 0.000000
244353.031250 801.030457 0.000000

0.000378 0.000494 0.000000
245153.609375 599.033020 0.000000

0.000380 0.000496 0.000000
245954.015625 397.035156 0.000000

0.000382 0.000498 0.000000
246754.265625 195.037033 0.000000

0.000384 0.000500 0.000000
247554.343750 -6.961227 0.000000

0.000386 0.000502 0.000000
248354.265625 -208.959488 0.000000

0.000388 0.000504 0.000000
249154.031250 -410.957611 0.000000

0.000390 0.000506 0.000000
249953.625000 -612.955444 0.000000

0.000392 0.000508 0.000000
250753.062500 -814.952881 0.000000

0.000394 0.000510 0.000000
251552.343750 -1016.949829 0.000000

0.000396 0.000512 0.000000
252351.468750 -1218.946167 0.000000

0.000398 0.000514 0.000000
253150.437500 -1420.941650 0.000000

0.000401 0.000516 0.000000
253949.250000 -1622.936279 0.000000

0.000403 0.000518 0.000000
254747.906250 -1824.929932 0.000000

0.000405 0.000520 0.000000
255546.406250 -2026.922485 0.000000

0.000407 0.000522 0.000000
256344.750000 -2228.913818 0.000000

0.000409 0.000524 0.000000
257142.937500 -2430.903809 0.000000

0.000411 0.000526 0.000000
257940.984375 -2632.892334 0.000000

0.000413 0.000528 0.000000
258738.875000 -2834.879395 0.000000

0.000415 0.000530 0.000000
259536.609375 -3036.864746 0.000000

0.000417 0.000532 0.000000
260334.203125 -3238.848389 0.000000

0.000419 0.000534 0.000000
261131.656250 -3440.830322 0.000000

0.000421 0.000536 0.000000
261928.953125 -3642.810303 0.000000

0.000423 0.000538 0.000000
262726.093750 -3844.788086 0.000000

0.000425 0.000540 0.000000
263523.093750 -4046.763916 0.000000

0.000427 0.000542 0.000000
264319.968750 -4248.737305 0.000000

0.000429 0.000545 0.000000
265116.687500 -4450.708496 0.000000

0.000431 0.000547 0.000000
265913.281250 -4652.677246 0.000000

0.000433 0.000549 0.000000
266709.718750 -4854.643555 0.000000

0.000435 0.000551 0.000000
267506.031250 -5056.607422 0.000000

0.000437 0.000553 0.000000
268302.187500 -5258.568848 0.000000

0.000439 0.000555 0.000000
269098.218750 -5460.527344 0.000000

0.000441 0.000557 0.000000
269894.093750 -5662.482910 0.000000

0.000443 0.000559 0.000000
270689.843750 -5864.435547 0.000000

0.000445 0.000561 0.000000
271485.437500 -6066.385254 0.000000

0.000447 0.000563 0.000000
272280.906250 -6268.332031 0.000000

0.000449 0.000565 0.000000
273076.250000 -6470.275879 0.000000

0.000451 0.000567 0.000000
273871.437500 -6672.216309 0.000000

0.000453 0.000569 0.000000
274666.500000 -6874.153809 0.000000

0.000455 0.000571 0.000000
275461.437500 -7076.087891 0.000000

0.000457 0.000573 0.000000
276256.250000 -7278.018555 0.000000

0.000459 0.000575 0.000000
277050.937500 -7479.945801 0.000000

0.000462 0.000577 0.000000
277845.468750 -7681.869629 0.000000

0.000464 0.000579 0.000000
278639.875000 -7883.789551 0.000000

0.000466 0.000581 0.000000
279434.156250 -8085.706055 0.000000

0.000468 0.000583 0.000000
280228.312500 -8287.619141 0.000000

0.000470 0.000585 0.000000
281022.343750 -8489.528320 0.000000

0.000472 0.000587 0.000000
281816.250000 -8691.433594 0.000000

0.000474 0.000589 0.000000
282610.031250 -8893.334961 0.000000

0.000476 0.000591 0.000000
283403.687500 -9095.232422 0.000000

0.000478 0.000593 0.000000
284197.218750 -9297.125977 0.000000

0.000480 0.000595 0.000000
284990.625000 -9499.015625 0.000000

0.000482 0.000597 0.000000
285783.906250 -9700.900391 0.000000

0.000484 0.000599 0.000000
286577.062500 -9902.781250 0.000000

0.000486 0.000601 0.000000
287370.093750 -10104.658203 0.000000

0.000488 0.000603 0.000000
288163.000000 -10306.531250 0.000000

0.000490 0.000605 0.000000
288955.812500 -10508.399414 0.000000

0.000493 0.000607 0.000000
289748.500000 -10710.263672 0.000000

0.000495 0.000609 0.000000
290541.062500 -10912.123047 0.000000

0.000497 0.000611 0.000000
291333.500000 -11113.978516 0.000000

0.000499 0.000613 0.000000
292125.812500 -11315.829102 0.000000

0.000501 0.000615 0.000000
292918.031250 -11517.674805 0.000000

0.000503 0.000617 0.000000
293710.125000 -11719.516602 0.000000

0.000505 0.000619 0.000000
294502.093750 -11921.353516 0.000000

0.000507 0.000621 0.000000
295293.968750 -12123.185547 0.000000

0.000509 0.000623 0.000000
296085.718750 -12325.012695 0.000000

0.000511 0.000625 0.000000
296877.343750 -12526.835938 0.000000

0.000513 0.000627 0.000000
297668.875000 -12728.654297 0.000000

0.000515 0.000629 0.000000
298460.281250 -12930.467773 0.000000

0.000517 0.000631 0.000000
299251.562500 -13132.276367 0.000000

0.000520 0.000633 0.000000
300042.750000 -13334.080078 0.000000

0.000522 0.000635 0.000000
300833.812500 -13535.878906 0.000000

0.000524 0.000637 0.000000
301624.781250 -13737.672852 0.000000

0.000526 0.000639 0.000000
302415.625000 -13939.461914 0.000000

0.000528 0.000641 0.000000
303206.375000 -14141.245117 0.000000

0.000530 0.000643 0.000000
303997.000000 -14343.023438 0.000000

0.000532 0.000645 0.000000
304787.531250 -14544.796875 0.000000

0.000534 0.000647 0.000000
305577.937500 -14746.565430 0.000000

0.000536 0.000649 0.000000
306368.250000 -14948.328125 0.000000

0.000538 0.000652 0.000000
307158.468750 -15150.085938 0.000000

0.000541 0.000654 0.000000
307948.562500 -15351.838867 0.000000

0.000543 0.000656 0.000000
308738.562500 -15553.586914 0.000000

0.000545 0.000658 0.000000
309528.468750 -15755.329102 0.000000

0.000547 0.000660 0.000000
310318.250000 -15957.066406 0.000000

0.000549 0.000662 0.000000
311107.937500 -16158.797852 0.000000

0.000551 0.000664 0.000000
311897.531250 -16360.524414 0.000000

0.000553 0.000666 0.000000
312687.000000 -16562.246094 0.000000

0.000555 0.000668 0.000000
313476.375000 -16763.960938 0.000000

0.000557 0.000670 0.000000
314265.656250 -16965.671875 0.000000

0.000559 0.000672 0.000000
315054.843750 -17167.376953 0.000000

0.000562 0.000674 0.000000
315843.906250 -17369.076172 0.000000

0.000564 0.000676 0.000000
316632.875000 -17570.769531 0.000000

0.000566 0.000678 0.000000
317421.750000 -17772.457031 0.000000

0.000568 0.000680 0.000000
318210.531250 -17974.140625 0.000000

0.000570 0.000682 0.000000
318999.218750 -18175.818359 0.000000

0.000572 0.000684 0.000000
319787.812500 -18377.490234 0.000000

0.000574 0.000686 0.000000
320576.281250 -18579.156250 0.000000

0.000576 0.000688 0.000000
321364.656250 -18780.816406 0.000000

0.000578 0.000690 0.000000
322152.937500 -18982.470703 0.000000

0.000581 0.000692 0.000000
322941.125000 -19184.119141 0.000000

0.000583 0.000694 0.000000
323729.218750 -19385.761719 0.000000

0.000585 0.000696 0.000000
324517.218750 -19587.400391 0.000000

0.000587 0.000698 0.000000
325305.125000 -19789.033203 0.000000

0.000589 0.000700 0.000000
326092.937500 -19990.660156 0.000000

0.000591 0.000702 0.000000
326880.656250 -20192.281250 0.000000

0.000593 0.000704 0.000000
327668.281250 -20393.896484 0.000000

0.000595 0.000706 0.000000
328455.812500 -20595.505859 0.000000

0.000598 0.000708 0.000000
329243.250000 -20797.109375 0.000000

0.000600 0.000710 0.000000
330030.593750 -20998.707031 0.000000

0.000602 0.000712 0.000000
330817.843750 -21200.298828 0.000000

0.000604 0.000714 0.000000
331605.000000 -21401.884766 0.000000

0.000606 0.000716 0.000000
332392.093750 -21603.464844 0.000000

0.000608 0.000718 0.000000
333179.093750 -21805.039062 0.000000

0.000610 0.000720 0.000000
333966.000000 -22006.607422 0.000000

0.000612 0.000722 0.000000
334752.812500 -22208.169922 0.000000

0.000615 0.000724 0.000000
335539.531250 -22409.726562 0.000000

0.000617 0.000726 0.000000
336326.156250 -22611.277344 0.000000

0.000619 0.000728 0.000000
337112.718750 -22812.822266 0.000000

0.000621 0.000730 0.000000
337899.187500 -23014.361328 0.000000

0.000623 0.000732 0.000000
338685.562500 -23215.894531 0.000000

0.000625 0.000734 0.000000
339471.843750 -23417.421875 0.000000

0.000627 0.000736 0.000000
340258.031250 -23618.943359 0.000000

0.000630 0.000738 0.000000
341044.156250 -23820.458984 0.000000

0.000632 0.000740 0.000000
341830.187500 -24021.968750 0.000000

0.000634 0.000742 0.000000
342616.125000 -24223.472656 0.000000

0.000636 0.000744 0.000000
343402.000000 -24424.970703 0.000000

0.000638 0.000746 0.000000
344187.781250 -24626.462891 0.000000

0.000640 0.000748 0.000000
344973.468750 -24827.947266 0.000000

0.000642 0.000750 0.000000
345759.062500 -25029.425781 0.000000

0.000645 0.000752 0.000000
346544.593750 -25230.898438 0.000000

0.000647 0.000754 0.000000
347330.031250 -25432.365234 0.000000

0.000649 0.000756 0.000000
348115.406250 -25633.826172 0.000000

0.000651 0.000758 0.000000
348900.687500 -25835.281250 0.000000

0.000653 0.000760 0.000000
349685.875000 -26036.730469 0.000000

0.000655 0.000762 0.000000
350471.000000 -26238.173828 0.000000

0.000657 0.000764 0.000000
351256.031250 -26439.611328 0.000000

0.000660 0.000766 0.000000
352041.000000 -26641.042969 0.000000

0.000662 0.000768 0.000000
352825.875000 -26842.468750 0.000000

0.000664 0.000770 0.000000
353610.656250 -27043.886719 0.000000

0.000666 0.000772 0.000000
354395.375000 -27245.298828 0.000000

0.000668 0.000774 0.000000
355180.000000 -27446.705078 0.000000

0.000670 0.000776 0.000000
355964.562500 -27648.105469 0.000000

0.000673 0.000778 0.000000
356749.031250 -27849.500000 0.000000

0.000675 0.000781 0.000000
357533.437500 -28050.888672 0.000000

0.000677 0.000783 0.000000
358317.750000 -28252.271484 0.000000

0.000679 0.000785 0.000000
359102.000000 -28453.648438 0.000000

0.000681 0.000787 0.000000
359886.156250 -28655.019531 0.000000

0.000683 0.000789 0.000000
360670.250000 -28856.382812 0.000000

0.000685 0.000791 0.000000
361454.281250 -29057.740234 0.000000

0.000688 0.000793 0.000000
362238.218750 -29259.091797 0.000000

0.000690 0.000795 0.000000
363022.093750 -29460.437500 0.000000

0.000692 0.000797 0.000000
363805.875000 -29661.777344 0.000000

0.000694 0.000799 0.000000
364589.593750 -29863.111328 0.000000

0.000696 0.000801 0.000000
365373.250000 -30064.439453 0.000000

0.000698 0.000803 0.000000
366156.812500 -30265.761719 0.000000

0.000701 0.000805 0.000000
366940.312500 -30467.076172 0.000000

0.000703 0.000807 0.000000
367723.718750 -30668.384766 0.000000

0.000705 0.000809 0.000000
368507.062500 -30869.687500 0.000000

0.000707 0.000811 0.000000
369290.343750 -31070.984375 0.000000

0.000709 0.000813 0.000000
370073.531250 -31272.275391 0.000000

0.000711 0.000815 0.000000
370856.656250 -31473.560547 0.000000

0.000714 0.000817 0.000000
371639.718750 -31674.839844 0.000000

0.000716 0.000819 0.000000
372422.718750 -31876.113281 0.000000

0.000718 0.000821 0.000000
373205.625000 -32077.378906 0.000000

0.000720 0.000823 0.000000
373988.468750 -32278.638672 0.000000

0.000722 0.000825 0.000000
374771.250000 -32479.892578 0.000000

0.000724 0.000827 0.000000
375553.968750 -32681.140625 0.000000

0.000727 0.000829 0.000000
376336.593750 -32882.382812 0.000000

0.000729 0.000831 0.000000
377119.156250 -33083.617188 0.000000

0.000731 0.000833 0.000000
377901.656250 -33284.847656 0.000000

0.000733 0.000835 0.000000
378684.093750 -33486.070312 0.000000

0.000735 0.000837 0.000000
379466.437500 -33687.289062 0.000000

0.000738 0.000839 0.000000
380248.718750 -33888.500000 0.000000

0.000740 0.000841 0.000000
381030.937500 -34089.707031 0.000000

0.000742 0.000843 0.000000
381813.093750 -34290.906250 0.000000

0.000744 0.000845 0.000000
382595.187500 -34492.101562 0.000000

0.000746 0.000847 0.000000
383377.218750 -34693.289062 0.000000

0.000748 0.000849 0.000000
384159.156250 -34894.468750 0.000000

0.000751 0.000851 0.000000
384941.031250 -35095.644531 0.000000

0.000753 0.000853 0.000000
385722.843750 -35296.812500 0.000000

0.000755 0.000855 0.000000
386504.593750 -35497.976562 0.000000

0.000757 0.000857 0.000000
387286.281250 -35699.132812 0.000000

0.000759 0.000859 0.000000
388067.906250 -35900.285156 0.000000

0.000762 0.000861 0.000000
388849.468750 -36101.429688 0.000000

0.000764 0.000863 0.000000
389630.968750 -36302.570312 0.000000

0.000766 0.000865 0.000000
390412.375000 -36503.703125 0.000000

0.000768 0.000867 0.000000
391193.718750 -36704.828125 0.000000

0.000770 0.000869 0.000000
391975.000000 -36905.949219 0.000000

0.000772 0.000871 0.000000
392756.218750 -37107.062500 0.000000

0.000775 0.000873 0.000000
393537.375000 -37308.171875 0.000000

0.000777 0.000875 0.000000
394318.468750 -37509.273438 0.000000

0.000779 0.000877 0.000000
395099.500000 -37710.371094 0.000000

0.000781 0.000879 0.000000
395880.468750 -37911.460938 0.000000

0.000783 0.000881 0.000000
396661.375000 -38112.546875 0.000000

0.000786 0.000883 0.000000
397442.218750 -38313.625000 0.000000

0.000788 0.000885 0.000000
398223.000000 -38514.699219 0.000000

0.000790 0.000887 0.000000
399003.718750 -38715.765625 0.000000

0.000792 0.000889 0.000000
399784.375000 -38916.824219 0.000000

0.000794 0.000891 0.000000
400564.968750 -39117.878906 0.000000

0.000797 0.000893 0.000000
401345.500000 -39318.925781 0.000000

0.000799 0.000895 0.000000
402125.968750 -39519.968750 0.000000

0.000801 0.000897 0.000000
402906.375000 -39721.003906 0.000000

0.000803 0.000899 0.000000
403686.718750 -39922.035156 0.000000

0.000805 0.000901 0.000000
404467.000000 -40123.058594 0.000000

0.000808 0.000903 0.000000
405247.218750 -40324.078125 0.000000

0.000810 0.000905 0.000000
406027.406250 -40525.089844 0.000000

0.000812 0.000907 0.000000
406807.531250 -40726.097656 0.000000

0.000814 0.000909 0.000000
407587.593750 -40927.097656 0.000000

0.000816 0.000911 0.000000
408367.593750 -41128.093750 0.000000

0.000819 0.000913 0.000000
409147.531250 -41329.082031 0.000000

0.000821 0.000915 0.000000
409927.406250 -41530.066406 0.000000

0.000823 0.000917 0.000000
410707.218750 -41731.042969 0.000000

0.000825 0.000919 0.000000
411486.968750 -41932.015625 0.000000

0.000827 0.000921 0.000000
412266.656250 -42132.980469 0.000000

0.000830 0.000923 0.000000
413046.312500 -42333.937500 0.000000

0.000832 0.000925 0.000000
413825.906250 -42534.890625 0.000000

0.000834 0.000927 0.000000
414605.437500 -42735.835938 0.000000

0.000836 0.000929 0.000000
415384.906250 -42936.777344 0.000000

0.000838 0.000931 0.000000
416164.312500 -43137.710938 0.000000

0.000841 0.000933 0.000000
416943.656250 -43338.640625 0.000000

0.000843 0.000935 0.000000
417722.968750 -43539.562500 0.000000

0.000845 0.000937 0.000000
418502.218750 -43740.480469 0.000000

0.000847 0.000939 0.000000
419281.406250 -43941.390625 0.000000

0.000849 0.000941 0.000000
420060.531250 -44142.296875 0.000000

0.000852 0.000943 0.000000
420839.593750 -44343.195312 0.000000

0.000854 0.000945 0.000000
421618.625000 -44544.089844 0.000000

0.000856 0.000947 0.000000
422397.593750 -44744.976562 0.000000

0.000858 0.000949 0.000000
423176.500000 -44945.859375 0.000000

0.000860 0.000951 0.000000
423955.343750 -45146.734375 0.000000

0.000863 0.000953 0.000000
424734.156250 -45347.605469 0.000000

0.000865 0.000955 0.000000
425512.906250 -45548.468750 0.000000

0.000867 0.000957 0.000000
426291.593750 -45749.328125 0.000000

0.000869 0.000960 0.000000
427070.218750 -45950.179688 0.000000

0.000872 0.000962 0.000000
427848.812500 -46151.027344 0.000000

0.000874 0.000964 0.000000
428627.343750 -46351.871094 0.000000

0.000876 0.000966 0.000000
429405.812500 -46552.707031 0.000000

0.000878 0.000968 0.000000
430184.250000 -46753.539062 0.000000

0.000880 0.000970 0.000000
430962.625000 -46954.363281 0.000000

0.000883 0.000972 0.000000
431740.937500 -47155.183594 0.000000

0.000885 0.000974 0.000000
432519.218750 -47355.996094 0.000000

0.000887 0.000976 0.000000
433297.437500 -47556.804688 0.000000

0.000889 0.000978 0.000000
434075.593750 -47757.605469 0.000000

0.000891 0.000980 0.000000
434853.687500 -47958.402344 0.000000

0.000894 0.000982 0.000000
435631.750000 -48159.191406 0.000000

0.000896 0.000984 0.000000
436409.750000 -48359.976562 0.000000

0.000898 0.000986 0.000000
437187.718750 -48560.753906 0.000000

0.000900 0.000988 0.000000
437965.625000 -48761.527344 0.000000

0.000903 0.000990 0.000000
438743.468750 -48962.292969 0.000000

0.000905 0.000992 0.000000
439521.281250 -49163.054688 0.000000

0.000907 0.000994 0.000000
440299.031250 -49363.808594 0.000000

0.000909 0.000996 0.000000
441076.718750 -49564.558594 0.000000

0.000911 0.000998 0.000000
441854.375000 -49765.304688 0.000000

0.000914 0.001000 0.000000
442631.968750 -49966.042969 0.000000

0.000916 0.001002 0.000000
443409.531250 -50166.777344 0.000000

0.000918 0.001004 0.000000
444187.031250 -50367.503906 0.000000

0.000920 0.001006 0.000000
444964.468750 -50568.226562 0.000000

0.000923 0.001008 0.000000
445741.875000 -50768.941406 0.000000

0.000925 0.001010 0.000000
446519.218750 -50969.652344 0.000000

0.000927 0.001012 0.000000
447296.531250 -51170.355469 0.000000

0.000929 0.001014 0.000000
448073.781250 -51371.054688 0.000000

0.000931 0.001016 0.000000
448850.968750 -51571.750000 0.000000

0.000934 0.001018 0.000000
449628.125000 -51772.437500 0.000000

0.000936 0.001020 0.000000
450405.218750 -51973.121094 0.000000

0.000938 0.001022 0.000000
451182.281250 -52173.796875 0.000000

0.000940 0.001024 0.000000
451959.281250 -52374.468750 0.000000

0.000943 0.001026 0.000000
452736.250000 -52575.132812 0.000000

0.000945 0.001028 0.000000
453513.156250 -52775.792969 0.000000

0.000947 0.001030 0.000000
454290.031250 -52976.449219 0.000000

0.000949 0.001032 0.000000
455066.843750 -53177.097656 0.000000

0.000952 0.001034 0.000000
455843.625000 -53377.742188 0.000000

0.000954 0.001036 0.000000
456620.343750 -53578.378906 0.000000

0.000956 0.001038 0.000000
457397.031250 -53779.011719 0.000000

0.000958 0.001040 0.000000
458173.656250 -53979.640625 0.000000

0.000960 0.001042 0.000000
458950.250000 -54180.261719 0.000000

0.000963 0.001044 0.000000
459726.781250 -54380.878906 0.000000

0.000965 0.001046 0.000000
460503.281250 -54581.488281 0.000000

0.000967 0.001048 0.000000
461279.718750 -54782.093750 0.000000

0.000969 0.001050 0.000000
462056.125000 -54982.695312 0.000000

0.000972 0.001052 0.000000
462832.468750 -55183.289062 0.000000

0.000974 0.001054 0.000000
463608.781250 -55383.878906 0.000000

0.000976 0.001056 0.000000
464385.031250 -55584.460938 0.000000

0.000978 0.001058 0.000000
465161.250000 -55785.039062 0.000000

0.000981 0.001060 0.000000
465937.406250 -55985.613281 0.000000

0.000983 0.001062 0.000000
466713.531250 -56186.179688 0.000000

0.000985 0.001064 0.000000
467489.625000 -56386.742188 0.000000

0.000987 0.001066 0.000000
468265.656250 -56587.296875 0.000000

0.000990 0.001068 0.000000
469041.656250 -56787.847656 0.000000

0.000992 0.001070 0.000000
469817.593750 -56988.394531 0.000000

0.000994 0.001072 0.000000
470593.500000 -57188.933594 0.000000

0.000996 0.001074 0.000000
471369.343750 -57389.468750 0.000000

0.000999 0.001076 0.000000
472145.156250 -57590.000000 0.000000

0.001001 0.001078 0.000000
472920.937500 -57790.523438 0.000000

0.001003 0.001080 0.000000
473696.656250 -57991.042969 0.000000

0.001005 0.001082 0.000000
474472.343750 -58191.554688 0.000000

0.001008 0.001084 0.000000
475247.968750 -58392.062500 0.000000

0.001010 0.001086 0.000000
476023.562500 -58592.566406 0.000000

0.001012 0.001088 0.000000
476799.125000 -58793.062500 0.000000

0.001014 0.001090 0.000000
477574.625000 -58993.554688 0.000000

0.001016 0.001092 0.000000
478350.093750 -59194.042969 0.000000

0.001019 0.001094 0.000000
479125.531250 -59394.523438 0.000000

0.001021 0.001096 0.000000
479900.906250 -59595.000000 0.000000

0.001023 0.001098 0.000000
480676.250000 -59795.472656 0.000000

0.001025 0.001100 0.000000
481451.531250 -59995.937500 0.000000

0.001028 0.001102 0.000000
482226.781250 -60196.398438 0.000000

0.001030 0.001104 0.000000
483002.000000 -60396.855469 0.000000

0.001032 0.001106 0.000000
483777.156250 -60597.304688 0.000000

0.001034 0.001108 0.000000
484552.281250 -60797.750000 0.000000

0.001037 0.001110 0.000000
485327.375000 -60998.191406 0.000000

0.001039 0.001112 0.000000
486102.406250 -61198.625000 0.000000

0.001041 0.001114 0.000000
486877.406250 -61399.054688 0.000000

0.001043 0.001116 0.000000
487652.375000 -61599.480469 0.000000

0.001046 0.001118 0.000000
488427.312500 -61799.898438 0.000000

0.001048 0.001120 0.000000
489202.187500 -62000.312500 0.000000

0.001050 0.001122 0.000000
489977.031250 -62200.722656 0.000000

0.001052 0.001124 0.000000
490751.843750 -62401.125000 0.000000

0.001055 0.001126 0.000000
491526.593750 -62601.523438 0.000000

0.001057 0.001128 0.000000
492301.312500 -62801.917969 0.000000

0.001059 0.001130 0.000000
493076.000000 -63002.304688 0.000000

0.001061 0.001132 0.000000
493850.625000 -63202.687500 0.000000

0.001064 0.001134 0.000000
494625.218750 -63403.066406 0.000000

0.001066 0.001136 0.000000
495399.781250 -63603.437500 0.000000

0.001068 0.001138 0.000000
496174.312500 -63803.804688 0.000000

0.001071 0.001140 0.000000
496948.781250 -64004.167969 0.000000

0.001073 0.001142 0.000000
497723.218750 -64204.523438 0.000000

0.001075 0.001144 0.000000
498497.625000 -64404.875000 0.000000

0.001077 0.001146 0.000000
499272.000000 -64605.222656 0.000000

0.001080 0.001148 0.000000
500046.312500 -64805.566406 0.000000

0.001082 0.001150 0.000000
500820.593750 -65005.902344 0.000000

0.001084 0.001152 0.000000
501594.843750 -65206.234375 0.000000

0.001086 0.001154 0.000000
502369.062500 -65406.562500 0.000000

0.001089 0.001156 0.000000
503143.218750 -65606.882812 0.000000

0.001091 0.001158 0.000000
503917.343750 -65807.203125 0.000000

0.001093 0.001160 0.000000
504691.437500 -66007.515625 0.000000

0.001095 0.001162 0.000000
505465.500000 -66207.820312 0.000000

0.001098 0.001164 0.000000
506239.500000 -66408.125000 0.000000

0.001100 0.001166 0.000000
507013.468750 -66608.421875 0.000000

0.001102 0.001168 0.000000
507787.406250 -66808.710938 0.000000

0.001104 0.001170 0.000000
508561.312500 -67009.000000 0.000000

0.001107 0.001172 0.000000
509335.187500 -67209.281250 0.000000

0.001109 0.001174 0.000000
510109.000000 -67409.554688 0.000000

0.001111 0.001176 0.000000
510882.781250 -67609.828125 0.000000

0.001113 0.001178 0.000000
511656.531250 -67810.093750 0.000000

0.001116 0.001180 0.000000
512430.250000 -68010.359375 0.000000

0.001118 0.001182 0.000000
513203.937500 -68210.617188 0.000000

0.001120 0.001184 0.000000
513977.562500 -68410.867188 0.000000

0.001122 0.001186 0.000000
514751.156250 -68611.117188 0.000000

0.001125 0.001188 0.000000
515524.718750 -68811.359375 0.000000

0.001127 0.001190 0.000000
516298.250000 -69011.593750 0.000000

0.001129 0.001192 0.000000
517071.750000 -69211.828125 0.000000

0.001132 0.001194 0.000000
517845.218750 -69412.054688 0.000000

0.001134 0.001196 0.000000
518618.625000 -69612.281250 0.000000

0.001136 0.001198 0.000000
519392.000000 -69812.500000 0.000000

0.001138 0.001200 0.000000
520165.343750 -70012.710938 0.000000

0.001141 0.001202 0.000000
520938.656250 -70212.921875 0.000000

0.001143 0.001204 0.000000
521711.937500 -70413.125000 0.000000

0.001145 0.001206 0.000000
522485.187500 -70613.320312 0.000000

0.001147 0.001208 0.000000
523258.406250 -70813.515625 0.000000

0.001150 0.001210 0.000000
524031.562500 -71013.703125 0.000000

0.001152 0.001212 0.000000
524804.687500 -71213.890625 0.000000

0.001154 0.001214 0.000000
525577.812500 -71414.070312 0.000000

0.001156 0.001216 0.000000
526350.875000 -71614.242188 0.000000

0.001159 0.001218 0.000000
527123.875000 -71814.414062 0.000000

0.001161 0.001220 0.000000
527896.875000 -72014.578125 0.000000

0.001163 0.001222 0.000000
528669.812500 -72214.742188 0.000000

0.001166 0.001224 0.000000
529442.750000 -72414.898438 0.000000

0.001168 0.001226 0.000000
530215.625000 -72615.046875 0.000000

0.001170 0.001228 0.000000
530988.500000 -72815.195312 0.000000

0.001172 0.001230 0.000000
531761.312500 -73015.335938 0.000000

0.001175 0.001232 0.000000
532534.125000 -73215.476562 0.000000

0.001177 0.001234 0.000000
533306.875000 -73415.609375 0.000000

0.001179 0.001236 0.000000
534079.562500 -73615.734375 0.000000

0.001181 0.001238 0.000000
534852.250000 -73815.859375 0.000000

0.001184 0.001240 0.000000
535624.875000 -74015.976562 0.000000

0.001186 0.001242 0.000000
536397.500000 -74216.093750 0.000000

0.001188 0.001244 0.000000
537170.062500 -74416.203125 0.000000

0.001191 0.001246 0.000000
537942.625000 -74616.304688 0.000000

0.001193 0.001248 0.000000
538715.125000 -74816.406250 0.000000

0.001195 0.001250 0.000000
539487.625000 -75016.500000 0.000000

0.001197 0.001252 0.000000
540260.062500 -75216.593750 0.000000

0.001200 0.001254 0.000000
541032.500000 -75416.679688 0.000000

0.001202 0.001256 0.000000
541804.875000 -75616.757812 0.000000

0.001204 0.001258 0.000000
542577.250000 -75816.835938 0.000000

0.001207 0.001260 0.000000
543349.562500 -76016.906250 0.000000

0.001209 0.001262 0.000000
544121.812500 -76216.976562 0.000000

0.001211 0.001264 0.000000
544894.062500 -76417.039062 0.000000

0.001213 0.001266 0.000000
545666.250000 -76617.093750 0.000000

0.001216 0.001268 0.000000
546438.437500 -76817.148438 0.000000

0.001218 0.001270 0.000000
547210.562500 -77017.195312 0.000000

0.001220 0.001272 0.000000
547982.687500 -77217.242188 0.000000

0.001222 0.001274 0.000000
548754.750000 -77417.281250 0.000000

0.001225 0.001276 0.000000
549526.812500 -77617.312500 0.000000

0.001227 0.001278 0.000000
550298.812500 -77817.343750 0.000000

0.001229 0.001280 0.000000
551070.812500 -78017.367188 0.000000

0.001232 0.001282 0.000000
551842.750000 -78217.390625 0.000000

0.001234 0.001284 0.000000
552614.687500 -78417.406250 0.000000

0.001236 0.001286 0.000000
553386.562500 -78617.421875 0.000000

0.001238 0.001288 0.000000
554158.437500 -78817.429688 0.000000

0.001241 0.001290 0.000000
554930.250000 -79017.429688 0.000000

0.001243 0.001292 0.000000
555702.062500 -79217.429688 0.000000

0.001245 0.001294 0.000000
556473.812500 -79417.421875 0.000000

0.001248 0.001296 0.000000
557245.562500 -79617.414062 0.000000

0.001250 0.001298 0.000000
558017.250000 -79817.398438 0.000000

0.001252 0.001300 0.000000
558788.937500 -80017.382812 0.000000

0.001254 0.001302 0.000000
559560.562500 -80217.359375 0.000000

0.001257 0.001304 0.000000
560332.187500 -80417.328125 0.000000

0.001259 0.001306 0.000000
561103.750000 -80617.296875 0.000000

0.001261 0.001308 0.000000
561875.312500 -80817.257812 0.000000

0.001264 0.001310 0.000000
562646.812500 -81017.218750 0.000000

0.001266 0.001312 0.000000
563418.312500 -81217.171875 0.000000

0.001268 0.001314 0.000000
564189.750000 -81417.125000 0.000000

0.001270 0.001316 0.000000
564961.187500 -81617.070312 0.000000

0.001273 0.001318 0.000000
565732.562500 -81817.007812 0.000000

0.001275 0.001320 0.000000
566503.937500 -82016.945312 0.000000

0.001277 0.001322 0.000000
567275.250000 -82216.875000 0.000000

0.001280 0.001324 0.000000
568046.562500 -82416.804688 0.000000

0.001282 0.001326 0.000000
568817.812500 -82616.726562 0.000000

0.001284 0.001328 0.000000
569589.062500 -82816.648438 0.000000

0.001286 0.001330 0.000000
570360.250000 -83016.562500 0.000000

0.001289 0.001332 0.000000
571131.437500 -83216.476562 0.000000

0.001291 0.001334 0.000000
571902.562500 -83416.382812 0.000000

0.001293 0.001336 0.000000
572673.687500 -83616.281250 0.000000

0.001296 0.001338 0.000000
573444.812500 -83816.179688 0.000000

0.001298 0.001340 0.000000
574215.875000 -84016.070312 0.000000

0.001300 0.001342 0.000000
574986.937500 -84215.960938 0.000000

0.001302 0.001344 0.000000
575757.937500 -84415.843750 0.000000

0.001305 0.001346 0.000000
576528.937500 -84615.726562 0.000000

0.001307 0.001348 0.000000
577299.875000 -84815.601562 0.000000

0.001309 0.001350 0.000000
578070.812500 -85015.476562 0.000000

0.001312 0.001352 0.000000
578841.687500 -85215.343750 0.000000

0.001314 0.001354 0.000000
579612.562500 -85415.210938 0.000000

0.001316 0.001356 0.000000
580383.375000 -85615.070312 0.000000

0.001318 0.001358 0.000000
581154.187500 -85814.921875 0.000000

0.001321 0.001360 0.000000
581924.937500 -86014.773438 0.000000

0.001323 0.001362 0.000000
582695.687500 -86214.617188 0.000000

0.001325 0.001364 0.000000
583466.437500 -86414.460938 0.000000

0.001328 0.001366 0.000000
584237.125000 -86614.296875 0.000000

0.001330 0.001368 0.000000
585007.812500 -86814.132812 0.000000

0.001332 0.001370 0.000000
585778.437500 -87013.960938 0.000000

0.001335 0.001372 0.000000
586549.062500 -87213.789062 0.000000

0.001337 0.001374 0.000000
587319.625000 -87413.609375 0.000000

0.001339 0.001376 0.000000
588090.187500 -87613.429688 0.000000

0.001341 0.001378 0.000000
588860.687500 -87813.242188 0.000000

0.001344 0.001380 0.000000
589631.187500 -88013.054688 0.000000

0.001346 0.001382 0.000000
590401.625000 -88212.859375 0.000000

0.001348 0.001384 0.000000
591172.062500 -88412.656250 0.000000

0.001351 0.001386 0.000000
591942.500000 -88612.453125 0.000000

0.001353 0.001388 0.000000
592712.875000 -88812.242188 0.000000

0.001355 0.001390 0.000000
593483.250000 -89012.031250 0.000000

0.001357 0.001392 0.000000
594253.562500 -89211.812500 0.000000

0.001360 0.001394 0.000000
595023.875000 -89411.593750 0.000000

0.001362 0.001396 0.000000
595794.125000 -89611.367188 0.000000

0.001364 0.001398 0.000000
596564.375000 -89811.140625 0.000000

0.001367 0.001400 0.000000
597334.625000 -90010.906250 0.000000

0.001369 0.001402 0.000000
598104.812500 -90210.671875 0.000000

0.001371 0.001404 0.000000
598875.000000 -90410.429688 0.000000

0.001374 0.001406 0.000000
599645.125000 -90610.187500 0.000000

0.001376 0.001408 0.000000
600415.250000 -90809.937500 0.000000

0.001378 0.001410 0.000000
601185.312500 -91009.687500 0.000000

0.001380 0.001412 0.000000
601955.375000 -91209.429688 0.000000

0.001383 0.001414 0.000000
602725.437500 -91409.171875 0.000000

0.001385 0.001416 0.000000
603495.437500 -91608.906250 0.000000

0.001387 0.001418 0.000000
604265.437500 -91808.640625 0.000000

0.001390 0.001420 0.000000
605035.375000 -92008.367188 0.000000

0.001392 0.001422 0.000000
605805.312500 -92208.093750 0.000000

0.001394 0.001424 0.000000
606575.187500 -92407.812500 0.000000

0.001397 0.001426 0.000000
607345.062500 -92607.531250 0.000000

0.001399 0.001428 0.000000
608114.937500 -92807.242188 0.000000

0.001401 0.001430 0.000000
608884.750000 -93006.945312 0.000000

0.001403 0.001432 0.000000
609654.562500 -93206.648438 0.000000

0.001406 0.001434 0.000000
610424.312500 -93406.343750 0.000000

0.001408 0.001436 0.000000
611194.062500 -93606.039062 0.000000

0.001410 0.001438 0.000000
611963.750000 -93805.726562 0.000000

0.001413 0.001440 0.000000
612733.437500 -94005.414062 0.000000

0.001415 0.001442 0.000000
613503.125000 -94205.093750 0.000000

0.001417 0.001444 0.000000
614272.750000 -94404.773438 0.000000

0.001420 0.001446 0.000000
615042.375000 -94604.445312 0.000000

0.001422 0.001448 0.000000
615811.937500 -94804.117188 0.000000

0.001424 0.001450 0.000000
616581.500000 -95003.781250 0.000000

0.001426 0.001452 0.000000
617351.062500 -95203.445312 0.000000

0.001429 0.001454 0.000000
618120.562500 -95403.101562 0.000000

0.001431 0.001456 0.000000
618890.062500 -95602.757812 0.000000

0.001433 0.001458 0.000000
619659.500000 -95802.406250 0.000000

0.001436 0.001460 0.000000
620428.937500 -96002.054688 0.000000

0.001438 0.001462 0.000000
621198.375000 -96201.695312 0.000000

0.001440 0.001464 0.000000
621967.750000 -96401.335938 0.000000

0.001443 0.001466 0.000000
622737.125000 -96600.968750 0.000000

0.001445 0.001468 0.000000
623506.437500 -96800.601562 0.000000

0.001447 0.001470 0.000000
624275.750000 -97000.226562 0.000000

0.001450 0.001472 0.000000
625045.062500 -97199.851562 0.000000

0.001452 0.001474 0.000000
625814.312500 -97399.468750 0.000000

0.001454 0.001476 0.000000
626583.562500 -97599.085938 0.000000

0.001456 0.001478 0.000000
627352.750000 -97798.703125 0.000000

0.001459 0.001480 0.000000
628121.937500 -97998.312500 0.000000

0.001461 0.001482 0.000000
628891.125000 -98197.921875 0.000000

0.001463 0.001484 0.000000
629660.250000 -98397.523438 0.000000

0.001466 0.001486 0.000000
630429.375000 -98597.125000 0.000000

0.001468 0.001488 0.000000
631198.437500 -98796.718750 0.000000

0.001470 0.001490 0.000000
631967.500000 -98996.312500 0.000000

0.001473 0.001492 0.000000
632736.562500 -99195.898438 0.000000

0.001475 0.001494 0.000000
633505.562500 -99395.484375 0.000000

0.001477 0.001496 0.000000
634274.562500 -99595.062500 0.000000

0.001480 0.001498 0.000000
635043.562500 -99794.640625 0.000000

0.001482 0.001500 0.000000
635812.500000 -99994.210938 0.000000

0.001484 0.001502 0.000000
636581.437500 -100193.781250 0.000000

0.001486 0.001504 0.000000
637350.312500 -100393.343750 0.000000

0.001489 0.001506 0.000000
638119.187500 -100592.906250 0.000000

0.001491 0.001508 0.000000
638888.062500 -100792.460938 0.000000

0.001493 0.001510 0.000000
639656.875000 -100992.015625 0.000000

0.001496 0.001512 0.000000
640425.687500 -101191.562500 0.000000

0.001498 0.001514 0.000000
641194.437500 -101391.109375 0.000000

0.001500 0.001516 0.000000
641963.187500 -101590.648438 0.000000

0.001503 0.001518 0.000000
642731.937500 -101790.187500 0.000000

0.001505 0.001520 0.000000
643500.625000 -101989.718750 0.000000

0.001507 0.001522 0.000000
644269.312500 -102189.250000 0.000000

0.001510 0.001524 0.000000
645038.000000 -102388.773438 0.000000

0.001512 0.001526 0.000000
645806.625000 -102588.296875 0.000000

0.001514 0.001528 0.000000
646575.250000 -102787.820312 0.000000

0.001517 0.001530 0.000000
647343.875000 -102987.335938 0.000000

0.001519 0.001532 0.000000
648112.437500 -103186.851562 0.000000

0.001521 0.001534 0.000000
648881.000000 -103386.359375 0.000000

0.001524 0.001536 0.000000
649649.500000 -103585.867188 0.000000

0.001526 0.001538 0.000000
650418.000000 -103785.367188 0.000000

0.001528 0.001540 0.000000
651186.500000 -103984.867188 0.000000

0.001530 0.001542 0.000000
651954.937500 -104184.359375 0.000000

0.001533 0.001544 0.000000
652723.375000 -104383.851562 0.000000

0.001535 0.001546 0.000000
653491.812500 -104583.335938 0.000000

0.001537 0.001548 0.000000
654260.187500 -104782.820312 0.000000

0.001540 0.001550 0.000000
655028.562500 -104982.296875 0.000000

0.001542 0.001552 0.000000
655796.937500 -105181.773438 0.000000

0.001544 0.001554 0.000000
656565.250000 -105381.242188 0.000000

0.001547 0.001556 0.000000
657333.562500 -105580.710938 0.000000

0.001549 0.001558 0.000000
658101.812500 -105780.179688 0.000000

0.001551 0.001560 0.000000
658870.062500 -105979.640625 0.000000

0.001554 0.001562 0.000000
659638.312500 -106179.101562 0.000000

0.001556 0.001564 0.000000
660406.500000 -106378.554688 0.000000

0.001558 0.001566 0.000000
661174.687500 -106578.007812 0.000000

0.001561 0.001568 0.000000
661942.875000 -106777.453125 0.000000

0.001563 0.001570 0.000000
662711.000000 -106976.898438 0.000000

0.001565 0.001572 0.000000
663479.125000 -107176.335938 0.000000

0.001568 0.001574 0.000000
664247.250000 -107375.773438 0.000000

0.001570 0.001576 0.000000
665015.312500 -107575.203125 0.000000

0.001572 0.001578 0.000000
665783.375000 -107774.632812 0.000000

0.001574 0.001580 0.000000
666551.437500 -107974.062500 0.000000

0.001577 0.001582 0.000000
667319.437500 -108173.484375 0.000000

0.001579 0.001584 0.000000
668087.437500 -108372.906250 0.000000

0.001581 0.001586 0.000000
668855.437500 -108572.320312 0.000000

0.001584 0.001588 0.000000
669623.375000 -108771.734375 0.000000

0.001586 0.001590 0.000000
670391.312500 -108971.140625 0.000000

0.001588 0.001592 0.000000
671159.250000 -109170.546875 0.000000

0.001591 0.001594 0.000000
671927.125000 -109369.945312 0.000000

0.001593 0.001596 0.000000
672695.000000 -109569.343750 0.000000

0.001595 0.001598 0.000000
673462.812500 -109768.742188 0.000000

0.001598 0.001600 0.000000
674230.625000 -109968.132812 0.000000

0.001600 0.001602 0.000000
674998.437500 -110167.523438 0.000000

0.001602 0.001604 0.000000
675766.187500 -110366.906250 0.000000

0.001605 0.001606 0.000000
676533.937500 -110566.289062 0.000000

0.001607 0.001608 0.000000
677301.687500 -110765.664062 0.000000

0.001609 0.001610 0.000000
678069.375000 -110965.039062 0.000000

0.001612 0.001612 0.000000
678837.062500 -111164.406250 0.000000

0.001614 0.001614 0.000000
679604.750000 -111363.773438 0.000000

0.001616 0.001616 0.000000
680372.375000 -111563.140625 0.000000

0.001619 0.001618 0.000000
681140.000000 -111762.500000 0.000000

0.001621 0.001620 0.000000
681907.625000 -111961.859375 0.000000

0.001623 0.001622 0.000000
682675.187500 -112161.210938 0.000000

0.001626 0.001624 0.000000
683442.750000 -112360.562500 0.000000

0.001628 0.001626 0.000000
684210.312500 -112559.906250 0.000000

0.001630 0.001628 0.000000
684977.812500 -112759.250000 0.000000

0.001633 0.001630 0.000000
685745.312500 -112958.593750 0.000000

0.001635 0.001632 0.000000
686512.812500 -113157.929688 0.000000

0.001637 0.001634 0.000000
687280.312500 -113357.265625 0.000000

0.001640 0.001636 0.000000
688047.750000 -113556.593750 0.000000

0.001642 0.001638 0.000000
688815.187500 -113755.921875 0.000000

0.001644 0.001640 0.000000
689582.625000 -113955.242188 0.000000

0.001646 0.001642 0.000000
690350.000000 -114154.562500 0.000000

0.001649 0.001644 0.000000
691117.375000 -114353.882812 0.000000

0.001651 0.001646 0.000000
691884.750000 -114553.195312 0.000000

0.001653 0.001648 0.000000
692652.062500 -114752.507812 0.000000

0.001656 0.001650 0.000000
693419.375000 -114951.812500 0.000000

0.001658 0.001652 0.000000
694186.687500 -115151.117188 0.000000

0.001660 0.001654 0.000000
694953.937500 -115350.414062 0.000000

0.001663 0.001655 0.000000
695721.187500 -115549.710938 0.000000

0.001665 0.001657 0.000000
696488.437500 -115749.007812 0.000000

0.001667 0.001659 0.000000
697255.625000 -115948.296875 0.000000

0.001670 0.001661 0.000000
698022.812500 -116147.585938 0.000000

0.001672 0.001663 0.000000
698790.000000 -116346.867188 0.000000

0.001674 0.001665 0.000000
699557.125000 -116546.148438 0.000000

0.001677 0.001667 0.000000
700324.250000 -116745.429688 0.000000

0.001679 0.001669 0.000000
701091.375000 -116944.703125 0.000000

0.001681 0.001671 0.000000
701858.437500 -117143.976562 0.000000

0.001684 0.001673 0.000000
702625.500000 -117343.242188 0.000000

0.001686 0.001675 0.000000
703392.562500 -117542.507812 0.000000

0.001688 0.001677 0.000000
704159.625000 -117741.765625 0.000000

0.001691 0.001679 0.000000
704926.625000 -117941.023438 0.000000

0.001693 0.001681 0.000000
705693.625000 -118140.281250 0.000000

0.001695 0.001683 0.000000
706460.625000 -118339.531250 0.000000

0.001698 0.001685 0.000000
707227.562500 -118538.781250 0.000000

0.001700 0.001687 0.000000
707994.500000 -118738.023438 0.000000

0.001702 0.001689 0.000000
708761.437500 -118937.265625 0.000000

0.001705 0.001691 0.000000
709528.312500 -119136.507812 0.000000

0.001707 0.001693 0.000000
710295.187500 -119335.742188 0.000000

0.001709 0.001695 0.000000
711062.062500 -119534.976562 0.000000

0.001712 0.001697 0.000000
711828.875000 -119734.203125 0.000000

0.001714 0.001699 0.000000
712595.687500 -119933.429688 0.000000

0.001716 0.001701 0.000000
713362.500000 -120132.656250 0.000000

0.001719 0.001703 0.000000
714129.312500 -120331.875000 0.000000

0.001721 0.001705 0.000000
714896.062500 -120531.093750 0.000000

0.001723 0.001707 0.000000
715662.812500 -120730.304688 0.000000

0.001726 0.001709 0.000000
716429.562500 -120929.515625 0.000000

0.001728 0.001711 0.000000
717196.250000 -121128.718750 0.000000

0.001730 0.001713 0.000000
717962.937500 -121327.921875 0.000000

0.001733 0.001715 0.000000
718729.625000 -121527.125000 0.000000

0.001735 0.001717 0.000000
719496.250000 -121726.320312 0.000000

0.001737 0.001719 0.000000
720262.875000 -121925.515625 0.000000

0.001740 0.001721 0.000000
721029.500000 -122124.703125 0.000000

0.001742 0.001723 0.000000
721796.125000 -122323.890625 0.000000

0.001744 0.001725 0.000000
722562.687500 -122523.078125 0.000000

0.001747 0.001727 0.000000
723329.250000 -122722.257812 0.000000

0.001749 0.001729 0.000000
724095.812500 -122921.437500 0.000000

0.001751 0.001731 0.000000
724862.312500 -123120.609375 0.000000

0.001754 0.001733 0.000000
725628.812500 -123319.781250 0.000000

0.001756 0.001735 0.000000
726395.312500 -123518.953125 0.000000

0.001758 0.001737 0.000000
727161.812500 -123718.117188 0.000000

0.001761 0.001739 0.000000
727928.250000 -123917.281250 0.000000

0.001763 0.001741 0.000000
728694.687500 -124116.445312 0.000000

0.001765 0.001743 0.000000
729461.125000 -124315.601562 0.000000

0.001768 0.001745 0.000000
730227.500000 -124514.757812 0.000000

0.001770 0.001747 0.000000
730993.875000 -124713.906250 0.000000

0.001772 0.001749 0.000000
731760.250000 -124913.054688 0.000000

0.001775 0.001751 0.000000
732526.625000 -125112.203125 0.000000

0.001777 0.001753 0.000000
733292.937500 -125311.343750 0.000000

0.001779 0.001755 0.000000
734059.250000 -125510.484375 0.000000

0.001782 0.001757 0.000000
734825.562500 -125709.617188 0.000000

0.001784 0.001759 0.000000
735591.812500 -125908.750000 0.000000

0.001786 0.001761 0.000000
736358.062500 -126107.882812 0.000000

0.001789 0.001763 0.000000
737124.312500 -126307.007812 0.000000

0.001791 0.001765 0.000000
737890.562500 -126506.132812 0.000000

0.001793 0.001767 0.000000
738656.750000 -126705.250000 0.000000

0.001796 0.001769 0.000000
739422.937500 -126904.367188 0.000000

0.001798 0.001771 0.000000
740189.125000 -127103.484375 0.000000

0.001800 0.001773 0.000000
740955.250000 -127302.593750 0.000000

0.001803 0.001775 0.000000
741721.375000 -127501.703125 0.000000

0.001805 0.001777 0.000000
742487.500000 -127700.812500 0.000000

0.001807 0.001779 0.000000
743253.625000 -127899.914062 0.000000

0.001810 0.001781 0.000000
744019.687500 -128099.015625 0.000000

0.001812 0.001783 0.000000
744785.750000 -128298.109375 0.000000

0.001814 0.001785 0.000000
745551.812500 -128497.203125 0.000000

0.001817 0.001787 0.000000
746317.812500 -128696.296875 0.000000

0.001819 0.001789 0.000000
747083.812500 -128895.382812 0.000000

0.001821 0.001791 0.000000
747849.812500 -129094.468750 0.000000

0.001824 0.001793 0.000000
748615.812500 -129293.546875 0.000000

0.001826 0.001795 0.000000
749381.750000 -129492.625000 0.000000

0.001829 0.001797 0.000000
750147.687500 -129691.703125 0.000000

0.001831 0.001799 0.000000
750913.625000 -129890.773438 0.000000

0.001833 0.001801 0.000000
751679.562500 -130089.843750 0.000000

0.001836 0.001803 0.000000
752445.437500 -130288.914062 0.000000

0.001838 0.001805 0.000000
753211.312500 -130487.976562 0.000000

0.001840 0.001807 0.000000
753977.187500 -130687.039062 0.000000

0.001843 0.001809 0.000000
754743.000000 -130886.093750 0.000000

0.001845 0.001811 0.000000
755508.812500 -131085.156250 0.000000

0.001847 0.001813 0.000000
756274.625000 -131284.203125 0.000000

0.001850 0.001815 0.000000
757040.437500 -131483.250000 0.000000

0.001852 0.001817 0.000000
757806.187500 -131682.296875 0.000000

0.001854 0.001819 0.000000
758571.937500 -131881.343750 0.000000

0.001857 0.001821 0.000000
759337.687500 -132080.390625 0.000000

0.001859 0.001823 0.000000
760103.437500 -132279.421875 0.000000

0.001861 0.001825 0.000000
760869.125000 -132478.453125 0.000000

0.001864 0.001827 0.000000
761634.812500 -132677.484375 0.000000

0.001866 0.001829 0.000000
762400.500000 -132876.515625 0.000000

0.001868 0.001831 0.000000
763166.187500 -133075.546875 0.000000

0.001871 0.001833 0.000000
763931.812500 -133274.578125 0.000000

0.001873 0.001835 0.000000
764697.437500 -133473.593750 0.000000

0.001875 0.001837 0.000000
765463.062500 -133672.609375 0.000000

0.001878 0.001839 0.000000
766228.625000 -133871.625000 0.000000

0.001880 0.001841 0.000000
766994.187500 -134070.640625 0.000000

0.001882 0.001843 0.000000
767759.750000 -134269.656250 0.000000

0.001885 0.001845 0.000000
768525.312500 -134468.656250 0.000000

0.001887 0.001847 0.000000
769290.812500 -134667.656250 0.000000

0.001889 0.001849 0.000000
770056.312500 -134866.656250 0.000000

0.001892 0.001851 0.000000
770821.812500 -135065.656250 0.000000

0.001894 0.001853 0.000000
771587.312500 -135264.656250 0.000000

0.001896 0.001855 0.000000
772352.750000 -135463.656250 0.000000

0.001899 0.001857 0.000000
773118.187500 -135662.640625 0.000000

0.001901 0.001859 0.000000
773883.625000 -135861.625000 0.000000

0.001904 0.001861 0.000000
774649.062500 -136060.609375 0.000000

0.001906 0.001863 0.000000
775414.437500 -136259.593750 0.000000

0.001908 0.001865 0.000000
776179.812500 -136458.578125 0.000000

0.001911 0.001867 0.000000
776945.187500 -136657.546875 0.000000

0.001913 0.001869 0.000000
777710.562500 -136856.515625 0.000000

0.001915 0.001871 0.000000
778475.875000 -137055.484375 0.000000

0.001918 0.001873 0.000000
779241.187500 -137254.453125 0.000000

0.001920 0.001875 0.000000
780006.500000 -137453.421875 0.000000

0.001922 0.001877 0.000000
780771.812500 -137652.390625 0.000000

0.001925 0.001879 0.000000
781537.062500 -137851.343750 0.000000

0.001927 0.001881 0.000000
782302.312500 -138050.296875 0.000000

0.001929 0.001882 0.000000
783067.562500 -138249.250000 0.000000

0.001932 0.001884 0.000000
783832.812500 -138448.203125 0.000000

0.001934 0.001886 0.000000
784598.000000 -138647.156250 0.000000

0.001936 0.001888 0.000000
785363.187500 -138846.109375 0.000000

0.001939 0.001890 0.000000
786128.375000 -139045.046875 0.000000

0.001941 0.001892 0.000000
786893.562500 -139243.984375 0.000000

0.001943 0.001894 0.000000
787658.687500 -139442.921875 0.000000

0.001946 0.001896 0.000000
788423.812500 -139641.859375 0.000000

0.001948 0.001898 0.000000
789188.937500 -139840.796875 0.000000

0.001950 0.001900 0.000000
789954.062500 -140039.718750 0.000000

0.001953 0.001902 0.000000
790719.125000 -140238.640625 0.000000

0.001955 0.001904 0.000000
791484.187500 -140437.562500 0.000000

0.001958 0.001906 0.000000
792249.250000 -140636.484375 0.000000

0.001960 0.001908 0.000000
793014.312500 -140835.406250 0.000000

0.001962 0.001910 0.000000
793779.312500 -141034.328125 0.000000

0.001965 0.001912 0.000000
794544.312500 -141233.234375 0.000000

0.001967 0.001914 0.000000
795309.312500 -141432.140625 0.000000

0.001969 0.001916 0.000000
796074.312500 -141631.046875 0.000000

0.001972 0.001918 0.000000
796839.250000 -141829.953125 0.000000

0.001974 0.001920 0.000000
797604.187500 -142028.859375 0.000000

0.001976 0.001922 0.000000
798369.125000 -142227.765625 0.000000

0.001979 0.001924 0.000000
799134.062500 -142426.656250 0.000000

0.001981 0.001926 0.000000
799899.000000 -142625.546875 0.000000

0.001983 0.001928 0.000000
800663.875000 -142824.437500 0.000000

0.001986 0.001930 0.000000
801428.750000 -143023.328125 0.000000

