2 1000
-500.000000 19.999998 0.000000
500.000000 49996.000000 0.000000

-999.599670 60.007195 0.000000
999.919922 49988.000000 0.000000

-1498.397949 120.023964 0.000000
1499.679565 49975.996094 0.000000

-1995.993164 200.047836 0.000000
1999.198608 49959.992188 0.000000

-2491.982666 300.071442 0.000000
2498.396484 49939.988281 0.000000

-2985.962646 420.082489 0.000000
2997.192383 49915.984375 0.000000

-3477.528809 560.063721 0.000000
3495.505615 49887.988281 0.000000

-3966.274902 719.992737 0.000000
3993.254883 49856.003906 0.000000

-4451.794434 899.842041 0.000000
4490.358887 49820.035156 0.000000

-4933.678711 1099.578979 0.000000
4986.735840 49780.085938 0.000000

-5411.517578 1319.165527 0.000000
5482.303711 49736.167969 0.000000

-5884.899902 1558.558350 0.000000
5976.979980 49688.289062 0.000000

-6353.413086 1817.708618 0.000000
6470.682617 49636.460938 0.000000

-6816.642578 2096.561768 0.000000
6963.328125 49580.691406 0.000000

-7274.171387 2395.057373 0.000000
7454.833984 49520.992188 0.000000

-7725.582031 2713.129395 0.000000
7945.116211 49457.378906 0.000000

-8170.453613 3050.705811 0.000000
8434.090820 49389.863281 0.000000

-8608.364258 3407.708008 0.000000
8921.672852 49318.460938 0.000000

-9038.890625 3784.051270 0.000000
9407.778320 49243.191406 0.000000

-9461.605469 4179.644531 0.000000
9892.321289 49164.074219 0.000000

-9876.080078 4594.389648 0.000000
10375.215820 49081.125000 0.000000

-10281.884766 5028.181641 0.000000
10856.376953 48994.367188 0.000000

-10678.584961 5480.908691 0.000000
11335.716797 48903.820312 0.000000

-11065.746094 5952.451172 0.000000
11813.149414 48809.511719 0.000000

-11442.930664 6442.682129 0.000000
12288.585938 48711.464844 0.000000

-11809.698242 6951.467285 0.000000
12761.939453 48609.707031 0.000000

-12165.606445 7478.663086 0.000000
13233.121094 48504.269531 0.000000

-12510.209961 8024.118652 0.000000
13702.041992 48395.179688 0.000000

-12843.061523 8587.674805 0.000000
14168.612305 48282.468750 0.000000

-13163.710938 9169.162109 0.000000
14632.742188 48166.171875 0.000000

-13471.707031 9768.402344 0.000000
15094.340820 48046.324219 0.000000

-13766.593750 10385.208008 0.000000
15553.318359 47922.964844 0.000000

-14047.914062 11019.382812 0.000000
16009.582031 47796.128906 0.000000

-14315.208984 11670.717773 0.000000
16463.041016 47665.863281 0.000000

-14568.016602 12338.996094 0.000000
16913.601562 47532.207031 0.000000

-14805.873047 13023.988281 0.000000
17361.171875 47395.207031 0.000000

-15028.312500 13725.453125 0.000000
17805.660156 47254.914062 0.000000

-15234.867188 14443.139648 0.000000
18246.970703 47111.375000 0.000000

-15425.068359 15176.783203 0.000000
18685.011719 46964.644531 0.000000

-15598.443359 15926.106445 0.000000
19119.687500 46814.781250 0.000000

-15754.519531 16690.820312 0.000000
19550.902344 46661.839844 0.000000

-15892.823242 17470.621094 0.000000
19978.562500 46505.878906 0.000000

-16012.878906 18265.193359 0.000000
20402.574219 46346.964844 0.000000

-16114.210938 19074.203125 0.000000
20822.839844 46185.164062 0.000000

-16196.342773 19897.306641 0.000000
21239.265625 46020.542969 0.000000

-16258.797852 20734.140625 0.000000
21651.755859 45853.175781 0.000000

-16301.099609 21584.328125 0.000000
22060.216797 45683.136719 0.000000

-16322.772461 22447.474609 0.000000
22464.550781 45510.507812 0.000000

-16323.339844 23323.169922 0.000000
22864.664062 45335.367188 0.000000

-16302.329102 24210.986328 0.000000
23260.460938 45157.804688 0.000000

-16259.268555 25110.476562 0.000000
23651.849609 44977.906250 0.000000

-16193.687500 26021.177734 0.000000
24038.734375 44795.765625 0.000000

-16105.120117 26942.605469 0.000000
24421.021484 44611.480469 0.000000

-15993.103516 27874.257812 0.000000
24798.617188 44425.148438 0.000000

-15857.178711 28815.609375 0.000000
25171.431641 44236.878906 0.000000

-15696.891602 29766.119141 0.000000
25539.375000 44046.777344 0.000000

-15511.794922 30725.220703 0.000000
25902.355469 43854.957031 0.000000

-15301.447266 31692.326172 0.000000
26260.285156 43661.535156 0.000000

-15065.415039 32666.830078 0.000000
26613.078125 43466.632812 0.000000

-14803.272461 33648.097656 0.000000
26960.650391 43270.378906 0.000000

-14514.603516 34635.476562 0.000000
27302.916016 43072.902344 0.000000

-14199.002930 35628.289062 0.000000
27639.794922 42874.339844 0.000000

-13856.077148 36625.835938 0.000000
27971.208984 42674.832031 0.000000

-13485.446289 37627.390625 0.000000
28297.082031 42474.519531 0.000000

-13086.743164 38632.199219 0.000000
28617.341797 42273.558594 0.000000

-12659.617188 39639.492188 0.000000
28931.916016 42072.101562 0.000000

-12203.735352 40648.464844 0.000000
29240.740234 41870.308594 0.000000

-11718.781250 41658.296875 0.000000
29543.750000 41668.343750 0.000000

-11204.460938 42668.132812 0.000000
29840.886719 41466.375000 0.000000

-10660.500000 43677.101562 0.000000
30132.093750 41264.582031 0.000000

-10086.648438 44684.304688 0.000000
30417.324219 41063.140625 0.000000

-9482.681641 45688.816406 0.000000
30696.531250 40862.238281 0.000000

-8848.401367 46689.683594 0.000000
30969.675781 40662.066406 0.000000

-8183.638672 47685.937500 0.000000
31236.722656 40462.816406 0.000000

-7488.255371 48676.582031 0.000000
31497.646484 40264.687500 0.000000

-6762.145508 49660.593750 0.000000
31752.423828 40067.882812 0.000000

-6005.238281 50636.937500 0.000000
32001.042969 39872.613281 0.000000

-5217.500000 51604.546875 0.000000
32243.496094 39679.089844 0.000000

-4398.934570 52562.343750 0.000000
32479.783203 39487.531250 0.000000

-3549.587891 53509.226562 0.000000
32709.914062 39298.156250 0.000000

-2669.548340 54444.082031 0.000000
32933.906250 39111.183594 0.000000

-1758.948730 55365.777344 0.000000
33151.785156 38926.843750 0.000000

-817.969116 56273.164062 0.000000
33363.589844 38745.367188 0.000000

153.161926 57165.089844 0.000000
33569.363281 38566.980469 0.000000

1154.165283 58040.390625 0.000000
33769.164062 38391.921875 0.000000

2184.709473 58897.894531 0.000000
33963.054688 38220.421875 0.000000

3244.409668 59736.429688 0.000000
34151.113281 38052.714844 0.000000

4332.825195 60554.816406 0.000000
34333.429688 37889.039062 0.000000

5449.458984 61351.882812 0.000000
34510.101562 37729.625000 0.000000

6593.755859 62126.464844 0.000000
34681.242188 37574.707031 0.000000

7765.103027 62877.402344 0.000000
34846.972656 37424.519531 0.000000

8962.827148 63603.546875 0.000000
35007.429688 37279.289062 0.000000

10186.195312 64303.773438 0.000000
35162.757812 37139.242188 0.000000

11434.416016 64976.972656 0.000000
35313.113281 37004.601562 0.000000

12706.636719 65622.054688 0.000000
35458.667969 36875.585938 0.000000

14001.945312 66237.968750 0.000000
35599.605469 36752.402344 0.000000

15319.371094 66823.687500 0.000000
35736.121094 36635.257812 0.000000

16657.886719 67378.218750 0.000000
35868.417969 36524.351562 0.000000

18016.408203 67900.625000 0.000000
35996.714844 36419.871094 0.000000

19393.796875 68389.992188 0.000000
36121.238281 36321.996094 0.000000

20788.861328 68845.476562 0.000000
36242.226562 36230.898438 0.000000

22200.363281 69266.265625 0.000000
36359.925781 36146.738281 0.000000

23627.015625 69651.617188 0.000000
36474.593750 36069.667969 0.000000

25067.486328 70000.851562 0.000000
36586.500000 35999.820312 0.000000

26520.406250 70313.335938 0.000000
36695.914062 35937.324219 0.000000

27984.369141 70588.523438 0.000000
36803.121094 35882.289062 0.000000

29457.933594 70825.914062 0.000000
36908.406250 35834.808594 0.000000

30939.634766 71025.093750 0.000000
37012.066406 35794.972656 0.000000

32427.980469 71185.726562 0.000000
37114.398438 35762.847656 0.000000

33921.460938 71307.531250 0.000000
37215.703125 35738.488281 0.000000

35418.558594 71390.320312 0.000000
37316.285156 35721.929688 0.000000

36917.738281 71433.976562 0.000000
37416.449219 35713.199219 0.000000

38417.464844 71438.453125 0.000000
37516.503906 35712.304688 0.000000

39916.203125 71403.796875 0.000000
37616.757812 35719.234375 0.000000

41412.425781 71330.117188 0.000000
37717.511719 35733.968750 0.000000

42904.617188 71217.609375 0.000000
37819.074219 35756.472656 0.000000

44391.277344 71066.531250 0.000000
37921.742188 35786.687500 0.000000

45870.929688 70877.226562 0.000000
38025.812500 35824.546875 0.000000

47342.117188 70650.101562 0.000000
38131.574219 35869.972656 0.000000

48803.417969 70385.640625 0.000000
38239.312500 35922.863281 0.000000

50253.441406 70084.390625 0.000000
38349.308594 35983.113281 0.000000

51690.832031 69746.953125 0.000000
38461.832031 36050.601562 0.000000

53114.277344 69374.000000 0.000000
38577.140625 36125.191406 0.000000

54522.511719 68966.257812 0.000000
38695.492188 36206.738281 0.000000

55914.316406 68524.500000 0.000000
38817.132812 36295.089844 0.000000

57288.515625 68049.562500 0.000000
38942.292969 36390.078125 0.000000

58643.992188 67542.312500 0.000000
39071.199219 36491.527344 0.000000

59979.679688 67003.664062 0.000000
39204.062500 36599.257812 0.000000

61294.562500 66434.578125 0.000000
39341.085938 36713.074219 0.000000

62587.687500 65836.031250 0.000000
39482.460938 36832.785156 0.000000

63858.156250 65209.042969 0.000000
39628.367188 36958.183594 0.000000

65105.125000 64554.656250 0.000000
39778.972656 37089.062500 0.000000

66327.812500 63873.933594 0.000000
39934.433594 37225.207031 0.000000

67525.484375 63167.960938 0.000000
40094.898438 37366.402344 0.000000

68697.476562 62437.828125 0.000000
40260.500000 37512.429688 0.000000

69843.171875 61684.648438 0.000000
40431.359375 37663.066406 0.000000

70962.015625 60909.539062 0.000000
40607.589844 37818.089844 0.000000

72053.500000 60113.617188 0.000000
40789.292969 37977.273438 0.000000

73117.179688 59298.003906 0.000000
40976.558594 38140.394531 0.000000

74152.656250 58463.824219 0.000000
41169.464844 38307.230469 0.000000

75159.578125 57612.195312 0.000000
41368.082031 38477.554688 0.000000

76137.648438 56744.230469 0.000000
41572.468750 38651.148438 0.000000

77086.617188 55861.031250 0.000000
41782.675781 38827.789062 0.000000

78006.273438 54963.691406 0.000000
41998.746094 39007.257812 0.000000

78896.460938 54053.292969 0.000000
42220.707031 39189.335938 0.000000

79757.054688 53130.902344 0.000000
42448.585938 39373.812500 0.000000

80587.984375 52197.570312 0.000000
42682.402344 39560.480469 0.000000

81389.203125 51254.332031 0.000000
42922.160156 39749.128906 0.000000

82160.703125 50302.207031 0.000000
43167.859375 39939.554688 0.000000

82902.515625 49342.191406 0.000000
43419.496094 40131.558594 0.000000

83614.710938 48375.265625 0.000000
43677.058594 40324.945312 0.000000

84297.375000 47402.386719 0.000000
43940.527344 40519.519531 0.000000

84950.632812 46424.496094 0.000000
44209.875000 40715.097656 0.000000

85574.632812 45442.503906 0.000000
44485.074219 40911.496094 0.000000

86169.546875 44457.304688 0.000000
44766.089844 41108.535156 0.000000

86735.578125 43469.769531 0.000000
45052.882812 41306.042969 0.000000

87272.945312 42480.746094 0.000000
45345.410156 41503.847656 0.000000

87781.898438 41491.058594 0.000000
45643.621094 41701.785156 0.000000

88262.695312 40501.515625 0.000000
45947.460938 41899.695312 0.000000

88715.609375 39512.890625 0.000000
46256.878906 42097.421875 0.000000

89140.945312 38525.945312 0.000000
46571.812500 42294.812500 0.000000

89539.007812 37541.414062 0.000000
46892.199219 42491.718750 0.000000

89910.125000 36560.011719 0.000000
47217.976562 42688.000000 0.000000

90254.632812 35582.429688 0.000000
47549.074219 42883.515625 0.000000

90572.890625 34609.335938 0.000000
47885.421875 43078.132812 0.000000

90865.250000 33641.378906 0.000000
48226.949219 43271.722656 0.000000

91132.085938 32679.187500 0.000000
48573.582031 43464.160156 0.000000

91373.773438 31723.367188 0.000000
48925.242188 43655.324219 0.000000

91590.703125 30774.505859 0.000000
49281.855469 43845.097656 0.000000

91783.273438 29833.171875 0.000000
49643.339844 44033.363281 0.000000

91951.882812 28899.912109 0.000000
50009.617188 44220.015625 0.000000

92096.937500 27975.255859 0.000000
50380.605469 44404.945312 0.000000

92218.843750 27059.714844 0.000000
50756.222656 44588.054688 0.000000

92318.023438 26153.781250 0.000000
51136.386719 44769.242188 0.000000

92394.898438 25257.931641 0.000000
51521.011719 44948.414062 0.000000

92449.890625 24372.623047 0.000000
51910.011719 45125.476562 0.000000

92483.421875 23498.298828 0.000000
52303.304688 45300.339844 0.000000

92495.929688 22635.386719 0.000000
52700.804688 45472.921875 0.000000

92487.835938 21784.296875 0.000000
53102.421875 45643.140625 0.000000

92459.570312 20945.423828 0.000000
53508.074219 45810.914062 0.000000

92411.570312 20119.148438 0.000000
53917.675781 45976.167969 0.000000

92344.273438 19305.837891 0.000000
54331.136719 46138.828125 0.000000

92258.109375 18505.845703 0.000000
54748.371094 46298.828125 0.000000

92153.507812 17719.511719 0.000000
55169.292969 46456.093750 0.000000

92030.906250 16947.164062 0.000000
55593.812500 46610.562500 0.000000

91890.742188 16189.115234 0.000000
56021.843750 46762.171875 0.000000

91733.445312 15445.667969 0.000000
56453.304688 46910.859375 0.000000

91559.453125 14717.112305 0.000000
56888.101562 47056.570312 0.000000

91369.195312 14003.728516 0.000000
57326.152344 47199.246094 0.000000

91163.101562 13305.784180 0.000000
57767.371094 47338.835938 0.000000

90941.609375 12623.537109 0.000000
58211.671875 47475.285156 0.000000

90705.140625 11957.234375 0.000000
58658.964844 47608.546875 0.000000

90454.125000 11307.113281 0.000000
59109.167969 47738.570312 0.000000

90188.992188 10673.402344 0.000000
59562.195312 47865.312500 0.000000

89910.164062 10056.319336 0.000000
60017.960938 47988.730469 0.000000

89618.070312 9456.073242 0.000000
60476.378906 48108.781250 0.000000

89313.132812 8872.865234 0.000000
60937.367188 48225.421875 0.000000

88995.765625 8306.886719 0.000000
61400.839844 48338.617188 0.000000

88666.398438 7758.322754 0.000000
61866.714844 48448.328125 0.000000

88325.445312 7227.348633 0.000000
62334.906250 48554.523438 0.000000

87973.328125 6714.132812 0.000000
62805.332031 48657.167969 0.000000

87610.453125 6218.835938 0.000000
63277.906250 48756.226562 0.000000

87237.242188 5741.611328 0.000000
63752.546875 48851.671875 0.000000

86854.109375 5282.605469 0.000000
64229.175781 48943.472656 0.000000

86461.460938 4841.958008 0.000000
64707.707031 49031.601562 0.000000

86059.710938 4419.801758 0.000000
65188.058594 49116.031250 0.000000

85649.265625 4016.263428 0.000000
65670.148438 49196.738281 0.000000

85230.531250 3631.462891 0.000000
66153.898438 49273.699219 0.000000

84803.921875 3265.513916 0.000000
66639.218750 49346.890625 0.000000

84369.835938 2918.524658 0.000000
67126.039062 49416.289062 0.000000

83928.679688 2590.597168 0.000000
67614.273438 49481.875000 0.000000

83480.859375 2281.827637 0.000000
68103.835938 49543.628906 0.000000

83026.781250 1992.306641 0.000000
68594.656250 49601.531250 0.000000

82566.835938 1722.119507 0.000000
69086.648438 49655.570312 0.000000

82101.429688 1471.345947 0.000000
69579.726562 49705.726562 0.000000

81630.968750 1240.060547 0.000000
70073.820312 49751.984375 0.000000

81155.851562 1028.332642 0.000000
70568.843750 49794.328125 0.000000

80676.468750 836.226257 0.000000
71064.718750 49832.750000 0.000000

80193.226562 663.800537 0.000000
71561.367188 49867.234375 0.000000

79706.523438 511.109619 0.000000
72058.710938 49897.773438 0.000000

79216.757812 378.202667 0.000000
72556.664062 49924.355469 0.000000

78724.328125 265.123962 0.000000
73055.148438 49946.972656 0.000000

78229.625000 171.912918 0.000000
73554.085938 49965.613281 0.000000

77733.054688 98.604149 0.000000
74053.398438 49980.273438 0.000000

77235.015625 45.227463 0.000000
74553.007812 49990.949219 0.000000

76735.906250 11.807892 0.000000
75052.828125 49997.632812 0.000000

76236.125000 -1.634312 0.000000
75552.781250 50000.320312 0.000000

75736.070312 4.916321 0.000000
76052.789062 49999.011719 0.000000

75236.140625 31.470470 0.000000
76552.773438 49993.699219 0.000000

74736.742188 78.034027 0.000000
77052.656250 49984.386719 0.000000

74238.265625 144.608032 0.000000
77552.351562 49971.070312 0.000000

73741.125000 231.188690 0.000000
78051.781250 49953.753906 0.000000

73245.718750 337.767273 0.000000
78550.859375 49932.437500 0.000000

72752.445312 464.330139 0.000000
79049.515625 49907.125000 0.000000

72261.718750 610.858582 0.000000
79547.664062 49877.820312 0.000000

71773.937500 777.328857 0.000000
80045.218750 49844.527344 0.000000

71289.515625 963.712036 0.000000
80542.101562 49807.250000 0.000000

70808.859375 1169.973877 0.000000
81038.234375 49765.996094 0.000000

70332.375000 1396.074951 0.000000
81533.531250 49720.777344 0.000000

69860.484375 1641.970337 0.000000
82027.906250 49671.597656 0.000000

69393.593750 1907.609497 0.000000
82521.281250 49618.468750 0.000000

68932.117188 2192.936279 0.000000
83013.578125 49561.402344 0.000000

68476.476562 2497.888916 0.000000
83504.703125 49500.410156 0.000000

68027.093750 2822.399170 0.000000
83994.578125 49435.507812 0.000000

67584.382812 3166.393311 0.000000
84483.117188 49366.707031 0.000000

67148.765625 3529.791016 0.000000
84970.242188 49294.027344 0.000000

66720.671875 3912.505615 0.000000
85455.859375 49217.484375 0.000000

66300.531250 4314.443848 0.000000
85939.890625 49137.097656 0.000000

65888.765625 4735.505859 0.000000
86422.242188 49052.886719 0.000000

65485.812500 5175.584473 0.000000
86902.835938 48964.871094 0.000000

65092.105469 5634.565430 0.000000
87381.578125 48873.074219 0.000000

64708.078125 6112.327148 0.000000
87858.382812 48777.523438 0.000000

64334.171875 6608.740234 0.000000
88333.164062 48678.242188 0.000000

63970.828125 7123.667480 0.000000
88805.835938 48575.257812 0.000000

63618.488281 7656.963379 0.000000
89276.304688 48468.597656 0.000000

63277.601562 8208.473633 0.000000
89744.484375 48358.296875 0.000000

62948.613281 8778.036133 0.000000
90210.281250 48244.382812 0.000000

62631.976562 9365.479492 0.000000
90673.609375 48126.894531 0.000000

62328.144531 9970.622070 0.000000
91134.375000 48005.867188 0.000000

62037.574219 10593.273438 0.000000
91592.492188 47881.335938 0.000000

61760.722656 11233.233398 0.000000
92047.859375 47753.343750 0.000000

61498.050781 11890.291016 0.000000
92500.390625 47621.933594 0.000000

61250.019531 12564.224609 0.000000
92950.000000 47487.148438 0.000000

61017.093750 13254.800781 0.000000
93396.585938 47349.031250 0.000000

60799.742188 13961.776367 0.000000
93840.054688 47207.636719 0.000000

60598.433594 14684.894531 0.000000
94280.312500 47063.011719 0.000000

60413.640625 15423.886719 0.000000
94717.273438 46915.214844 0.000000

60245.832031 16178.472656 0.000000
95150.835938 46764.296875 0.000000

60095.484375 16948.357422 0.000000
95580.906250 46610.320312 0.000000

59963.070312 17733.234375 0.000000
96007.390625 46453.343750 0.000000

59849.066406 18532.779297 0.000000
96430.187500 46293.433594 0.000000

59753.949219 19346.658203 0.000000
96849.210938 46130.656250 0.000000

59678.195312 20174.517578 0.000000
97264.359375 45965.085938 0.000000

59622.285156 21015.992188 0.000000
97675.539062 45796.789062 0.000000

59586.691406 21870.697266 0.000000
98082.656250 45625.847656 0.000000

59571.894531 22738.234375 0.000000
98485.617188 45452.339844 0.000000

59578.367188 23618.187500 0.000000
98884.320312 45276.347656 0.000000

59606.582031 24510.121094 0.000000
99278.679688 45097.960938 0.000000

59657.011719 25413.583984 0.000000
99668.593750 44917.269531 0.000000

59730.125000 26328.103516 0.000000
100053.968750 44734.367188 0.000000

59826.390625 27253.191406 0.000000
100434.718750 44549.347656 0.000000

59946.265625 28188.335938 0.000000
100810.742188 44362.320312 0.000000

60090.210938 29133.007812 0.000000
101181.953125 44173.386719 0.000000

60258.679688 30086.654297 0.000000
101548.257812 43982.656250 0.000000

60452.117188 31048.703125 0.000000
101909.570312 43790.246094 0.000000

60670.960938 32018.562500 0.000000
102265.804688 43596.273438 0.000000

60915.644531 32995.613281 0.000000
102616.867188 43400.863281 0.000000

61186.589844 33979.218750 0.000000
102962.679688 43204.140625 0.000000

61484.210938 34968.710938 0.000000
103303.156250 43006.242188 0.000000

61808.906250 35963.410156 0.000000
103638.218750 42807.300781 0.000000

62161.070312 36962.601562 0.000000
103967.789062 42607.460938 0.000000

62541.078125 37965.554688 0.000000
104291.789062 42406.871094 0.000000

62949.289062 38971.507812 0.000000
104610.148438 42205.679688 0.000000

63386.046875 39979.675781 0.000000
104922.796875 42004.046875 0.000000

63851.683594 40989.250000 0.000000
105229.671875 41802.132812 0.000000

64346.507812 41999.398438 0.000000
105530.710938 41600.101562 0.000000

64870.804688 43009.261719 0.000000
105825.851562 41398.128906 0.000000

65424.843750 44017.953125 0.000000
106115.046875 41196.390625 0.000000

66008.867188 45024.566406 0.000000
106398.242188 40995.066406 0.000000

66623.085938 46028.167969 0.000000
106675.398438 40794.347656 0.000000

67267.695312 47027.796875 0.000000
106946.476562 40594.421875 0.000000

67942.843750 48022.472656 0.000000
107211.445312 40395.484375 0.000000

68648.671875 49011.191406 0.000000
107470.281250 40197.738281 0.000000

69385.265625 49992.925781 0.000000
107722.960938 40001.390625 0.000000

70152.679688 50966.628906 0.000000
107969.476562 39806.648438 0.000000

70950.945312 51931.226562 0.000000
108209.820312 39613.730469 0.000000

71780.039062 52885.632812 0.000000
108444.000000 39422.847656 0.000000

72639.898438 53828.742188 0.000000
108672.031250 39234.226562 0.000000

73530.421875 54759.429688 0.000000
108893.929688 39048.089844 0.000000

74451.460938 55676.562500 0.000000
109109.718750 38864.664062 0.000000

75402.812500 56578.988281 0.000000
109319.445312 38684.179688 0.000000

76384.242188 57465.546875 0.000000
109523.156250 38506.867188 0.000000

77395.445312 58335.074219 0.000000
109720.914062 38332.960938 0.000000

78436.070312 59186.394531 0.000000
109912.789062 38162.695312 0.000000

79505.718750 60018.332031 0.000000
110098.859375 37996.308594 0.000000

80603.921875 60829.710938 0.000000
110279.218750 37834.031250 0.000000

81730.164062 61619.359375 0.000000
110453.968750 37676.101562 0.000000

82883.875000 62386.113281 0.000000
110623.226562 37522.750000 0.000000

84064.414062 63128.816406 0.000000
110787.117188 37374.207031 0.000000

85271.093750 63846.332031 0.000000
110945.781250 37230.703125 0.000000

86503.156250 64537.531250 0.000000
111099.367188 37092.460938 0.000000

87759.789062 65201.316406 0.000000
111248.039062 36959.703125 0.000000

89040.117188 65836.609375 0.000000
111391.976562 36832.644531 0.000000

90343.210938 66442.367188 0.000000
111531.359375 36711.492188 0.000000

91668.070312 67017.578125 0.000000
111666.390625 36596.449219 0.000000

93013.656250 67561.265625 0.000000
111797.273438 36487.710938 0.000000

94378.859375 68072.492188 0.000000
111924.234375 36385.464844 0.000000

95762.523438 68550.382812 0.000000
112047.500000 36289.886719 0.000000

97163.445312 68994.093750 0.000000
112167.312500 36201.144531 0.000000

98580.359375 69402.843750 0.000000
112283.929688 36119.394531 0.000000

100011.968750 69775.906250 0.000000
112397.609375 36044.781250 0.000000

101456.921875 70112.617188 0.000000
112508.617188 35977.437500 0.000000

102913.843750 70412.375000 0.000000
112617.234375 35917.484375 0.000000

104381.304688 70674.648438 0.000000
112723.742188 35865.027344 0.000000

105857.859375 70898.976562 0.000000
112828.429688 35820.160156 0.000000

107342.039062 71084.960938 0.000000
112931.593750 35782.960938 0.000000

108832.335938 71232.289062 0.000000
113033.531250 35753.496094 0.000000

110327.242188 71340.718750 0.000000
113134.546875 35731.808594 0.000000

111825.226562 71410.078125 0.000000
113234.953125 35717.937500 0.000000

113324.757812 71440.281250 0.000000
113335.046875 35711.898438 0.000000

114824.296875 71431.312500 0.000000
113435.140625 35713.691406 0.000000

116322.320312 71383.242188 0.000000
113535.539062 35723.304688 0.000000

117817.296875 71296.210938 0.000000
113636.546875 35740.710938 0.000000

119307.718750 71170.437500 0.000000
113738.460938 35765.867188 0.000000

120792.093750 71006.210938 0.000000
113841.585938 35798.714844 0.000000

122268.945312 70803.890625 0.000000
113946.218750 35839.179688 0.000000

123736.835938 70563.921875 0.000000
114052.640625 35887.175781 0.000000

125194.351562 70286.796875 0.000000
114161.140625 35942.601562 0.000000

126640.117188 69973.093750 0.000000
114271.984375 36005.343750 0.000000

128072.789062 69623.437500 0.000000
114385.453125 36075.273438 0.000000

129491.070312 69238.515625 0.000000
114501.796875 36152.257812 0.000000

130893.718750 68819.070312 0.000000
114621.265625 36236.144531 0.000000

132279.515625 68365.906250 0.000000
114744.101562 36326.777344 0.000000

133647.328125 67879.859375 0.000000
114870.539062 36423.984375 0.000000

134996.046875 67361.828125 0.000000
115000.796875 36527.589844 0.000000

136324.609375 66812.734375 0.000000
115135.085938 36637.410156 0.000000

137632.046875 66233.539062 0.000000
115273.601562 36753.250000 0.000000

138917.406250 65625.242188 0.000000
115416.531250 36874.910156 0.000000

140179.828125 64988.871094 0.000000
115564.046875 37002.183594 0.000000

141418.468750 64325.472656 0.000000
115716.320312 37134.863281 0.000000

142632.578125 63636.121094 0.000000
115873.500000 37272.734375 0.000000

143821.453125 62921.902344 0.000000
116035.726562 37415.578125 0.000000

144984.421875 62183.914062 0.000000
116203.132812 37563.175781 0.000000

146120.906250 61423.269531 0.000000
116375.835938 37715.304688 0.000000

147230.375000 60641.085938 0.000000
116553.945312 37871.742188 0.000000

148312.328125 59838.484375 0.000000
116737.554688 38032.261719 0.000000

149366.343750 59016.585938 0.000000
116926.750000 38196.640625 0.000000

150392.031250 58176.511719 0.000000
117121.609375 38364.656250 0.000000

151389.078125 57319.375000 0.000000
117322.203125 38536.082031 0.000000

152357.187500 56446.285156 0.000000
117528.578125 38710.699219 0.000000

153296.125000 55558.343750 0.000000
117740.789062 38888.289062 0.000000

154205.718750 54656.636719 0.000000
117958.875000 39068.628906 0.000000

155085.796875 53742.242188 0.000000
118182.859375 39251.507812 0.000000

155936.265625 52816.222656 0.000000
118412.765625 39436.710938 0.000000

156757.062500 51879.621094 0.000000
118648.609375 39624.031250 0.000000

157548.156250 50933.464844 0.000000
118890.390625 39813.261719 0.000000

158309.546875 49978.765625 0.000000
119138.109375 40004.199219 0.000000

159041.281250 49016.515625 0.000000
119391.757812 40196.648438 0.000000

159743.437500 48047.687500 0.000000
119651.328125 40390.414062 0.000000

160416.125000 47073.226562 0.000000
119916.789062 40585.304688 0.000000

161059.453125 46094.066406 0.000000
120188.125000 40781.136719 0.000000

161673.593750 45111.109375 0.000000
120465.296875 40977.726562 0.000000

162258.734375 44125.246094 0.000000
120748.265625 41174.898438 0.000000

162815.078125 43137.335938 0.000000
121037.000000 41372.480469 0.000000

163342.843750 42148.218750 0.000000
121331.445312 41570.304688 0.000000

163842.296875 41158.710938 0.000000
121631.554688 41768.207031 0.000000

164313.687500 40169.609375 0.000000
121937.273438 41966.027344 0.000000

164757.312500 39181.683594 0.000000
122248.546875 42163.613281 0.000000

165173.468750 38195.683594 0.000000
122565.312500 42360.812500 0.000000

165562.484375 37212.339844 0.000000
122887.507812 42557.480469 0.000000

165924.671875 36232.355469 0.000000
123215.070312 42753.476562 0.000000

166260.375000 35256.414062 0.000000
123547.929688 42948.664062 0.000000

166569.953125 34285.175781 0.000000
123886.015625 43142.910156 0.000000

166853.781250 33319.285156 0.000000
124229.250000 43336.089844 0.000000

167112.218750 32359.359375 0.000000
124577.562500 43528.074219 0.000000

167345.640625 31406.000000 0.000000
124930.875000 43718.746094 0.000000

167554.453125 30459.787109 0.000000
125289.109375 43907.988281 0.000000

167739.046875 29521.281250 0.000000
125652.195312 44095.687500 0.000000

167899.812500 28591.023438 0.000000
126020.039062 44281.738281 0.000000

168037.171875 27669.535156 0.000000
126392.570312 44466.035156 0.000000

168151.531250 26757.322266 0.000000
126769.695312 44648.476562 0.000000

168243.312500 25854.871094 0.000000
127151.335938 44828.964844 0.000000

168312.937500 24962.652344 0.000000
127537.414062 45007.410156 0.000000

168360.828125 24081.119141 0.000000
127927.835938 45183.714844 0.000000

168387.406250 23210.707031 0.000000
128322.515625 45357.796875 0.000000

168393.109375 22351.837891 0.000000
128721.375000 45529.570312 0.000000

168378.359375 21504.916016 0.000000
129124.328125 45698.953125 0.000000

168343.593750 20670.332031 0.000000
129531.281250 45865.871094 0.000000

168289.234375 19848.462891 0.000000
129942.148438 46030.246094 0.000000

168215.734375 19039.671875 0.000000
130356.851562 46192.003906 0.000000

168123.515625 18244.304688 0.000000
130775.296875 46351.078125 0.000000

168013.000000 17462.699219 0.000000
131197.406250 46507.398438 0.000000

167884.640625 16695.177734 0.000000
131623.078125 46660.902344 0.000000

167738.859375 15942.048828 0.000000
132052.234375 46811.527344 0.000000

167576.093750 15203.612305 0.000000
132484.781250 46959.214844 0.000000

167396.781250 14480.154297 0.000000
132920.640625 47103.906250 0.000000

167201.343750 13771.950195 0.000000
133359.734375 47245.546875 0.000000

166990.218750 13079.264648 0.000000
133801.953125 47384.082031 0.000000

166763.828125 12402.352539 0.000000
134247.234375 47519.464844 0.000000

166522.609375 11741.457031 0.000000
134695.484375 47651.644531 0.000000

166266.984375 11096.812500 0.000000
135146.609375 47780.574219 0.000000

165997.390625 10468.644531 0.000000
135600.531250 47906.207031 0.000000

165714.234375 9857.167969 0.000000
136057.156250 48028.503906 0.000000

165417.953125 9262.588867 0.000000
136516.406250 48147.417969 0.000000

165108.968750 8685.105469 0.000000
136978.203125 48262.914062 0.000000

164787.703125 8124.907227 0.000000
137442.453125 48374.953125 0.000000

164454.562500 7582.175781 0.000000
137909.078125 48483.500000 0.000000

164109.968750 7057.084961 0.000000
138378.000000 48588.519531 0.000000

163754.343750 6549.799805 0.000000
138849.125000 48689.976562 0.000000

163388.109375 6060.479492 0.000000
139322.375000 48787.839844 0.000000

163011.671875 5589.275391 0.000000
139797.656250 48882.082031 0.000000

162625.437500 5136.331543 0.000000
140274.906250 48972.671875 0.000000

162229.828125 4701.785156 0.000000
140754.031250 49059.582031 0.000000

161825.250000 4285.767578 0.000000
141234.953125 49142.785156 0.000000

161412.109375 3888.403320 0.000000
141717.578125 49222.257812 0.000000

160990.812500 3509.810547 0.000000
142201.843750 49297.976562 0.000000

160561.765625 3150.101562 0.000000
142687.656250 49369.917969 0.000000

160125.375000 2809.382324 0.000000
143174.937500 49438.062500 0.000000

159682.046875 2487.753174 0.000000
143663.609375 49502.386719 0.000000

159232.171875 2185.308838 0.000000
144153.578125 49562.875000 0.000000

158776.171875 1902.138550 0.000000
144644.781250 49619.507812 0.000000

158314.437500 1638.325806 0.000000
145137.125000 49672.269531 0.000000

157847.375000 1393.948975 0.000000
145630.531250 49721.144531 0.000000

157375.375000 1169.081055 0.000000
146124.937500 49766.117188 0.000000

156898.843750 963.789856 0.000000
146620.250000 49807.175781 0.000000

156418.187500 778.138123 0.000000
147116.375000 49844.304688 0.000000

155933.796875 612.183594 0.000000
147613.250000 49877.496094 0.000000

155446.062500 465.978973 0.000000
148110.796875 49906.738281 0.000000

154955.390625 339.572083 0.000000
148608.937500 49932.019531 0.000000

154462.187500 233.005890 0.000000
149107.578125 49953.332031 0.000000

153966.843750 146.318497 0.000000
149606.640625 49970.667969 0.000000

153469.750000 79.543198 0.000000
150106.062500 49984.023438 0.000000

152971.312500 32.708496 0.000000
150605.750000 49993.390625 0.000000

152471.937500 5.838110 0.000000
151105.625000 49998.765625 0.000000

151972.015625 -1.049013 0.000000
151605.609375 50000.144531 0.000000

151471.937500 12.061295 0.000000
152105.625000 49997.523438 0.000000

150972.109375 45.178413 0.000000
152605.593750 49990.898438 0.000000

150472.937500 98.306915 0.000000
153105.421875 49980.273438 0.000000

149974.828125 171.446533 0.000000
153605.046875 49965.644531 0.000000

149478.171875 264.592102 0.000000
154104.375000 49947.015625 0.000000

148983.375000 377.733551 0.000000
154603.328125 49924.386719 0.000000

148490.843750 510.855835 0.000000
155101.828125 49897.761719 0.000000

148000.984375 663.938843 0.000000
155599.796875 49867.144531 0.000000

147514.218750 836.957397 0.000000
156097.156250 49832.539062 0.000000

147030.937500 1029.881104 0.000000
156593.812500 49793.953125 0.000000

146551.546875 1242.674316 0.000000
157089.687500 49751.394531 0.000000

146076.468750 1475.296021 0.000000
157584.703125 49704.871094 0.000000

145606.109375 1727.699707 0.000000
158078.781250 49654.390625 0.000000

145140.875000 1999.833252 0.000000
158571.828125 49599.964844 0.000000

144681.203125 2291.638916 0.000000
159063.765625 49541.605469 0.000000

144227.500000 2603.052979 0.000000
159554.500000 49479.324219 0.000000

143780.187500 2934.005859 0.000000
160043.968750 49413.132812 0.000000

143339.671875 3284.421631 0.000000
160532.078125 49343.050781 0.000000

142906.390625 3654.218262 0.000000
161018.734375 49269.089844 0.000000

142480.781250 4043.307129 0.000000
161503.859375 49191.273438 0.000000

142063.250000 4451.592773 0.000000
161987.359375 49109.617188 0.000000

141654.250000 4878.973633 0.000000
162469.156250 49024.140625 0.000000

141254.203125 5325.339844 0.000000
162949.171875 48934.867188 0.000000

140863.531250 5790.575195 0.000000
163427.312500 48841.820312 0.000000

140482.687500 6274.555664 0.000000
163903.484375 48745.023438 0.000000

140112.109375 6777.149414 0.000000
164377.593750 48644.503906 0.000000

139752.234375 7298.216797 0.000000
164849.562500 48540.289062 0.000000

139403.515625 7837.609863 0.000000
165319.312500 48432.410156 0.000000

139066.390625 8395.171875 0.000000
165786.734375 48320.898438 0.000000

138741.312500 8970.737305 0.000000
166251.750000 48205.785156 0.000000

138428.750000 9564.131836 0.000000
166714.265625 48087.105469 0.000000

138129.140625 10175.170898 0.000000
167174.187500 47964.898438 0.000000

137842.937500 10803.661133 0.000000
167631.421875 47839.199219 0.000000

137570.609375 11449.398438 0.000000
168085.890625 47710.050781 0.000000

137312.609375 12112.168945 0.000000
168537.484375 47577.496094 0.000000

137069.406250 12791.747070 0.000000
168986.125000 47441.582031 0.000000

136841.468750 13487.896484 0.000000
169431.718750 47302.351562 0.000000

136629.265625 14200.369141 0.000000
169874.156250 47159.855469 0.000000

136433.265625 14928.904297 0.000000
170313.359375 47014.148438 0.000000

136253.937500 15673.229492 0.000000
170749.218750 46865.285156 0.000000

136091.765625 16433.060547 0.000000
171181.656250 46713.320312 0.000000

135947.203125 17208.097656 0.000000
171610.562500 46558.312500 0.000000

135820.750000 17998.027344 0.000000
172035.859375 46400.328125 0.000000

135712.859375 18802.523438 0.000000
172457.437500 46239.429688 0.000000

135624.031250 19621.246094 0.000000
172875.203125 46075.683594 0.000000

135554.718750 20453.835938 0.000000
173289.062500 45909.164062 0.000000

135505.421875 21299.921875 0.000000
173698.921875 45739.945312 0.000000

135476.609375 22159.117188 0.000000
174104.687500 45568.105469 0.000000

135468.750000 23031.013672 0.000000
174506.265625 45393.726562 0.000000

135482.328125 23915.189453 0.000000
174903.546875 45216.890625 0.000000

135517.812500 24811.203125 0.000000
175296.453125 45037.687500 0.000000

135575.687500 25718.597656 0.000000
175684.875000 44856.207031 0.000000

135656.406250 26636.894531 0.000000
176068.734375 44672.546875 0.000000

135760.437500 27565.595703 0.000000
176447.921875 44486.804688 0.000000

135888.250000 28504.183594 0.000000
176822.359375 44299.085938 0.000000

136040.281250 29452.123047 0.000000
177191.953125 44109.496094 0.000000

136217.000000 30408.853516 0.000000
177556.609375 43918.148438 0.000000

136418.843750 31373.794922 0.000000
177916.234375 43725.160156 0.000000

136646.250000 32346.345703 0.000000
178270.750000 43530.648438 0.000000

136899.656250 33325.878906 0.000000
178620.062500 43334.742188 0.000000

137179.468750 34311.750000 0.000000
178964.093750 43137.566406 0.000000

137486.109375 35303.285156 0.000000
179302.765625 42939.257812 0.000000

137819.968750 36299.792969 0.000000
179636.000000 42739.957031 0.000000

138181.437500 37300.550781 0.000000
179963.703125 42539.804688 0.000000

138570.890625 38304.820312 0.000000
180285.812500 42338.949219 0.000000

138988.671875 39311.828125 0.000000
180602.250000 42137.546875 0.000000

139435.125000 40320.781250 0.000000
180912.953125 41935.753906 0.000000

139910.578125 41330.863281 0.000000
181217.859375 41733.738281 0.000000

140415.328125 42341.234375 0.000000
181516.906250 41531.664062 0.000000

140949.656250 43351.019531 0.000000
181810.046875 41329.707031 0.000000

141513.828125 44359.332031 0.000000
182097.218750 41128.042969 0.000000

142108.078125 45365.250000 0.000000
182378.375000 40926.859375 0.000000

142732.593750 46367.828125 0.000000
182653.468750 40726.343750 0.000000

143387.578125 47366.101562 0.000000
182922.468750 40526.687500 0.000000

144073.156250 48359.082031 0.000000
183185.359375 40328.089844 0.000000

144789.468750 49345.753906 0.000000
183442.093750 40130.753906 0.000000

145536.578125 50325.082031 0.000000
183692.671875 39934.886719 0.000000

146314.531250 51296.011719 0.000000
183937.078125 39740.699219 0.000000

147123.343750 52257.464844 0.000000
184175.312500 39548.410156 0.000000

147962.984375 53208.343750 0.000000
184407.390625 39358.234375 0.000000

148833.375000 54147.535156 0.000000
184633.312500 39170.394531 0.000000

149734.390625 55073.914062 0.000000
184853.109375 38985.117188 0.000000

150665.875000 55986.335938 0.000000
185066.812500 38802.632812 0.000000

151627.609375 56883.648438 0.000000
185274.468750 38623.171875 0.000000

152619.328125 57764.687500 0.000000
185476.125000 38446.964844 0.000000

153640.718750 58628.281250 0.000000
185671.843750 38274.246094 0.000000

154691.406250 59473.257812 0.000000
185861.703125 38105.250000 0.000000

155770.968750 60298.441406 0.000000
186045.796875 37940.214844 0.000000

156878.921875 61102.652344 0.000000
186224.203125 37779.371094 0.000000

158014.734375 61884.722656 0.000000
186397.046875 37622.957031 0.000000

159177.812500 62643.492188 0.000000
186564.437500 37471.203125 0.000000

160367.484375 63377.804688 0.000000
186726.500000 37324.339844 0.000000

161583.046875 64086.531250 0.000000
186883.390625 37182.593750 0.000000

162823.734375 64768.550781 0.000000
187035.250000 37046.191406 0.000000

164088.687500 65422.773438 0.000000
187182.265625 36915.347656 0.000000

165377.031250 66048.132812 0.000000
187324.593750 36790.277344 0.000000

166687.796875 66643.593750 0.000000
187462.437500 36671.187500 0.000000

168019.984375 67208.148438 0.000000
187596.000000 36558.277344 0.000000

169372.515625 67740.843750 0.000000
187725.500000 36451.738281 0.000000

170744.281250 68240.765625 0.000000
187851.140625 36351.753906 0.000000

172134.093750 68707.039062 0.000000
187973.171875 36258.500000 0.000000

173540.734375 69138.851562 0.000000
188091.843750 36172.136719 0.000000

174962.921875 69535.437500 0.000000
188207.406250 36092.820312 0.000000

176399.328125 69896.093750 0.000000
188320.125000 36020.687500 0.000000

177848.609375 70220.179688 0.000000
188430.265625 35955.871094 0.000000

179309.359375 70507.117188 0.000000
188538.109375 35898.484375 0.000000

180780.156250 70756.398438 0.000000
188643.953125 35848.628906 0.000000

182259.531250 70967.585938 0.000000
188748.078125 35806.390625 0.000000

183746.000000 71140.304688 0.000000
188850.781250 35771.847656 0.000000

185238.062500 71274.273438 0.000000
188952.375000 35745.054688 0.000000

186734.203125 71369.273438 0.000000
189053.140625 35726.054688 0.000000

188232.890625 71425.164062 0.000000
189153.406250 35714.875000 0.000000

189732.593750 71441.882812 0.000000
189253.468750 35711.531250 0.000000

191231.765625 71419.453125 0.000000
189353.640625 35716.019531 0.000000

192728.875000 71357.960938 0.000000
189454.218750 35728.316406 0.000000

194222.421875 71257.578125 0.000000
189555.515625 35748.394531 0.000000

195710.890625 71118.546875 0.000000
189657.828125 35776.203125 0.000000

197192.781250 70941.179688 0.000000
189761.453125 35811.675781 0.000000

198666.656250 70725.875000 0.000000
189866.671875 35854.738281 0.000000

200131.062500 70473.085938 0.000000
189973.796875 35905.296875 0.000000

201584.609375 70183.343750 0.000000
190083.093750 35963.246094 0.000000

203025.937500 69857.234375 0.000000
190194.828125 36028.468750 0.000000

204453.718750 69495.414062 0.000000
190309.265625 36100.832031 0.000000

205866.671875 69098.585938 0.000000
190426.671875 36180.199219 0.000000

207263.562500 68667.515625 0.000000
190547.296875 36266.414062 0.000000

208643.218750 68203.015625 0.000000
190671.359375 36359.312500 0.000000

210004.484375 67705.953125 0.000000
190799.109375 36458.726562 0.000000

211346.296875 67177.226562 0.000000
190930.750000 36564.472656 0.000000

212667.609375 66617.773438 0.000000
191066.484375 36676.363281 0.000000

213967.468750 66028.570312 0.000000
191206.515625 36794.203125 0.000000

215244.953125 65410.628906 0.000000
191351.015625 36917.792969 0.000000

216499.203125 64764.980469 0.000000
191500.171875 37046.921875 0.000000

217729.421875 64092.683594 0.000000
191654.125000 37181.382812 0.000000

218934.859375 63394.812500 0.000000
191813.031250 37320.957031 0.000000

220114.828125 62672.460938 0.000000
191977.031250 37465.425781 0.000000

221268.703125 61926.730469 0.000000
192146.250000 37614.570312 0.000000

222395.906250 61158.734375 0.000000
192320.812500 37768.167969 0.000000

223495.921875 60369.593750 0.000000
192500.812500 37925.996094 0.000000

224568.281250 59560.429688 0.000000
192686.343750 38087.828125 0.000000

225612.578125 58732.359375 0.000000
192877.484375 38253.441406 0.000000

226628.437500 57886.503906 0.000000
193074.312500 38422.613281 0.000000

227615.562500 57023.976562 0.000000
193276.890625 38595.117188 0.000000

228573.671875 56145.878906 0.000000
193485.265625 38770.738281 0.000000

229502.546875 55253.308594 0.000000
193699.484375 38949.253906 0.000000

230402.031250 54347.351562 0.000000
193919.593750 39130.445312 0.000000

231271.984375 53429.074219 0.000000
194145.609375 39314.101562 0.000000

232112.312500 52499.535156 0.000000
194377.546875 39500.007812 0.000000

232922.953125 51559.773438 0.000000
194615.421875 39687.960938 0.000000

233703.906250 50610.808594 0.000000
194859.234375 39877.753906 0.000000

234455.187500 49653.644531 0.000000
195108.984375 40069.187500 0.000000

235176.843750 48689.265625 0.000000
195364.656250 40262.062500 0.000000

235868.968750 47718.632812 0.000000
195626.234375 40456.187500 0.000000

236531.656250 46742.691406 0.000000
195893.703125 40651.375000 0.000000

237165.062500 45762.359375 0.000000
196167.015625 40847.441406 0.000000

237769.359375 44778.535156 0.000000
196446.156250 41044.207031 0.000000

238344.718750 43792.097656 0.000000
196731.078125 41241.496094 0.000000

238891.375000 42803.902344 0.000000
197021.750000 41439.136719 0.000000

239409.546875 41814.777344 0.000000
197318.109375 41636.960938 0.000000

239899.500000 40825.531250 0.000000
197620.125000 41834.808594 0.000000

240361.515625 39836.953125 0.000000
197927.718750 42032.523438 0.000000

240795.875000 38849.808594 0.000000
198240.843750 42229.953125 0.000000

241202.875000 37864.835938 0.000000
198559.437500 42426.949219 0.000000

241582.843750 36882.753906 0.000000
198883.437500 42623.367188 0.000000

241936.125000 35904.261719 0.000000
199212.781250 42819.066406 0.000000

242263.046875 34930.035156 0.000000
199547.390625 43013.910156 0.000000

242563.984375 33960.726562 0.000000
199887.203125 43207.773438 0.000000

242839.281250 32996.972656 0.000000
200232.140625 43400.523438 0.000000

243089.328125 32039.382812 0.000000
200582.125000 43592.042969 0.000000

243314.515625 31088.550781 0.000000
200937.093750 43782.210938 0.000000

243515.218750 30145.050781 0.000000
201296.953125 43970.910156 0.000000

243691.859375 29209.435547 0.000000
201661.625000 44158.035156 0.000000

243844.812500 28282.240234 0.000000
202031.031250 44343.472656 0.000000

243974.515625 27363.980469 0.000000
202405.093750 44527.125000 0.000000

244081.359375 26455.154297 0.000000
202783.718750 44708.890625 0.000000

244165.781250 25556.244141 0.000000
203166.828125 44888.671875 0.000000

244228.187500 24667.712891 0.000000
203554.343750 45066.378906 0.000000

244269.000000 23790.007812 0.000000
203946.187500 45241.921875 0.000000

244288.656250 22923.558594 0.000000
204342.250000 45415.210938 0.000000

244287.578125 22068.783203 0.000000
204742.468750 45586.167969 0.000000

244266.203125 21226.080078 0.000000
205146.750000 45754.707031 0.000000

244224.953125 20395.835938 0.000000
205555.000000 45920.757812 0.000000

244164.265625 19578.421875 0.000000
205967.140625 46084.242188 0.000000

244084.578125 18774.193359 0.000000
206383.078125 46245.085938 0.000000

243986.328125 17983.496094 0.000000
206802.734375 46403.226562 0.000000

243869.937500 17206.662109 0.000000
207226.015625 46558.593750 0.000000

243735.843750 16444.007812 0.000000
207652.828125 46711.125000 0.000000

243584.484375 15695.840820 0.000000
208083.093750 46860.757812 0.000000

243416.281250 14962.455078 0.000000
208516.734375 47007.433594 0.000000

243231.671875 14244.133789 0.000000
208953.656250 47151.097656 0.000000

243031.078125 13541.148438 0.000000
209393.781250 47291.695312 0.000000

242814.953125 12853.760742 0.000000
209837.000000 47429.171875 0.000000

242583.703125 12182.220703 0.000000
210283.250000 47563.480469 0.000000

242337.765625 11526.769531 0.000000
210732.437500 47694.570312 0.000000

242077.562500 10887.638672 0.000000
211184.484375 47822.394531 0.000000

241803.531250 10265.049805 0.000000
211639.296875 47946.914062 0.000000

241516.093750 9659.214844 0.000000
212096.781250 48068.082031 0.000000

241215.656250 9070.337891 0.000000
212556.875000 48185.855469 0.000000

240902.656250 8498.614258 0.000000
213019.468750 48300.199219 0.000000

240577.515625 7944.230469 0.000000
213484.500000 48411.074219 0.000000

240240.640625 7407.365723 0.000000
213951.875000 48518.445312 0.000000

239892.453125 6888.190918 0.000000
214421.515625 48622.281250 0.000000

239533.375000 6386.869629 0.000000
214893.328125 48722.546875 0.000000

239163.812500 5903.558105 0.000000
215367.234375 48819.210938 0.000000

238784.171875 5438.405762 0.000000
215843.156250 48912.242188 0.000000

238394.875000 4991.554688 0.000000
216321.015625 49001.613281 0.000000

237996.328125 4563.140625 0.000000
216800.718750 49087.296875 0.000000

237588.953125 4153.291992 0.000000
217282.187500 49169.265625 0.000000

237173.140625 3762.131836 0.000000
217765.343750 49247.496094 0.000000

236749.312500 3389.776611 0.000000
218250.109375 49321.968750 0.000000

236317.859375 3036.336426 0.000000
218736.406250 49392.656250 0.000000

235879.187500 2701.916016 0.000000
219224.140625 49459.539062 0.000000

235433.718750 2386.613770 0.000000
219713.234375 49522.597656 0.000000

234981.843750 2090.522949 0.000000
220203.609375 49581.816406 0.000000

234523.953125 1813.730957 0.000000
220695.187500 49637.175781 0.000000

234060.468750 1556.320068 0.000000
221187.890625 49688.656250 0.000000

233591.765625 1318.366943 0.000000
221681.625000 49736.246094 0.000000

233118.265625 1099.943115 0.000000
222176.328125 49779.929688 0.000000

232640.359375 901.114929 0.000000
222671.906250 49819.695312 0.000000

232158.453125 721.943787 0.000000
223168.281250 49855.531250 0.000000

231672.937500 562.485962 0.000000
223665.390625 49887.421875 0.000000

231184.218750 422.792847 0.000000
224163.140625 49915.359375 0.000000

230692.687500 302.910919 0.000000
224661.453125 49939.335938 0.000000

230198.734375 202.881775 0.000000
225160.250000 49959.339844 0.000000

229702.765625 122.742180 0.000000
225659.437500 49975.367188 0.000000

229205.187500 62.524117 0.000000
226158.953125 49987.410156 0.000000

228706.390625 22.254776 0.000000
226658.718750 49995.464844 0.000000

228206.781250 1.956568 0.000000
227158.640625 49999.523438 0.000000

227706.750000 1.647127 0.000000
227658.640625 49999.585938 0.000000

227206.703125 21.339308 0.000000
228158.656250 49995.648438 0.000000

226707.031250 61.041161 0.000000
228658.593750 49987.707031 0.000000

226208.140625 120.755936 0.000000
229158.375000 49975.765625 0.000000

225710.437500 200.481995 0.000000
229657.921875 49959.820312 0.000000

225214.312500 300.212830 0.000000
230157.140625 49939.875000 0.000000

224720.187500 419.937012 0.000000
230655.968750 49915.929688 0.000000

224228.453125 559.638062 0.000000
231154.312500 49887.988281 0.000000

223739.531250 719.294495 0.000000
231652.093750 49856.058594 0.000000

223253.812500 898.879639 0.000000
232149.234375 49820.140625 0.000000

222771.703125 1098.361694 0.000000
232645.656250 49780.246094 0.000000

222293.625000 1317.703369 0.000000
233141.265625 49736.378906 0.000000

221819.984375 1556.862183 0.000000
233636.000000 49688.546875 0.000000

221351.203125 1815.790039 0.000000
234129.750000 49636.761719 0.000000

220887.687500 2094.433105 0.000000
234622.453125 49581.031250 0.000000

220429.859375 2392.731934 0.000000
235114.015625 49521.371094 0.000000

219978.140625 2710.621094 0.000000
235604.359375 49457.792969 0.000000

219532.937500 3048.029297 0.000000
236093.406250 49390.312500 0.000000

219094.687500 3404.878906 0.000000
236581.062500 49318.941406 0.000000

218663.812500 3781.085693 0.000000
237067.234375 49243.699219 0.000000

218240.734375 4176.559082 0.000000
237551.843750 49164.605469 0.000000

217825.875000 4591.201660 0.000000
238034.812500 49081.675781 0.000000

217419.687500 5024.909668 0.000000
238516.046875 48994.933594 0.000000

217022.593750 5477.571289 0.000000
238995.468750 48904.402344 0.000000

216635.031250 5949.067871 0.000000
239472.984375 48810.101562 0.000000

216257.437500 6439.272949 0.000000
239948.500000 48712.058594 0.000000

215890.250000 6948.052246 0.000000
240421.937500 48610.300781 0.000000

215533.906250 7475.263672 0.000000
240893.203125 48504.859375 0.000000

215188.875000 8020.756348 0.000000
241362.203125 48395.761719 0.000000

214855.578125 8584.371094 0.000000
241828.859375 48283.039062 0.000000

214534.484375 9165.939453 0.000000
242293.078125 48166.726562 0.000000

214226.046875 9765.283203 0.000000
242754.765625 48046.859375 0.000000

213930.718750 10382.215820 0.000000
243213.828125 47923.472656 0.000000

213648.953125 11016.541016 0.000000
243670.187500 47796.609375 0.000000

213381.218750 11668.050781 0.000000
244123.734375 47666.308594 0.000000

213127.968750 12336.526367 0.000000
244574.390625 47532.613281 0.000000

212889.671875 13021.740234 0.000000
245022.046875 47395.570312 0.000000

212666.796875 13723.451172 0.000000
245466.625000 47255.226562 0.000000

212459.812500 14441.408203 0.000000
245908.015625 47111.636719 0.000000

212269.187500 15175.345703 0.000000
246346.140625 46964.847656 0.000000

212095.406250 15924.988281 0.000000
246780.890625 46814.917969 0.000000

211938.921875 16690.044922 0.000000
247212.187500 46661.906250 0.000000

211800.234375 17470.212891 0.000000
247639.921875 46505.871094 0.000000

211679.796875 18265.173828 0.000000
248064.015625 46346.878906 0.000000

211578.109375 19074.597656 0.000000
248484.359375 46184.992188 0.000000

211495.625000 19898.136719 0.000000
248900.859375 46020.285156 0.000000

211432.843750 20735.429688 0.000000
249313.421875 45852.828125 0.000000

211390.234375 21586.097656 0.000000
249721.937500 45682.695312 0.000000

211368.265625 22449.746094 0.000000
250126.328125 45509.964844 0.000000

211367.421875 23325.964844 0.000000
250526.500000 45334.722656 0.000000

211388.187500 24214.324219 0.000000
250922.343750 45157.050781 0.000000

211431.031250 25114.376953 0.000000
251313.781250 44977.039062 0.000000

211496.421875 26025.658203 0.000000
251700.703125 44794.781250 0.000000

211584.812500 26947.683594 0.000000
252083.031250 44610.375000 0.000000

211696.687500 27879.947266 0.000000
252460.656250 44423.921875 0.000000

211832.500000 28821.927734 0.000000
252833.500000 44235.527344 0.000000

211992.703125 29773.078125 0.000000
253201.453125 44045.296875 0.000000

212177.750000 30732.832031 0.000000
253564.437500 43853.347656 0.000000

212388.078125 31700.601562 0.000000
253922.375000 43659.792969 0.000000

212624.125000 32675.777344 0.000000
254275.171875 43464.757812 0.000000

212886.328125 33657.726562 0.000000
254622.734375 43268.367188 0.000000

213175.093750 34645.792969 0.000000
254964.984375 43070.753906 0.000000

213490.828125 35639.296875 0.000000
255301.843750 42872.054688 0.000000

213833.921875 36637.531250 0.000000
255633.218750 42672.406250 0.000000

214204.765625 37639.773438 0.000000
255959.046875 42471.957031 0.000000

214603.718750 38645.269531 0.000000
256279.250000 42270.859375 0.000000

215031.140625 39653.242188 0.000000
256593.765625 42069.265625 0.000000

215487.359375 40662.886719 0.000000
256902.515625 41867.335938 0.000000

215972.687500 41673.378906 0.000000
257205.453125 41665.238281 0.000000

216487.421875 42683.863281 0.000000
257502.500000 41463.140625 0.000000

217031.843750 43693.464844 0.000000
257793.609375 41261.218750 0.000000

217606.203125 44701.281250 0.000000
258078.734375 41059.656250 0.000000

218210.718750 45706.382812 0.000000
258357.828125 40858.636719 0.000000

218845.593750 46707.820312 0.000000
258630.859375 40658.347656 0.000000

219510.984375 47704.617188 0.000000
258897.781250 40458.988281 0.000000

220207.031250 48695.773438 0.000000
259158.578125 40260.757812 0.000000

220933.843750 49680.265625 0.000000
259413.218750 40063.859375 0.000000

221691.500000 50657.054688 0.000000
259661.687500 39868.500000 0.000000

222480.015625 51625.070312 0.000000
259903.984375 39674.898438 0.000000

223299.406250 52583.234375 0.000000
260140.109375 39483.265625 0.000000

224149.609375 53530.441406 0.000000
260370.062500 39293.824219 0.000000

225030.531250 54465.570312 0.000000
260593.875000 39106.796875 0.000000

225942.046875 55387.488281 0.000000
260811.578125 38922.414062 0.000000

226883.968750 56295.050781 0.000000
261023.187500 38740.902344 0.000000

227856.062500 57187.097656 0.000000
261228.765625 38562.492188 0.000000

228858.046875 58062.460938 0.000000
261428.375000 38387.417969 0.000000

229889.593750 58919.968750 0.000000
261622.062500 38215.917969 0.000000

230950.296875 59758.445312 0.000000
261809.921875 38048.222656 0.000000

232039.734375 60576.714844 0.000000
261992.031250 37884.570312 0.000000

233157.390625 61373.601562 0.000000
262168.500000 37725.191406 0.000000

234302.718750 62147.937500 0.000000
262339.437500 37570.324219 0.000000

235475.093750 62898.562500 0.000000
262504.968750 37420.199219 0.000000

236673.828125 63624.332031 0.000000
262665.218750 37275.046875 0.000000

237898.203125 64324.117188 0.000000
262820.343750 37135.089844 0.000000

239147.406250 64996.804688 0.000000
262970.500000 37000.550781 0.000000

240420.593750 65641.312500 0.000000
263115.875000 36871.648438 0.000000

241716.843750 66256.585938 0.000000
263256.625000 36748.593750 0.000000

243035.187500 66841.601562 0.000000
263392.968750 36631.589844 0.000000

244374.578125 67395.375000 0.000000
263525.093750 36520.835938 0.000000

245733.937500 67916.953125 0.000000
263653.218750 36416.519531 0.000000

247112.125000 68405.445312 0.000000
263777.593750 36318.820312 0.000000

248507.937500 68859.992188 0.000000
263898.437500 36227.910156 0.000000

249920.140625 69279.804688 0.000000
264016.000000 36143.949219 0.000000

251347.437500 69664.132812 0.000000
264130.531250 36067.082031 0.000000

252788.484375 70012.296875 0.000000
264242.312500 35997.449219 0.000000

254241.921875 70323.671875 0.000000
264351.625000 35935.175781 0.000000

255706.343750 70597.710938 0.000000
264458.750000 35880.367188 0.000000

257180.296875 70833.929688 0.000000
264563.968750 35833.125000 0.000000

258662.312500 71031.914062 0.000000
264667.562500 35793.527344 0.000000

260150.906250 71191.328125 0.000000
264769.843750 35761.644531 0.000000

261644.562500 71311.898438 0.000000
264871.125000 35737.531250 0.000000

263141.750000 71393.445312 0.000000
264971.687500 35721.222656 0.000000

264640.937500 71435.851562 0.000000
265071.843750 35712.742188 0.000000

266140.593750 71439.085938 0.000000
265171.906250 35712.093750 0.000000

267639.218750 71403.195312 0.000000
265272.187500 35719.273438 0.000000

269135.250000 71328.296875 0.000000
265372.968750 35734.253906 0.000000

270627.156250 71214.578125 0.000000
265474.593750 35756.996094 0.000000

272113.468750 71062.320312 0.000000
265577.343750 35787.449219 0.000000

273592.718750 70871.867188 0.000000
265681.500000 35825.539062 0.000000

275063.437500 70643.625000 0.000000
265787.343750 35871.187500 0.000000

276524.187500 70378.085938 0.000000
265895.187500 35924.296875 0.000000

277973.625000 70075.796875 0.000000
266005.312500 35984.753906 0.000000

279410.375000 69737.367188 0.000000
266117.968750 36052.441406 0.000000

280833.125000 69363.468750 0.000000
266233.406250 36127.222656 0.000000

282240.593750 68954.835938 0.000000
266351.906250 36208.949219 0.000000

283631.593750 68512.242188 0.000000
266473.718750 36297.468750 0.000000

285004.968750 68036.523438 0.000000
266599.031250 36392.613281 0.000000

286359.562500 67528.554688 0.000000
266728.125000 36494.207031 0.000000

287694.343750 66989.250000 0.000000
266861.156250 36602.066406 0.000000

289008.281250 66419.562500 0.000000
266998.375000 36716.003906 0.000000

290300.468750 65820.484375 0.000000
267139.937500 36835.820312 0.000000

291569.968750 65193.027344 0.000000
267286.031250 36961.312500 0.000000

292815.968750 64538.234375 0.000000
267436.843750 37092.269531 0.000000

294037.656250 63857.171875 0.000000
267592.500000 37228.480469 0.000000

295234.343750 63150.921875 0.000000
267753.156250 37369.730469 0.000000

296405.343750 62420.578125 0.000000
267918.968750 37515.800781 0.000000

297550.062500 61667.246094 0.000000
268090.031250 37666.468750 0.000000

298667.906250 60892.042969 0.000000
268266.468750 37821.507812 0.000000

299758.406250 60096.089844 0.000000
268448.375000 37980.699219 0.000000

300821.125000 59280.503906 0.000000
268635.843750 38143.816406 0.000000

301855.656250 58446.406250 0.000000
268828.937500 38310.636719 0.000000

302861.656250 57594.914062 0.000000
269027.750000 38480.933594 0.000000

303838.812500 56727.132812 0.000000
269232.312500 38654.488281 0.000000

304786.906250 55844.167969 0.000000
269442.687500 38831.082031 0.000000

305705.718750 54947.109375 0.000000
269658.937500 39010.492188 0.000000

306595.093750 54037.035156 0.000000
269881.062500 39192.507812 0.000000

307454.906250 53115.011719 0.000000
270109.093750 39376.914062 0.000000

308285.093750 52182.085938 0.000000
270343.062500 39563.500000 0.000000

309085.593750 51239.289062 0.000000
270582.968750 39752.058594 0.000000

309856.406250 50287.636719 0.000000
270828.812500 39942.386719 0.000000

310597.593750 49328.128906 0.000000
271080.562500 40134.289062 0.000000

311309.187500 48361.738281 0.000000
271338.250000 40327.566406 0.000000

311991.281250 47389.417969 0.000000
271601.843750 40522.031250 0.000000

312644.031250 46412.105469 0.000000
271871.281250 40717.492188 0.000000

313267.562500 45430.710938 0.000000
272146.562500 40913.769531 0.000000

313862.031250 44446.125000 0.000000
272427.656250 41110.687500 0.000000

314427.656250 43459.218750 0.000000
272714.531250 41308.070312 0.000000

314964.656250 42470.835938 0.000000
273007.125000 41505.746094 0.000000

315473.281250 41481.800781 0.000000
273305.406250 41703.554688 0.000000

315953.781250 40492.914062 0.000000
273609.312500 41901.332031 0.000000

316406.468750 39504.953125 0.000000
273918.781250 42098.925781 0.000000

316831.593750 38518.671875 0.000000
274233.750000 42296.179688 0.000000

317229.500000 37534.808594 0.000000
274554.156250 42492.953125 0.000000

317600.500000 36554.070312 0.000000
274879.968750 42689.101562 0.000000

317944.906250 35577.148438 0.000000
275211.093750 42884.484375 0.000000

318263.093750 34604.710938 0.000000
275547.468750 43078.972656 0.000000

318555.437500 33637.402344 0.000000
275889.000000 43272.433594 0.000000

318822.281250 32675.851562 0.000000
276235.625000 43464.742188 0.000000

319064.000000 31720.662109 0.000000
276587.281250 43655.781250 0.000000

319281.000000 30772.419922 0.000000
276943.875000 43845.429688 0.000000

319473.687500 29831.691406 0.000000
277305.343750 44033.574219 0.000000

319642.437500 28899.023438 0.000000
277671.593750 44220.109375 0.000000

319787.656250 27974.945312 0.000000
278042.562500 44404.925781 0.000000

319909.750000 27059.964844 0.000000
278418.156250 44587.921875 0.000000

320009.156250 26154.574219 0.000000
278798.281250 44769.000000 0.000000

320086.250000 25259.250000 0.000000
279182.875000 44948.066406 0.000000

320141.500000 24374.449219 0.000000
279571.812500 45125.027344 0.000000

320175.312500 23500.613281 0.000000
279965.062500 45299.792969 0.000000

320188.093750 22638.167969 0.000000
280362.500000 45472.281250 0.000000

320180.312500 21787.523438 0.000000
280764.062500 45642.410156 0.000000

320152.375000 20949.074219 0.000000
281169.656250 45810.101562 0.000000

320104.718750 20123.201172 0.000000
281579.187500 45975.277344 0.000000

320037.781250 19310.271484 0.000000
281992.562500 46137.863281 0.000000

319951.968750 18510.638672 0.000000
282409.718750 46297.789062 0.000000

319847.750000 17724.640625 0.000000
282830.562500 46454.988281 0.000000

319725.531250 16952.605469 0.000000
283255.000000 46609.394531 0.000000

319585.750000 16194.845703 0.000000
283682.968750 46760.945312 0.000000

319428.843750 15451.665039 0.000000
284114.343750 46909.582031 0.000000

319255.250000 14723.353516 0.000000
284549.062500 47055.246094 0.000000

319065.406250 14010.189453 0.000000
284987.031250 47197.878906 0.000000

318859.718750 13312.442383 0.000000
285428.156250 47337.429688 0.000000

318638.656250 12630.370117 0.000000
285872.375000 47473.843750 0.000000

318402.593750 11964.219727 0.000000
286319.593750 47607.074219 0.000000

318152.000000 11314.228516 0.000000
286769.718750 47737.074219 0.000000

317887.281250 10680.625000 0.000000
287222.656250 47863.792969 0.000000

317608.875000 10063.626953 0.000000
287678.343750 47987.191406 0.000000

317317.187500 9463.445312 0.000000
288136.687500 48107.226562 0.000000

317012.656250 8880.280273 0.000000
288597.593750 48223.859375 0.000000

316695.687500 8314.325195 0.000000
289061.000000 48337.050781 0.000000

316366.718750 7765.763672 0.000000
289526.781250 48446.761719 0.000000

316026.156250 7234.771973 0.000000
289994.906250 48552.960938 0.000000

315674.406250 6721.519531 0.000000
290465.250000 48655.609375 0.000000

315311.906250 6226.166992 0.000000
290937.750000 48754.679688 0.000000

314939.062500 5748.869141 0.000000
291412.312500 48850.140625 0.000000

314556.281250 5289.772461 0.000000
291888.875000 48941.960938 0.000000

314163.968750 4849.017090 0.000000
292367.343750 49030.113281 0.000000

313762.562500 4426.736816 0.000000
292847.625000 49114.570312 0.000000

313352.437500 4023.058838 0.000000
293329.656250 49195.304688 0.000000

312934.000000 3638.103516 0.000000
293813.343750 49272.296875 0.000000

312507.687500 3271.985840 0.000000
294298.593750 49345.519531 0.000000

312073.875000 2924.814209 0.000000
294785.343750 49414.953125 0.000000

311632.968750 2596.691406 0.000000
295273.531250 49480.578125 0.000000

311185.406250 2287.714355 0.000000
295763.031250 49542.375000 0.000000

310731.562500 1997.974609 0.000000
296253.812500 49600.324219 0.000000

310271.843750 1727.558228 0.000000
296745.750000 49654.406250 0.000000

309806.656250 1476.545654 0.000000
297238.781250 49704.609375 0.000000

309336.375000 1245.012207 0.000000
297732.843750 49750.914062 0.000000

308861.406250 1033.027954 0.000000
298227.843750 49793.312500 0.000000

308382.187500 840.657898 0.000000
298723.687500 49831.785156 0.000000

307899.062500 667.961914 0.000000
299220.312500 49866.324219 0.000000

307412.468750 514.994995 0.000000
299717.625000 49896.917969 0.000000

306922.781250 381.807129 0.000000
300215.562500 49923.554688 0.000000

306430.437500 268.443451 0.000000
300714.031250 49946.226562 0.000000

305935.781250 174.944214 0.000000
301212.968750 49964.925781 0.000000

305439.250000 101.344879 0.000000
301712.281250 49979.644531 0.000000

304941.218750 47.676109 0.000000
302211.875000 49990.378906 0.000000

304442.093750 13.963783 0.000000
302711.687500 49997.121094 0.000000

303942.281250 0.229010 0.000000
303211.656250 49999.867188 0.000000

303442.187500 6.488125 0.000000
303711.687500 49998.613281 0.000000

302942.187500 32.752666 0.000000
304211.687500 49993.359375 0.000000

302442.718750 79.029373 0.000000
304711.593750 49984.105469 0.000000

301944.156250 145.320160 0.000000
305211.312500 49970.847656 0.000000

301446.906250 231.622040 0.000000
305710.750000 49953.585938 0.000000

300951.375000 337.927185 0.000000
306209.843750 49932.324219 0.000000

300457.968750 464.222748 0.000000
306708.531250 49907.066406 0.000000

299967.062500 610.490845 0.000000
307206.718750 49877.812500 0.000000

299479.093750 776.708618 0.000000
307704.312500 49844.570312 0.000000

298994.468750 962.847900 0.000000
308201.250000 49807.343750 0.000000

298513.593750 1168.875366 0.000000
308697.437500 49766.136719 0.000000

298036.875000 1394.752319 0.000000
309192.781250 49720.960938 0.000000

297564.718750 1640.434692 0.000000
309687.218750 49671.824219 0.000000

297097.562500 1905.872681 0.000000
310180.656250 49618.738281 0.000000

296635.812500 2191.010986 0.000000
310673.000000 49561.710938 0.000000

296179.875000 2495.788330 0.000000
311164.187500 49500.753906 0.000000

295730.187500 2820.137695 0.000000
311654.125000 49435.882812 0.000000

295287.156250 3163.985596 0.000000
312142.718750 49367.113281 0.000000

294851.187500 3527.252686 0.000000
312629.906250 49294.460938 0.000000

294422.750000 3909.853027 0.000000
313115.593750 49217.941406 0.000000

294002.250000 4311.693848 0.000000
313599.687500 49137.574219 0.000000

293590.125000 4732.676270 0.000000
314082.125000 49053.378906 0.000000

293186.781250 5172.693359 0.000000
314562.781250 48965.375000 0.000000

292792.687500 5631.631836 0.000000
315041.593750 48873.585938 0.000000

292408.250000 6109.370117 0.000000
315518.468750 48778.039062 0.000000

292033.937500 6605.780273 0.000000
315993.343750 48678.757812 0.000000

291670.187500 7120.724609 0.000000
316466.093750 48575.769531 0.000000

291317.437500 7654.059082 0.000000
316936.656250 48469.101562 0.000000

290976.125000 8205.629883 0.000000
317404.906250 48358.789062 0.000000

290646.718750 8775.274414 0.000000
317870.781250 48244.859375 0.000000

290329.656250 9362.822266 0.000000
318334.187500 48127.351562 0.000000

290025.406250 9968.092773 0.000000
318795.031250 48006.296875 0.000000

289734.406250 10590.894531 0.000000
319253.218750 47881.734375 0.000000

289457.125000 11231.028320 0.000000
319708.687500 47753.707031 0.000000

289194.031250 11888.283203 0.000000
320161.312500 47622.257812 0.000000

288945.562500 12562.437500 0.000000
320611.000000 47487.425781 0.000000

288712.218750 13253.258789 0.000000
321057.656250 47349.261719 0.000000

288494.437500 13960.502930 0.000000
321501.218750 47207.812500 0.000000

288292.718750 14683.914062 0.000000
321941.562500 47063.128906 0.000000

288107.531250 15423.223633 0.000000
322378.593750 46915.265625 0.000000

287939.343750 16178.150391 0.000000
322812.218750 46764.281250 0.000000

287788.625000 16948.400391 0.000000
323242.375000 46610.230469 0.000000

287655.843750 17733.666016 0.000000
323668.937500 46453.175781 0.000000

287541.500000 18533.623047 0.000000
324091.812500 46293.183594 0.000000

287446.031250 19347.937500 0.000000
324510.906250 46130.320312 0.000000

287369.968750 20176.255859 0.000000
324926.125000 45964.656250 0.000000

287313.750000 21018.210938 0.000000
325337.375000 45796.265625 0.000000

287277.875000 21873.417969 0.000000
325744.562500 45625.222656 0.000000

287262.812500 22741.478516 0.000000
326147.562500 45451.609375 0.000000

287269.031250 23621.974609 0.000000
326546.312500 45275.511719 0.000000

287297.031250 24514.470703 0.000000
326940.718750 45097.011719 0.000000

287347.281250 25418.513672 0.000000
327330.656250 44916.203125 0.000000

287420.218750 26333.630859 0.000000
327716.062500 44733.179688 0.000000

287516.343750 27259.332031 0.000000
328096.843750 44548.039062 0.000000

287636.125000 28195.105469 0.000000
328472.875000 44360.882812 0.000000

287780.000000 29140.419922 0.000000
328844.093750 44171.820312 0.000000

287948.437500 30094.722656 0.000000
329210.406250 43980.960938 0.000000

288141.875000 31057.439453 0.000000
329571.718750 43788.417969 0.000000

288360.750000 32027.974609 0.000000
329927.937500 43594.312500 0.000000

288605.500000 33005.710938 0.000000
330279.000000 43398.765625 0.000000

288876.531250 33990.003906 0.000000
330624.781250 43201.906250 0.000000

289174.281250 34980.191406 0.000000
330965.218750 43003.867188 0.000000

289499.156250 35975.585938 0.000000
331300.250000 42804.789062 0.000000

289851.531250 36975.472656 0.000000
331629.781250 42604.812500 0.000000

290231.781250 37979.117188 0.000000
331953.718750 42404.082031 0.000000

290640.281250 38985.757812 0.000000
332272.031250 42202.753906 0.000000

291077.375000 39994.609375 0.000000
332584.625000 42000.984375 0.000000

291543.406250 41004.859375 0.000000
332891.406250 41798.933594 0.000000

292038.656250 42015.667969 0.000000
333192.343750 41596.773438 0.000000

292563.437500 43026.175781 0.000000
333487.375000 41394.671875 0.000000

293118.000000 44035.496094 0.000000
333776.468750 41192.808594 0.000000

293702.562500 45042.718750 0.000000
334059.562500 40991.363281 0.000000

294317.375000 46046.906250 0.000000
334336.593750 40790.527344 0.000000

294962.625000 47047.097656 0.000000
334607.531250 40590.488281 0.000000

295638.468750 48042.304688 0.000000
334872.375000 40391.445312 0.000000

296345.031250 49031.523438 0.000000
335131.062500 40193.601562 0.000000

297082.375000 50013.722656 0.000000
335383.593750 39997.160156 0.000000

297850.593750 50987.851562 0.000000
335629.937500 39802.335938 0.000000

298649.687500 51952.835938 0.000000
335870.125000 39609.339844 0.000000

299479.656250 52907.585938 0.000000
336104.125000 39418.390625 0.000000

300340.406250 53850.992188 0.000000
336331.968750 39229.710938 0.000000

301231.875000 54781.925781 0.000000
336553.687500 39043.523438 0.000000

302153.875000 55699.253906 0.000000
336769.281250 38860.058594 0.000000

303106.218750 56601.820312 0.000000
336978.812500 38679.546875 0.000000

304088.656250 57488.460938 0.000000
337182.312500 38502.218750 0.000000

305100.875000 58358.011719 0.000000
337379.875000 38328.308594 0.000000

306142.562500 59209.292969 0.000000
337571.531250 38158.050781 0.000000

307213.281250 60041.128906 0.000000
337757.375000 37991.683594 0.000000

308312.562500 60852.343750 0.000000
337937.531250 37829.441406 0.000000

309439.875000 61641.761719 0.000000
338112.062500 37671.558594 0.000000

